<?xml version="1.0" encoding="UTF-8"?>
<testsuites>
  <testsuite name="Feature" tests="45" assertions="0" errors="45" failures="0" skipped="0" time="25.382158">
    <testsuite name="Tests\Feature\BooksListTest" file="/var/www/html/Laravel-engineer-Interview/tests/Feature/BookListTest.php" tests="7" assertions="0" errors="7" failures="0" skipped="0" time="5.756137">
      <testcase name="testResponseStructure" class="Tests\Feature\BooksListTest" classname="Tests.Feature.BooksListTest" file="/var/www/html/Laravel-engineer-Interview/tests/Feature/BookListTest.php" line="14" assertions="0" time="2.031611">
        <error type="Illuminate\Database\QueryException">Tests\Feature\BooksListTest::testResponseStructure
Illuminate\Database\QueryException: SQLSTATE[HY000]: General error: 1215 Cannot add foreign key constraint (SQL: alter table `book_author` add constraint `book_author_book_id_foreign` foreign key (`book_id`) references `books` (`id`) on delete cascade)

/var/www/html/Laravel-engineer-Interview/vendor/laravel/framework/src/Illuminate/Database/Connection.php:664
/var/www/html/Laravel-engineer-Interview/vendor/laravel/framework/src/Illuminate/Database/Connection.php:624
/var/www/html/Laravel-engineer-Interview/vendor/laravel/framework/src/Illuminate/Database/Connection.php:459
/var/www/html/Laravel-engineer-Interview/vendor/laravel/framework/src/Illuminate/Database/Schema/Blueprint.php:97
/var/www/html/Laravel-engineer-Interview/vendor/laravel/framework/src/Illuminate/Database/Schema/Builder.php:278
/var/www/html/Laravel-engineer-Interview/vendor/laravel/framework/src/Illuminate/Database/Schema/Builder.php:167
/var/www/html/Laravel-engineer-Interview/vendor/laravel/framework/src/Illuminate/Support/Facades/Facade.php:239
/var/www/html/Laravel-engineer-Interview/database/migrations/2019_05_07_000000_create_books_table.php:35
/var/www/html/Laravel-engineer-Interview/vendor/laravel/framework/src/Illuminate/Database/Migrations/Migrator.php:387
/var/www/html/Laravel-engineer-Interview/vendor/laravel/framework/src/Illuminate/Database/Migrations/Migrator.php:396
/var/www/html/Laravel-engineer-Interview/vendor/laravel/framework/src/Illuminate/Database/Migrations/Migrator.php:197
/var/www/html/Laravel-engineer-Interview/vendor/laravel/framework/src/Illuminate/Database/Migrations/Migrator.php:162
/var/www/html/Laravel-engineer-Interview/vendor/laravel/framework/src/Illuminate/Database/Migrations/Migrator.php:109
/var/www/html/Laravel-engineer-Interview/vendor/laravel/framework/src/Illuminate/Database/Console/Migrations/MigrateCommand.php:71
/var/www/html/Laravel-engineer-Interview/vendor/laravel/framework/src/Illuminate/Container/BoundMethod.php:32
/var/www/html/Laravel-engineer-Interview/vendor/laravel/framework/src/Illuminate/Container/BoundMethod.php:90
/var/www/html/Laravel-engineer-Interview/vendor/laravel/framework/src/Illuminate/Container/BoundMethod.php:34
/var/www/html/Laravel-engineer-Interview/vendor/laravel/framework/src/Illuminate/Container/Container.php:576
/var/www/html/Laravel-engineer-Interview/vendor/laravel/framework/src/Illuminate/Console/Command.php:183
/var/www/html/Laravel-engineer-Interview/vendor/symfony/console/Command/Command.php:255
/var/www/html/Laravel-engineer-Interview/vendor/laravel/framework/src/Illuminate/Console/Command.php:170
/var/www/html/Laravel-engineer-Interview/vendor/laravel/framework/src/Illuminate/Console/Command.php:198
/var/www/html/Laravel-engineer-Interview/vendor/laravel/framework/src/Illuminate/Database/Console/Migrations/FreshCommand.php:61
/var/www/html/Laravel-engineer-Interview/vendor/laravel/framework/src/Illuminate/Container/BoundMethod.php:32
/var/www/html/Laravel-engineer-Interview/vendor/laravel/framework/src/Illuminate/Container/BoundMethod.php:90
/var/www/html/Laravel-engineer-Interview/vendor/laravel/framework/src/Illuminate/Container/BoundMethod.php:34
/var/www/html/Laravel-engineer-Interview/vendor/laravel/framework/src/Illuminate/Container/Container.php:576
/var/www/html/Laravel-engineer-Interview/vendor/laravel/framework/src/Illuminate/Console/Command.php:183
/var/www/html/Laravel-engineer-Interview/vendor/symfony/console/Command/Command.php:255
/var/www/html/Laravel-engineer-Interview/vendor/laravel/framework/src/Illuminate/Console/Command.php:170
/var/www/html/Laravel-engineer-Interview/vendor/symfony/console/Application.php:934
/var/www/html/Laravel-engineer-Interview/vendor/symfony/console/Application.php:273
/var/www/html/Laravel-engineer-Interview/vendor/symfony/console/Application.php:149
/var/www/html/Laravel-engineer-Interview/vendor/laravel/framework/src/Illuminate/Console/Application.php:90
/var/www/html/Laravel-engineer-Interview/vendor/laravel/framework/src/Illuminate/Console/Application.php:182
/var/www/html/Laravel-engineer-Interview/vendor/laravel/framework/src/Illuminate/Foundation/Console/Kernel.php:275
/var/www/html/Laravel-engineer-Interview/vendor/laravel/framework/src/Illuminate/Foundation/Testing/PendingCommand.php:136
/var/www/html/Laravel-engineer-Interview/vendor/laravel/framework/src/Illuminate/Foundation/Testing/PendingCommand.php:220
/var/www/html/Laravel-engineer-Interview/vendor/laravel/framework/src/Illuminate/Foundation/Testing/Concerns/InteractsWithConsole.php:56
/var/www/html/Laravel-engineer-Interview/vendor/laravel/framework/src/Illuminate/Foundation/Testing/RefreshDatabase.php:55
/var/www/html/Laravel-engineer-Interview/vendor/laravel/framework/src/Illuminate/Foundation/Testing/RefreshDatabase.php:18
/var/www/html/Laravel-engineer-Interview/vendor/laravel/framework/src/Illuminate/Foundation/Testing/TestCase.php:114
/var/www/html/Laravel-engineer-Interview/vendor/laravel/framework/src/Illuminate/Foundation/Testing/TestCase.php:81
</error>
      </testcase>
      <testcase name="testListWithoutFilters" class="Tests\Feature\BooksListTest" classname="Tests.Feature.BooksListTest" file="/var/www/html/Laravel-engineer-Interview/tests/Feature/BookListTest.php" line="68" assertions="0" time="0.686153">
        <error type="Illuminate\Database\QueryException">Tests\Feature\BooksListTest::testListWithoutFilters
Illuminate\Database\QueryException: SQLSTATE[HY000]: General error: 1215 Cannot add foreign key constraint (SQL: alter table `book_author` add constraint `book_author_book_id_foreign` foreign key (`book_id`) references `books` (`id`) on delete cascade)

/var/www/html/Laravel-engineer-Interview/vendor/laravel/framework/src/Illuminate/Database/Connection.php:664
/var/www/html/Laravel-engineer-Interview/vendor/laravel/framework/src/Illuminate/Database/Connection.php:624
/var/www/html/Laravel-engineer-Interview/vendor/laravel/framework/src/Illuminate/Database/Connection.php:459
/var/www/html/Laravel-engineer-Interview/vendor/laravel/framework/src/Illuminate/Database/Schema/Blueprint.php:97
/var/www/html/Laravel-engineer-Interview/vendor/laravel/framework/src/Illuminate/Database/Schema/Builder.php:278
/var/www/html/Laravel-engineer-Interview/vendor/laravel/framework/src/Illuminate/Database/Schema/Builder.php:167
/var/www/html/Laravel-engineer-Interview/vendor/laravel/framework/src/Illuminate/Support/Facades/Facade.php:239
/var/www/html/Laravel-engineer-Interview/database/migrations/2019_05_07_000000_create_books_table.php:35
/var/www/html/Laravel-engineer-Interview/vendor/laravel/framework/src/Illuminate/Database/Migrations/Migrator.php:387
/var/www/html/Laravel-engineer-Interview/vendor/laravel/framework/src/Illuminate/Database/Migrations/Migrator.php:396
/var/www/html/Laravel-engineer-Interview/vendor/laravel/framework/src/Illuminate/Database/Migrations/Migrator.php:197
/var/www/html/Laravel-engineer-Interview/vendor/laravel/framework/src/Illuminate/Database/Migrations/Migrator.php:162
/var/www/html/Laravel-engineer-Interview/vendor/laravel/framework/src/Illuminate/Database/Migrations/Migrator.php:109
/var/www/html/Laravel-engineer-Interview/vendor/laravel/framework/src/Illuminate/Database/Console/Migrations/MigrateCommand.php:71
/var/www/html/Laravel-engineer-Interview/vendor/laravel/framework/src/Illuminate/Container/BoundMethod.php:32
/var/www/html/Laravel-engineer-Interview/vendor/laravel/framework/src/Illuminate/Container/BoundMethod.php:90
/var/www/html/Laravel-engineer-Interview/vendor/laravel/framework/src/Illuminate/Container/BoundMethod.php:34
/var/www/html/Laravel-engineer-Interview/vendor/laravel/framework/src/Illuminate/Container/Container.php:576
/var/www/html/Laravel-engineer-Interview/vendor/laravel/framework/src/Illuminate/Console/Command.php:183
/var/www/html/Laravel-engineer-Interview/vendor/symfony/console/Command/Command.php:255
/var/www/html/Laravel-engineer-Interview/vendor/laravel/framework/src/Illuminate/Console/Command.php:170
/var/www/html/Laravel-engineer-Interview/vendor/laravel/framework/src/Illuminate/Console/Command.php:198
/var/www/html/Laravel-engineer-Interview/vendor/laravel/framework/src/Illuminate/Database/Console/Migrations/FreshCommand.php:61
/var/www/html/Laravel-engineer-Interview/vendor/laravel/framework/src/Illuminate/Container/BoundMethod.php:32
/var/www/html/Laravel-engineer-Interview/vendor/laravel/framework/src/Illuminate/Container/BoundMethod.php:90
/var/www/html/Laravel-engineer-Interview/vendor/laravel/framework/src/Illuminate/Container/BoundMethod.php:34
/var/www/html/Laravel-engineer-Interview/vendor/laravel/framework/src/Illuminate/Container/Container.php:576
/var/www/html/Laravel-engineer-Interview/vendor/laravel/framework/src/Illuminate/Console/Command.php:183
/var/www/html/Laravel-engineer-Interview/vendor/symfony/console/Command/Command.php:255
/var/www/html/Laravel-engineer-Interview/vendor/laravel/framework/src/Illuminate/Console/Command.php:170
/var/www/html/Laravel-engineer-Interview/vendor/symfony/console/Application.php:934
/var/www/html/Laravel-engineer-Interview/vendor/symfony/console/Application.php:273
/var/www/html/Laravel-engineer-Interview/vendor/symfony/console/Application.php:149
/var/www/html/Laravel-engineer-Interview/vendor/laravel/framework/src/Illuminate/Console/Application.php:90
/var/www/html/Laravel-engineer-Interview/vendor/laravel/framework/src/Illuminate/Console/Application.php:182
/var/www/html/Laravel-engineer-Interview/vendor/laravel/framework/src/Illuminate/Foundation/Console/Kernel.php:275
/var/www/html/Laravel-engineer-Interview/vendor/laravel/framework/src/Illuminate/Foundation/Testing/PendingCommand.php:136
/var/www/html/Laravel-engineer-Interview/vendor/laravel/framework/src/Illuminate/Foundation/Testing/PendingCommand.php:220
/var/www/html/Laravel-engineer-Interview/vendor/laravel/framework/src/Illuminate/Foundation/Testing/Concerns/InteractsWithConsole.php:56
/var/www/html/Laravel-engineer-Interview/vendor/laravel/framework/src/Illuminate/Foundation/Testing/RefreshDatabase.php:55
/var/www/html/Laravel-engineer-Interview/vendor/laravel/framework/src/Illuminate/Foundation/Testing/RefreshDatabase.php:18
/var/www/html/Laravel-engineer-Interview/vendor/laravel/framework/src/Illuminate/Foundation/Testing/TestCase.php:114
/var/www/html/Laravel-engineer-Interview/vendor/laravel/framework/src/Illuminate/Foundation/Testing/TestCase.php:81
</error>
      </testcase>
      <testcase name="testTitleFilter" class="Tests\Feature\BooksListTest" classname="Tests.Feature.BooksListTest" file="/var/www/html/Laravel-engineer-Interview/tests/Feature/BookListTest.php" line="88" assertions="0" time="0.644630">
        <error type="Illuminate\Database\QueryException">Tests\Feature\BooksListTest::testTitleFilter
Illuminate\Database\QueryException: SQLSTATE[HY000]: General error: 1215 Cannot add foreign key constraint (SQL: alter table `book_author` add constraint `book_author_book_id_foreign` foreign key (`book_id`) references `books` (`id`) on delete cascade)

/var/www/html/Laravel-engineer-Interview/vendor/laravel/framework/src/Illuminate/Database/Connection.php:664
/var/www/html/Laravel-engineer-Interview/vendor/laravel/framework/src/Illuminate/Database/Connection.php:624
/var/www/html/Laravel-engineer-Interview/vendor/laravel/framework/src/Illuminate/Database/Connection.php:459
/var/www/html/Laravel-engineer-Interview/vendor/laravel/framework/src/Illuminate/Database/Schema/Blueprint.php:97
/var/www/html/Laravel-engineer-Interview/vendor/laravel/framework/src/Illuminate/Database/Schema/Builder.php:278
/var/www/html/Laravel-engineer-Interview/vendor/laravel/framework/src/Illuminate/Database/Schema/Builder.php:167
/var/www/html/Laravel-engineer-Interview/vendor/laravel/framework/src/Illuminate/Support/Facades/Facade.php:239
/var/www/html/Laravel-engineer-Interview/database/migrations/2019_05_07_000000_create_books_table.php:35
/var/www/html/Laravel-engineer-Interview/vendor/laravel/framework/src/Illuminate/Database/Migrations/Migrator.php:387
/var/www/html/Laravel-engineer-Interview/vendor/laravel/framework/src/Illuminate/Database/Migrations/Migrator.php:396
/var/www/html/Laravel-engineer-Interview/vendor/laravel/framework/src/Illuminate/Database/Migrations/Migrator.php:197
/var/www/html/Laravel-engineer-Interview/vendor/laravel/framework/src/Illuminate/Database/Migrations/Migrator.php:162
/var/www/html/Laravel-engineer-Interview/vendor/laravel/framework/src/Illuminate/Database/Migrations/Migrator.php:109
/var/www/html/Laravel-engineer-Interview/vendor/laravel/framework/src/Illuminate/Database/Console/Migrations/MigrateCommand.php:71
/var/www/html/Laravel-engineer-Interview/vendor/laravel/framework/src/Illuminate/Container/BoundMethod.php:32
/var/www/html/Laravel-engineer-Interview/vendor/laravel/framework/src/Illuminate/Container/BoundMethod.php:90
/var/www/html/Laravel-engineer-Interview/vendor/laravel/framework/src/Illuminate/Container/BoundMethod.php:34
/var/www/html/Laravel-engineer-Interview/vendor/laravel/framework/src/Illuminate/Container/Container.php:576
/var/www/html/Laravel-engineer-Interview/vendor/laravel/framework/src/Illuminate/Console/Command.php:183
/var/www/html/Laravel-engineer-Interview/vendor/symfony/console/Command/Command.php:255
/var/www/html/Laravel-engineer-Interview/vendor/laravel/framework/src/Illuminate/Console/Command.php:170
/var/www/html/Laravel-engineer-Interview/vendor/laravel/framework/src/Illuminate/Console/Command.php:198
/var/www/html/Laravel-engineer-Interview/vendor/laravel/framework/src/Illuminate/Database/Console/Migrations/FreshCommand.php:61
/var/www/html/Laravel-engineer-Interview/vendor/laravel/framework/src/Illuminate/Container/BoundMethod.php:32
/var/www/html/Laravel-engineer-Interview/vendor/laravel/framework/src/Illuminate/Container/BoundMethod.php:90
/var/www/html/Laravel-engineer-Interview/vendor/laravel/framework/src/Illuminate/Container/BoundMethod.php:34
/var/www/html/Laravel-engineer-Interview/vendor/laravel/framework/src/Illuminate/Container/Container.php:576
/var/www/html/Laravel-engineer-Interview/vendor/laravel/framework/src/Illuminate/Console/Command.php:183
/var/www/html/Laravel-engineer-Interview/vendor/symfony/console/Command/Command.php:255
/var/www/html/Laravel-engineer-Interview/vendor/laravel/framework/src/Illuminate/Console/Command.php:170
/var/www/html/Laravel-engineer-Interview/vendor/symfony/console/Application.php:934
/var/www/html/Laravel-engineer-Interview/vendor/symfony/console/Application.php:273
/var/www/html/Laravel-engineer-Interview/vendor/symfony/console/Application.php:149
/var/www/html/Laravel-engineer-Interview/vendor/laravel/framework/src/Illuminate/Console/Application.php:90
/var/www/html/Laravel-engineer-Interview/vendor/laravel/framework/src/Illuminate/Console/Application.php:182
/var/www/html/Laravel-engineer-Interview/vendor/laravel/framework/src/Illuminate/Foundation/Console/Kernel.php:275
/var/www/html/Laravel-engineer-Interview/vendor/laravel/framework/src/Illuminate/Foundation/Testing/PendingCommand.php:136
/var/www/html/Laravel-engineer-Interview/vendor/laravel/framework/src/Illuminate/Foundation/Testing/PendingCommand.php:220
/var/www/html/Laravel-engineer-Interview/vendor/laravel/framework/src/Illuminate/Foundation/Testing/Concerns/InteractsWithConsole.php:56
/var/www/html/Laravel-engineer-Interview/vendor/laravel/framework/src/Illuminate/Foundation/Testing/RefreshDatabase.php:55
/var/www/html/Laravel-engineer-Interview/vendor/laravel/framework/src/Illuminate/Foundation/Testing/RefreshDatabase.php:18
/var/www/html/Laravel-engineer-Interview/vendor/laravel/framework/src/Illuminate/Foundation/Testing/TestCase.php:114
/var/www/html/Laravel-engineer-Interview/vendor/laravel/framework/src/Illuminate/Foundation/Testing/TestCase.php:81
</error>
      </testcase>
      <testcase name="testAuthorsFilter" class="Tests\Feature\BooksListTest" classname="Tests.Feature.BooksListTest" file="/var/www/html/Laravel-engineer-Interview/tests/Feature/BookListTest.php" line="105" assertions="0" time="0.623827">
        <error type="Illuminate\Database\QueryException">Tests\Feature\BooksListTest::testAuthorsFilter
Illuminate\Database\QueryException: SQLSTATE[HY000]: General error: 1215 Cannot add foreign key constraint (SQL: alter table `book_author` add constraint `book_author_book_id_foreign` foreign key (`book_id`) references `books` (`id`) on delete cascade)

/var/www/html/Laravel-engineer-Interview/vendor/laravel/framework/src/Illuminate/Database/Connection.php:664
/var/www/html/Laravel-engineer-Interview/vendor/laravel/framework/src/Illuminate/Database/Connection.php:624
/var/www/html/Laravel-engineer-Interview/vendor/laravel/framework/src/Illuminate/Database/Connection.php:459
/var/www/html/Laravel-engineer-Interview/vendor/laravel/framework/src/Illuminate/Database/Schema/Blueprint.php:97
/var/www/html/Laravel-engineer-Interview/vendor/laravel/framework/src/Illuminate/Database/Schema/Builder.php:278
/var/www/html/Laravel-engineer-Interview/vendor/laravel/framework/src/Illuminate/Database/Schema/Builder.php:167
/var/www/html/Laravel-engineer-Interview/vendor/laravel/framework/src/Illuminate/Support/Facades/Facade.php:239
/var/www/html/Laravel-engineer-Interview/database/migrations/2019_05_07_000000_create_books_table.php:35
/var/www/html/Laravel-engineer-Interview/vendor/laravel/framework/src/Illuminate/Database/Migrations/Migrator.php:387
/var/www/html/Laravel-engineer-Interview/vendor/laravel/framework/src/Illuminate/Database/Migrations/Migrator.php:396
/var/www/html/Laravel-engineer-Interview/vendor/laravel/framework/src/Illuminate/Database/Migrations/Migrator.php:197
/var/www/html/Laravel-engineer-Interview/vendor/laravel/framework/src/Illuminate/Database/Migrations/Migrator.php:162
/var/www/html/Laravel-engineer-Interview/vendor/laravel/framework/src/Illuminate/Database/Migrations/Migrator.php:109
/var/www/html/Laravel-engineer-Interview/vendor/laravel/framework/src/Illuminate/Database/Console/Migrations/MigrateCommand.php:71
/var/www/html/Laravel-engineer-Interview/vendor/laravel/framework/src/Illuminate/Container/BoundMethod.php:32
/var/www/html/Laravel-engineer-Interview/vendor/laravel/framework/src/Illuminate/Container/BoundMethod.php:90
/var/www/html/Laravel-engineer-Interview/vendor/laravel/framework/src/Illuminate/Container/BoundMethod.php:34
/var/www/html/Laravel-engineer-Interview/vendor/laravel/framework/src/Illuminate/Container/Container.php:576
/var/www/html/Laravel-engineer-Interview/vendor/laravel/framework/src/Illuminate/Console/Command.php:183
/var/www/html/Laravel-engineer-Interview/vendor/symfony/console/Command/Command.php:255
/var/www/html/Laravel-engineer-Interview/vendor/laravel/framework/src/Illuminate/Console/Command.php:170
/var/www/html/Laravel-engineer-Interview/vendor/laravel/framework/src/Illuminate/Console/Command.php:198
/var/www/html/Laravel-engineer-Interview/vendor/laravel/framework/src/Illuminate/Database/Console/Migrations/FreshCommand.php:61
/var/www/html/Laravel-engineer-Interview/vendor/laravel/framework/src/Illuminate/Container/BoundMethod.php:32
/var/www/html/Laravel-engineer-Interview/vendor/laravel/framework/src/Illuminate/Container/BoundMethod.php:90
/var/www/html/Laravel-engineer-Interview/vendor/laravel/framework/src/Illuminate/Container/BoundMethod.php:34
/var/www/html/Laravel-engineer-Interview/vendor/laravel/framework/src/Illuminate/Container/Container.php:576
/var/www/html/Laravel-engineer-Interview/vendor/laravel/framework/src/Illuminate/Console/Command.php:183
/var/www/html/Laravel-engineer-Interview/vendor/symfony/console/Command/Command.php:255
/var/www/html/Laravel-engineer-Interview/vendor/laravel/framework/src/Illuminate/Console/Command.php:170
/var/www/html/Laravel-engineer-Interview/vendor/symfony/console/Application.php:934
/var/www/html/Laravel-engineer-Interview/vendor/symfony/console/Application.php:273
/var/www/html/Laravel-engineer-Interview/vendor/symfony/console/Application.php:149
/var/www/html/Laravel-engineer-Interview/vendor/laravel/framework/src/Illuminate/Console/Application.php:90
/var/www/html/Laravel-engineer-Interview/vendor/laravel/framework/src/Illuminate/Console/Application.php:182
/var/www/html/Laravel-engineer-Interview/vendor/laravel/framework/src/Illuminate/Foundation/Console/Kernel.php:275
/var/www/html/Laravel-engineer-Interview/vendor/laravel/framework/src/Illuminate/Foundation/Testing/PendingCommand.php:136
/var/www/html/Laravel-engineer-Interview/vendor/laravel/framework/src/Illuminate/Foundation/Testing/PendingCommand.php:220
/var/www/html/Laravel-engineer-Interview/vendor/laravel/framework/src/Illuminate/Foundation/Testing/Concerns/InteractsWithConsole.php:56
/var/www/html/Laravel-engineer-Interview/vendor/laravel/framework/src/Illuminate/Foundation/Testing/RefreshDatabase.php:55
/var/www/html/Laravel-engineer-Interview/vendor/laravel/framework/src/Illuminate/Foundation/Testing/RefreshDatabase.php:18
/var/www/html/Laravel-engineer-Interview/vendor/laravel/framework/src/Illuminate/Foundation/Testing/TestCase.php:114
/var/www/html/Laravel-engineer-Interview/vendor/laravel/framework/src/Illuminate/Foundation/Testing/TestCase.php:81
</error>
      </testcase>
      <testcase name="testTitleSort" class="Tests\Feature\BooksListTest" classname="Tests.Feature.BooksListTest" file="/var/www/html/Laravel-engineer-Interview/tests/Feature/BookListTest.php" line="136" assertions="0" time="0.543110">
        <error type="Illuminate\Database\QueryException">Tests\Feature\BooksListTest::testTitleSort
Illuminate\Database\QueryException: SQLSTATE[HY000]: General error: 1215 Cannot add foreign key constraint (SQL: alter table `book_author` add constraint `book_author_book_id_foreign` foreign key (`book_id`) references `books` (`id`) on delete cascade)

/var/www/html/Laravel-engineer-Interview/vendor/laravel/framework/src/Illuminate/Database/Connection.php:664
/var/www/html/Laravel-engineer-Interview/vendor/laravel/framework/src/Illuminate/Database/Connection.php:624
/var/www/html/Laravel-engineer-Interview/vendor/laravel/framework/src/Illuminate/Database/Connection.php:459
/var/www/html/Laravel-engineer-Interview/vendor/laravel/framework/src/Illuminate/Database/Schema/Blueprint.php:97
/var/www/html/Laravel-engineer-Interview/vendor/laravel/framework/src/Illuminate/Database/Schema/Builder.php:278
/var/www/html/Laravel-engineer-Interview/vendor/laravel/framework/src/Illuminate/Database/Schema/Builder.php:167
/var/www/html/Laravel-engineer-Interview/vendor/laravel/framework/src/Illuminate/Support/Facades/Facade.php:239
/var/www/html/Laravel-engineer-Interview/database/migrations/2019_05_07_000000_create_books_table.php:35
/var/www/html/Laravel-engineer-Interview/vendor/laravel/framework/src/Illuminate/Database/Migrations/Migrator.php:387
/var/www/html/Laravel-engineer-Interview/vendor/laravel/framework/src/Illuminate/Database/Migrations/Migrator.php:396
/var/www/html/Laravel-engineer-Interview/vendor/laravel/framework/src/Illuminate/Database/Migrations/Migrator.php:197
/var/www/html/Laravel-engineer-Interview/vendor/laravel/framework/src/Illuminate/Database/Migrations/Migrator.php:162
/var/www/html/Laravel-engineer-Interview/vendor/laravel/framework/src/Illuminate/Database/Migrations/Migrator.php:109
/var/www/html/Laravel-engineer-Interview/vendor/laravel/framework/src/Illuminate/Database/Console/Migrations/MigrateCommand.php:71
/var/www/html/Laravel-engineer-Interview/vendor/laravel/framework/src/Illuminate/Container/BoundMethod.php:32
/var/www/html/Laravel-engineer-Interview/vendor/laravel/framework/src/Illuminate/Container/BoundMethod.php:90
/var/www/html/Laravel-engineer-Interview/vendor/laravel/framework/src/Illuminate/Container/BoundMethod.php:34
/var/www/html/Laravel-engineer-Interview/vendor/laravel/framework/src/Illuminate/Container/Container.php:576
/var/www/html/Laravel-engineer-Interview/vendor/laravel/framework/src/Illuminate/Console/Command.php:183
/var/www/html/Laravel-engineer-Interview/vendor/symfony/console/Command/Command.php:255
/var/www/html/Laravel-engineer-Interview/vendor/laravel/framework/src/Illuminate/Console/Command.php:170
/var/www/html/Laravel-engineer-Interview/vendor/laravel/framework/src/Illuminate/Console/Command.php:198
/var/www/html/Laravel-engineer-Interview/vendor/laravel/framework/src/Illuminate/Database/Console/Migrations/FreshCommand.php:61
/var/www/html/Laravel-engineer-Interview/vendor/laravel/framework/src/Illuminate/Container/BoundMethod.php:32
/var/www/html/Laravel-engineer-Interview/vendor/laravel/framework/src/Illuminate/Container/BoundMethod.php:90
/var/www/html/Laravel-engineer-Interview/vendor/laravel/framework/src/Illuminate/Container/BoundMethod.php:34
/var/www/html/Laravel-engineer-Interview/vendor/laravel/framework/src/Illuminate/Container/Container.php:576
/var/www/html/Laravel-engineer-Interview/vendor/laravel/framework/src/Illuminate/Console/Command.php:183
/var/www/html/Laravel-engineer-Interview/vendor/symfony/console/Command/Command.php:255
/var/www/html/Laravel-engineer-Interview/vendor/laravel/framework/src/Illuminate/Console/Command.php:170
/var/www/html/Laravel-engineer-Interview/vendor/symfony/console/Application.php:934
/var/www/html/Laravel-engineer-Interview/vendor/symfony/console/Application.php:273
/var/www/html/Laravel-engineer-Interview/vendor/symfony/console/Application.php:149
/var/www/html/Laravel-engineer-Interview/vendor/laravel/framework/src/Illuminate/Console/Application.php:90
/var/www/html/Laravel-engineer-Interview/vendor/laravel/framework/src/Illuminate/Console/Application.php:182
/var/www/html/Laravel-engineer-Interview/vendor/laravel/framework/src/Illuminate/Foundation/Console/Kernel.php:275
/var/www/html/Laravel-engineer-Interview/vendor/laravel/framework/src/Illuminate/Foundation/Testing/PendingCommand.php:136
/var/www/html/Laravel-engineer-Interview/vendor/laravel/framework/src/Illuminate/Foundation/Testing/PendingCommand.php:220
/var/www/html/Laravel-engineer-Interview/vendor/laravel/framework/src/Illuminate/Foundation/Testing/Concerns/InteractsWithConsole.php:56
/var/www/html/Laravel-engineer-Interview/vendor/laravel/framework/src/Illuminate/Foundation/Testing/RefreshDatabase.php:55
/var/www/html/Laravel-engineer-Interview/vendor/laravel/framework/src/Illuminate/Foundation/Testing/RefreshDatabase.php:18
/var/www/html/Laravel-engineer-Interview/vendor/laravel/framework/src/Illuminate/Foundation/Testing/TestCase.php:114
/var/www/html/Laravel-engineer-Interview/vendor/laravel/framework/src/Illuminate/Foundation/Testing/TestCase.php:81
</error>
      </testcase>
      <testcase name="testAvgReviewSort" class="Tests\Feature\BooksListTest" classname="Tests.Feature.BooksListTest" file="/var/www/html/Laravel-engineer-Interview/tests/Feature/BookListTest.php" line="153" assertions="0" time="0.696927">
        <error type="Illuminate\Database\QueryException">Tests\Feature\BooksListTest::testAvgReviewSort
Illuminate\Database\QueryException: SQLSTATE[HY000]: General error: 1215 Cannot add foreign key constraint (SQL: alter table `book_author` add constraint `book_author_book_id_foreign` foreign key (`book_id`) references `books` (`id`) on delete cascade)

/var/www/html/Laravel-engineer-Interview/vendor/laravel/framework/src/Illuminate/Database/Connection.php:664
/var/www/html/Laravel-engineer-Interview/vendor/laravel/framework/src/Illuminate/Database/Connection.php:624
/var/www/html/Laravel-engineer-Interview/vendor/laravel/framework/src/Illuminate/Database/Connection.php:459
/var/www/html/Laravel-engineer-Interview/vendor/laravel/framework/src/Illuminate/Database/Schema/Blueprint.php:97
/var/www/html/Laravel-engineer-Interview/vendor/laravel/framework/src/Illuminate/Database/Schema/Builder.php:278
/var/www/html/Laravel-engineer-Interview/vendor/laravel/framework/src/Illuminate/Database/Schema/Builder.php:167
/var/www/html/Laravel-engineer-Interview/vendor/laravel/framework/src/Illuminate/Support/Facades/Facade.php:239
/var/www/html/Laravel-engineer-Interview/database/migrations/2019_05_07_000000_create_books_table.php:35
/var/www/html/Laravel-engineer-Interview/vendor/laravel/framework/src/Illuminate/Database/Migrations/Migrator.php:387
/var/www/html/Laravel-engineer-Interview/vendor/laravel/framework/src/Illuminate/Database/Migrations/Migrator.php:396
/var/www/html/Laravel-engineer-Interview/vendor/laravel/framework/src/Illuminate/Database/Migrations/Migrator.php:197
/var/www/html/Laravel-engineer-Interview/vendor/laravel/framework/src/Illuminate/Database/Migrations/Migrator.php:162
/var/www/html/Laravel-engineer-Interview/vendor/laravel/framework/src/Illuminate/Database/Migrations/Migrator.php:109
/var/www/html/Laravel-engineer-Interview/vendor/laravel/framework/src/Illuminate/Database/Console/Migrations/MigrateCommand.php:71
/var/www/html/Laravel-engineer-Interview/vendor/laravel/framework/src/Illuminate/Container/BoundMethod.php:32
/var/www/html/Laravel-engineer-Interview/vendor/laravel/framework/src/Illuminate/Container/BoundMethod.php:90
/var/www/html/Laravel-engineer-Interview/vendor/laravel/framework/src/Illuminate/Container/BoundMethod.php:34
/var/www/html/Laravel-engineer-Interview/vendor/laravel/framework/src/Illuminate/Container/Container.php:576
/var/www/html/Laravel-engineer-Interview/vendor/laravel/framework/src/Illuminate/Console/Command.php:183
/var/www/html/Laravel-engineer-Interview/vendor/symfony/console/Command/Command.php:255
/var/www/html/Laravel-engineer-Interview/vendor/laravel/framework/src/Illuminate/Console/Command.php:170
/var/www/html/Laravel-engineer-Interview/vendor/laravel/framework/src/Illuminate/Console/Command.php:198
/var/www/html/Laravel-engineer-Interview/vendor/laravel/framework/src/Illuminate/Database/Console/Migrations/FreshCommand.php:61
/var/www/html/Laravel-engineer-Interview/vendor/laravel/framework/src/Illuminate/Container/BoundMethod.php:32
/var/www/html/Laravel-engineer-Interview/vendor/laravel/framework/src/Illuminate/Container/BoundMethod.php:90
/var/www/html/Laravel-engineer-Interview/vendor/laravel/framework/src/Illuminate/Container/BoundMethod.php:34
/var/www/html/Laravel-engineer-Interview/vendor/laravel/framework/src/Illuminate/Container/Container.php:576
/var/www/html/Laravel-engineer-Interview/vendor/laravel/framework/src/Illuminate/Console/Command.php:183
/var/www/html/Laravel-engineer-Interview/vendor/symfony/console/Command/Command.php:255
/var/www/html/Laravel-engineer-Interview/vendor/laravel/framework/src/Illuminate/Console/Command.php:170
/var/www/html/Laravel-engineer-Interview/vendor/symfony/console/Application.php:934
/var/www/html/Laravel-engineer-Interview/vendor/symfony/console/Application.php:273
/var/www/html/Laravel-engineer-Interview/vendor/symfony/console/Application.php:149
/var/www/html/Laravel-engineer-Interview/vendor/laravel/framework/src/Illuminate/Console/Application.php:90
/var/www/html/Laravel-engineer-Interview/vendor/laravel/framework/src/Illuminate/Console/Application.php:182
/var/www/html/Laravel-engineer-Interview/vendor/laravel/framework/src/Illuminate/Foundation/Console/Kernel.php:275
/var/www/html/Laravel-engineer-Interview/vendor/laravel/framework/src/Illuminate/Foundation/Testing/PendingCommand.php:136
/var/www/html/Laravel-engineer-Interview/vendor/laravel/framework/src/Illuminate/Foundation/Testing/PendingCommand.php:220
/var/www/html/Laravel-engineer-Interview/vendor/laravel/framework/src/Illuminate/Foundation/Testing/Concerns/InteractsWithConsole.php:56
/var/www/html/Laravel-engineer-Interview/vendor/laravel/framework/src/Illuminate/Foundation/Testing/RefreshDatabase.php:55
/var/www/html/Laravel-engineer-Interview/vendor/laravel/framework/src/Illuminate/Foundation/Testing/RefreshDatabase.php:18
/var/www/html/Laravel-engineer-Interview/vendor/laravel/framework/src/Illuminate/Foundation/Testing/TestCase.php:114
/var/www/html/Laravel-engineer-Interview/vendor/laravel/framework/src/Illuminate/Foundation/Testing/TestCase.php:81
</error>
      </testcase>
      <testcase name="testPagination" class="Tests\Feature\BooksListTest" classname="Tests.Feature.BooksListTest" file="/var/www/html/Laravel-engineer-Interview/tests/Feature/BookListTest.php" line="184" assertions="0" time="0.529879">
        <error type="Illuminate\Database\QueryException">Tests\Feature\BooksListTest::testPagination
Illuminate\Database\QueryException: SQLSTATE[HY000]: General error: 1215 Cannot add foreign key constraint (SQL: alter table `book_author` add constraint `book_author_book_id_foreign` foreign key (`book_id`) references `books` (`id`) on delete cascade)

/var/www/html/Laravel-engineer-Interview/vendor/laravel/framework/src/Illuminate/Database/Connection.php:664
/var/www/html/Laravel-engineer-Interview/vendor/laravel/framework/src/Illuminate/Database/Connection.php:624
/var/www/html/Laravel-engineer-Interview/vendor/laravel/framework/src/Illuminate/Database/Connection.php:459
/var/www/html/Laravel-engineer-Interview/vendor/laravel/framework/src/Illuminate/Database/Schema/Blueprint.php:97
/var/www/html/Laravel-engineer-Interview/vendor/laravel/framework/src/Illuminate/Database/Schema/Builder.php:278
/var/www/html/Laravel-engineer-Interview/vendor/laravel/framework/src/Illuminate/Database/Schema/Builder.php:167
/var/www/html/Laravel-engineer-Interview/vendor/laravel/framework/src/Illuminate/Support/Facades/Facade.php:239
/var/www/html/Laravel-engineer-Interview/database/migrations/2019_05_07_000000_create_books_table.php:35
/var/www/html/Laravel-engineer-Interview/vendor/laravel/framework/src/Illuminate/Database/Migrations/Migrator.php:387
/var/www/html/Laravel-engineer-Interview/vendor/laravel/framework/src/Illuminate/Database/Migrations/Migrator.php:396
/var/www/html/Laravel-engineer-Interview/vendor/laravel/framework/src/Illuminate/Database/Migrations/Migrator.php:197
/var/www/html/Laravel-engineer-Interview/vendor/laravel/framework/src/Illuminate/Database/Migrations/Migrator.php:162
/var/www/html/Laravel-engineer-Interview/vendor/laravel/framework/src/Illuminate/Database/Migrations/Migrator.php:109
/var/www/html/Laravel-engineer-Interview/vendor/laravel/framework/src/Illuminate/Database/Console/Migrations/MigrateCommand.php:71
/var/www/html/Laravel-engineer-Interview/vendor/laravel/framework/src/Illuminate/Container/BoundMethod.php:32
/var/www/html/Laravel-engineer-Interview/vendor/laravel/framework/src/Illuminate/Container/BoundMethod.php:90
/var/www/html/Laravel-engineer-Interview/vendor/laravel/framework/src/Illuminate/Container/BoundMethod.php:34
/var/www/html/Laravel-engineer-Interview/vendor/laravel/framework/src/Illuminate/Container/Container.php:576
/var/www/html/Laravel-engineer-Interview/vendor/laravel/framework/src/Illuminate/Console/Command.php:183
/var/www/html/Laravel-engineer-Interview/vendor/symfony/console/Command/Command.php:255
/var/www/html/Laravel-engineer-Interview/vendor/laravel/framework/src/Illuminate/Console/Command.php:170
/var/www/html/Laravel-engineer-Interview/vendor/laravel/framework/src/Illuminate/Console/Command.php:198
/var/www/html/Laravel-engineer-Interview/vendor/laravel/framework/src/Illuminate/Database/Console/Migrations/FreshCommand.php:61
/var/www/html/Laravel-engineer-Interview/vendor/laravel/framework/src/Illuminate/Container/BoundMethod.php:32
/var/www/html/Laravel-engineer-Interview/vendor/laravel/framework/src/Illuminate/Container/BoundMethod.php:90
/var/www/html/Laravel-engineer-Interview/vendor/laravel/framework/src/Illuminate/Container/BoundMethod.php:34
/var/www/html/Laravel-engineer-Interview/vendor/laravel/framework/src/Illuminate/Container/Container.php:576
/var/www/html/Laravel-engineer-Interview/vendor/laravel/framework/src/Illuminate/Console/Command.php:183
/var/www/html/Laravel-engineer-Interview/vendor/symfony/console/Command/Command.php:255
/var/www/html/Laravel-engineer-Interview/vendor/laravel/framework/src/Illuminate/Console/Command.php:170
/var/www/html/Laravel-engineer-Interview/vendor/symfony/console/Application.php:934
/var/www/html/Laravel-engineer-Interview/vendor/symfony/console/Application.php:273
/var/www/html/Laravel-engineer-Interview/vendor/symfony/console/Application.php:149
/var/www/html/Laravel-engineer-Interview/vendor/laravel/framework/src/Illuminate/Console/Application.php:90
/var/www/html/Laravel-engineer-Interview/vendor/laravel/framework/src/Illuminate/Console/Application.php:182
/var/www/html/Laravel-engineer-Interview/vendor/laravel/framework/src/Illuminate/Foundation/Console/Kernel.php:275
/var/www/html/Laravel-engineer-Interview/vendor/laravel/framework/src/Illuminate/Foundation/Testing/PendingCommand.php:136
/var/www/html/Laravel-engineer-Interview/vendor/laravel/framework/src/Illuminate/Foundation/Testing/PendingCommand.php:220
/var/www/html/Laravel-engineer-Interview/vendor/laravel/framework/src/Illuminate/Foundation/Testing/Concerns/InteractsWithConsole.php:56
/var/www/html/Laravel-engineer-Interview/vendor/laravel/framework/src/Illuminate/Foundation/Testing/RefreshDatabase.php:55
/var/www/html/Laravel-engineer-Interview/vendor/laravel/framework/src/Illuminate/Foundation/Testing/RefreshDatabase.php:18
/var/www/html/Laravel-engineer-Interview/vendor/laravel/framework/src/Illuminate/Foundation/Testing/TestCase.php:114
/var/www/html/Laravel-engineer-Interview/vendor/laravel/framework/src/Illuminate/Foundation/Testing/TestCase.php:81
</error>
      </testcase>
    </testsuite>
    <testsuite name="Tests\Feature\BookPostTest" file="/var/www/html/Laravel-engineer-Interview/tests/Feature/BookPostTest.php" tests="25" assertions="0" errors="25" failures="0" skipped="0" time="13.738062">
      <testcase name="testDenyGuestAccess" class="Tests\Feature\BookPostTest" classname="Tests.Feature.BookPostTest" file="/var/www/html/Laravel-engineer-Interview/tests/Feature/BookPostTest.php" line="13" assertions="0" time="0.528982">
        <error type="Illuminate\Database\QueryException">Tests\Feature\BookPostTest::testDenyGuestAccess
Illuminate\Database\QueryException: SQLSTATE[HY000]: General error: 1215 Cannot add foreign key constraint (SQL: alter table `book_author` add constraint `book_author_book_id_foreign` foreign key (`book_id`) references `books` (`id`) on delete cascade)

/var/www/html/Laravel-engineer-Interview/vendor/laravel/framework/src/Illuminate/Database/Connection.php:664
/var/www/html/Laravel-engineer-Interview/vendor/laravel/framework/src/Illuminate/Database/Connection.php:624
/var/www/html/Laravel-engineer-Interview/vendor/laravel/framework/src/Illuminate/Database/Connection.php:459
/var/www/html/Laravel-engineer-Interview/vendor/laravel/framework/src/Illuminate/Database/Schema/Blueprint.php:97
/var/www/html/Laravel-engineer-Interview/vendor/laravel/framework/src/Illuminate/Database/Schema/Builder.php:278
/var/www/html/Laravel-engineer-Interview/vendor/laravel/framework/src/Illuminate/Database/Schema/Builder.php:167
/var/www/html/Laravel-engineer-Interview/vendor/laravel/framework/src/Illuminate/Support/Facades/Facade.php:239
/var/www/html/Laravel-engineer-Interview/database/migrations/2019_05_07_000000_create_books_table.php:35
/var/www/html/Laravel-engineer-Interview/vendor/laravel/framework/src/Illuminate/Database/Migrations/Migrator.php:387
/var/www/html/Laravel-engineer-Interview/vendor/laravel/framework/src/Illuminate/Database/Migrations/Migrator.php:396
/var/www/html/Laravel-engineer-Interview/vendor/laravel/framework/src/Illuminate/Database/Migrations/Migrator.php:197
/var/www/html/Laravel-engineer-Interview/vendor/laravel/framework/src/Illuminate/Database/Migrations/Migrator.php:162
/var/www/html/Laravel-engineer-Interview/vendor/laravel/framework/src/Illuminate/Database/Migrations/Migrator.php:109
/var/www/html/Laravel-engineer-Interview/vendor/laravel/framework/src/Illuminate/Database/Console/Migrations/MigrateCommand.php:71
/var/www/html/Laravel-engineer-Interview/vendor/laravel/framework/src/Illuminate/Container/BoundMethod.php:32
/var/www/html/Laravel-engineer-Interview/vendor/laravel/framework/src/Illuminate/Container/BoundMethod.php:90
/var/www/html/Laravel-engineer-Interview/vendor/laravel/framework/src/Illuminate/Container/BoundMethod.php:34
/var/www/html/Laravel-engineer-Interview/vendor/laravel/framework/src/Illuminate/Container/Container.php:576
/var/www/html/Laravel-engineer-Interview/vendor/laravel/framework/src/Illuminate/Console/Command.php:183
/var/www/html/Laravel-engineer-Interview/vendor/symfony/console/Command/Command.php:255
/var/www/html/Laravel-engineer-Interview/vendor/laravel/framework/src/Illuminate/Console/Command.php:170
/var/www/html/Laravel-engineer-Interview/vendor/laravel/framework/src/Illuminate/Console/Command.php:198
/var/www/html/Laravel-engineer-Interview/vendor/laravel/framework/src/Illuminate/Database/Console/Migrations/FreshCommand.php:61
/var/www/html/Laravel-engineer-Interview/vendor/laravel/framework/src/Illuminate/Container/BoundMethod.php:32
/var/www/html/Laravel-engineer-Interview/vendor/laravel/framework/src/Illuminate/Container/BoundMethod.php:90
/var/www/html/Laravel-engineer-Interview/vendor/laravel/framework/src/Illuminate/Container/BoundMethod.php:34
/var/www/html/Laravel-engineer-Interview/vendor/laravel/framework/src/Illuminate/Container/Container.php:576
/var/www/html/Laravel-engineer-Interview/vendor/laravel/framework/src/Illuminate/Console/Command.php:183
/var/www/html/Laravel-engineer-Interview/vendor/symfony/console/Command/Command.php:255
/var/www/html/Laravel-engineer-Interview/vendor/laravel/framework/src/Illuminate/Console/Command.php:170
/var/www/html/Laravel-engineer-Interview/vendor/symfony/console/Application.php:934
/var/www/html/Laravel-engineer-Interview/vendor/symfony/console/Application.php:273
/var/www/html/Laravel-engineer-Interview/vendor/symfony/console/Application.php:149
/var/www/html/Laravel-engineer-Interview/vendor/laravel/framework/src/Illuminate/Console/Application.php:90
/var/www/html/Laravel-engineer-Interview/vendor/laravel/framework/src/Illuminate/Console/Application.php:182
/var/www/html/Laravel-engineer-Interview/vendor/laravel/framework/src/Illuminate/Foundation/Console/Kernel.php:275
/var/www/html/Laravel-engineer-Interview/vendor/laravel/framework/src/Illuminate/Foundation/Testing/PendingCommand.php:136
/var/www/html/Laravel-engineer-Interview/vendor/laravel/framework/src/Illuminate/Foundation/Testing/PendingCommand.php:220
/var/www/html/Laravel-engineer-Interview/vendor/laravel/framework/src/Illuminate/Foundation/Testing/Concerns/InteractsWithConsole.php:56
/var/www/html/Laravel-engineer-Interview/vendor/laravel/framework/src/Illuminate/Foundation/Testing/RefreshDatabase.php:55
/var/www/html/Laravel-engineer-Interview/vendor/laravel/framework/src/Illuminate/Foundation/Testing/RefreshDatabase.php:18
/var/www/html/Laravel-engineer-Interview/vendor/laravel/framework/src/Illuminate/Foundation/Testing/TestCase.php:114
/var/www/html/Laravel-engineer-Interview/vendor/laravel/framework/src/Illuminate/Foundation/Testing/TestCase.php:81
</error>
      </testcase>
      <testcase name="testDenyNonAdminUserAccess" class="Tests\Feature\BookPostTest" classname="Tests.Feature.BookPostTest" file="/var/www/html/Laravel-engineer-Interview/tests/Feature/BookPostTest.php" line="27" assertions="0" time="0.558744">
        <error type="Illuminate\Database\QueryException">Tests\Feature\BookPostTest::testDenyNonAdminUserAccess
Illuminate\Database\QueryException: SQLSTATE[HY000]: General error: 1215 Cannot add foreign key constraint (SQL: alter table `book_author` add constraint `book_author_book_id_foreign` foreign key (`book_id`) references `books` (`id`) on delete cascade)

/var/www/html/Laravel-engineer-Interview/vendor/laravel/framework/src/Illuminate/Database/Connection.php:664
/var/www/html/Laravel-engineer-Interview/vendor/laravel/framework/src/Illuminate/Database/Connection.php:624
/var/www/html/Laravel-engineer-Interview/vendor/laravel/framework/src/Illuminate/Database/Connection.php:459
/var/www/html/Laravel-engineer-Interview/vendor/laravel/framework/src/Illuminate/Database/Schema/Blueprint.php:97
/var/www/html/Laravel-engineer-Interview/vendor/laravel/framework/src/Illuminate/Database/Schema/Builder.php:278
/var/www/html/Laravel-engineer-Interview/vendor/laravel/framework/src/Illuminate/Database/Schema/Builder.php:167
/var/www/html/Laravel-engineer-Interview/vendor/laravel/framework/src/Illuminate/Support/Facades/Facade.php:239
/var/www/html/Laravel-engineer-Interview/database/migrations/2019_05_07_000000_create_books_table.php:35
/var/www/html/Laravel-engineer-Interview/vendor/laravel/framework/src/Illuminate/Database/Migrations/Migrator.php:387
/var/www/html/Laravel-engineer-Interview/vendor/laravel/framework/src/Illuminate/Database/Migrations/Migrator.php:396
/var/www/html/Laravel-engineer-Interview/vendor/laravel/framework/src/Illuminate/Database/Migrations/Migrator.php:197
/var/www/html/Laravel-engineer-Interview/vendor/laravel/framework/src/Illuminate/Database/Migrations/Migrator.php:162
/var/www/html/Laravel-engineer-Interview/vendor/laravel/framework/src/Illuminate/Database/Migrations/Migrator.php:109
/var/www/html/Laravel-engineer-Interview/vendor/laravel/framework/src/Illuminate/Database/Console/Migrations/MigrateCommand.php:71
/var/www/html/Laravel-engineer-Interview/vendor/laravel/framework/src/Illuminate/Container/BoundMethod.php:32
/var/www/html/Laravel-engineer-Interview/vendor/laravel/framework/src/Illuminate/Container/BoundMethod.php:90
/var/www/html/Laravel-engineer-Interview/vendor/laravel/framework/src/Illuminate/Container/BoundMethod.php:34
/var/www/html/Laravel-engineer-Interview/vendor/laravel/framework/src/Illuminate/Container/Container.php:576
/var/www/html/Laravel-engineer-Interview/vendor/laravel/framework/src/Illuminate/Console/Command.php:183
/var/www/html/Laravel-engineer-Interview/vendor/symfony/console/Command/Command.php:255
/var/www/html/Laravel-engineer-Interview/vendor/laravel/framework/src/Illuminate/Console/Command.php:170
/var/www/html/Laravel-engineer-Interview/vendor/laravel/framework/src/Illuminate/Console/Command.php:198
/var/www/html/Laravel-engineer-Interview/vendor/laravel/framework/src/Illuminate/Database/Console/Migrations/FreshCommand.php:61
/var/www/html/Laravel-engineer-Interview/vendor/laravel/framework/src/Illuminate/Container/BoundMethod.php:32
/var/www/html/Laravel-engineer-Interview/vendor/laravel/framework/src/Illuminate/Container/BoundMethod.php:90
/var/www/html/Laravel-engineer-Interview/vendor/laravel/framework/src/Illuminate/Container/BoundMethod.php:34
/var/www/html/Laravel-engineer-Interview/vendor/laravel/framework/src/Illuminate/Container/Container.php:576
/var/www/html/Laravel-engineer-Interview/vendor/laravel/framework/src/Illuminate/Console/Command.php:183
/var/www/html/Laravel-engineer-Interview/vendor/symfony/console/Command/Command.php:255
/var/www/html/Laravel-engineer-Interview/vendor/laravel/framework/src/Illuminate/Console/Command.php:170
/var/www/html/Laravel-engineer-Interview/vendor/symfony/console/Application.php:934
/var/www/html/Laravel-engineer-Interview/vendor/symfony/console/Application.php:273
/var/www/html/Laravel-engineer-Interview/vendor/symfony/console/Application.php:149
/var/www/html/Laravel-engineer-Interview/vendor/laravel/framework/src/Illuminate/Console/Application.php:90
/var/www/html/Laravel-engineer-Interview/vendor/laravel/framework/src/Illuminate/Console/Application.php:182
/var/www/html/Laravel-engineer-Interview/vendor/laravel/framework/src/Illuminate/Foundation/Console/Kernel.php:275
/var/www/html/Laravel-engineer-Interview/vendor/laravel/framework/src/Illuminate/Foundation/Testing/PendingCommand.php:136
/var/www/html/Laravel-engineer-Interview/vendor/laravel/framework/src/Illuminate/Foundation/Testing/PendingCommand.php:220
/var/www/html/Laravel-engineer-Interview/vendor/laravel/framework/src/Illuminate/Foundation/Testing/Concerns/InteractsWithConsole.php:56
/var/www/html/Laravel-engineer-Interview/vendor/laravel/framework/src/Illuminate/Foundation/Testing/RefreshDatabase.php:55
/var/www/html/Laravel-engineer-Interview/vendor/laravel/framework/src/Illuminate/Foundation/Testing/RefreshDatabase.php:18
/var/www/html/Laravel-engineer-Interview/vendor/laravel/framework/src/Illuminate/Foundation/Testing/TestCase.php:114
/var/www/html/Laravel-engineer-Interview/vendor/laravel/framework/src/Illuminate/Foundation/Testing/TestCase.php:81
</error>
      </testcase>
      <testcase name="testSuccessfulPost" class="Tests\Feature\BookPostTest" classname="Tests.Feature.BookPostTest" file="/var/www/html/Laravel-engineer-Interview/tests/Feature/BookPostTest.php" line="44" assertions="0" time="0.506001">
        <error type="Illuminate\Database\QueryException">Tests\Feature\BookPostTest::testSuccessfulPost
Illuminate\Database\QueryException: SQLSTATE[HY000]: General error: 1215 Cannot add foreign key constraint (SQL: alter table `book_author` add constraint `book_author_book_id_foreign` foreign key (`book_id`) references `books` (`id`) on delete cascade)

/var/www/html/Laravel-engineer-Interview/vendor/laravel/framework/src/Illuminate/Database/Connection.php:664
/var/www/html/Laravel-engineer-Interview/vendor/laravel/framework/src/Illuminate/Database/Connection.php:624
/var/www/html/Laravel-engineer-Interview/vendor/laravel/framework/src/Illuminate/Database/Connection.php:459
/var/www/html/Laravel-engineer-Interview/vendor/laravel/framework/src/Illuminate/Database/Schema/Blueprint.php:97
/var/www/html/Laravel-engineer-Interview/vendor/laravel/framework/src/Illuminate/Database/Schema/Builder.php:278
/var/www/html/Laravel-engineer-Interview/vendor/laravel/framework/src/Illuminate/Database/Schema/Builder.php:167
/var/www/html/Laravel-engineer-Interview/vendor/laravel/framework/src/Illuminate/Support/Facades/Facade.php:239
/var/www/html/Laravel-engineer-Interview/database/migrations/2019_05_07_000000_create_books_table.php:35
/var/www/html/Laravel-engineer-Interview/vendor/laravel/framework/src/Illuminate/Database/Migrations/Migrator.php:387
/var/www/html/Laravel-engineer-Interview/vendor/laravel/framework/src/Illuminate/Database/Migrations/Migrator.php:396
/var/www/html/Laravel-engineer-Interview/vendor/laravel/framework/src/Illuminate/Database/Migrations/Migrator.php:197
/var/www/html/Laravel-engineer-Interview/vendor/laravel/framework/src/Illuminate/Database/Migrations/Migrator.php:162
/var/www/html/Laravel-engineer-Interview/vendor/laravel/framework/src/Illuminate/Database/Migrations/Migrator.php:109
/var/www/html/Laravel-engineer-Interview/vendor/laravel/framework/src/Illuminate/Database/Console/Migrations/MigrateCommand.php:71
/var/www/html/Laravel-engineer-Interview/vendor/laravel/framework/src/Illuminate/Container/BoundMethod.php:32
/var/www/html/Laravel-engineer-Interview/vendor/laravel/framework/src/Illuminate/Container/BoundMethod.php:90
/var/www/html/Laravel-engineer-Interview/vendor/laravel/framework/src/Illuminate/Container/BoundMethod.php:34
/var/www/html/Laravel-engineer-Interview/vendor/laravel/framework/src/Illuminate/Container/Container.php:576
/var/www/html/Laravel-engineer-Interview/vendor/laravel/framework/src/Illuminate/Console/Command.php:183
/var/www/html/Laravel-engineer-Interview/vendor/symfony/console/Command/Command.php:255
/var/www/html/Laravel-engineer-Interview/vendor/laravel/framework/src/Illuminate/Console/Command.php:170
/var/www/html/Laravel-engineer-Interview/vendor/laravel/framework/src/Illuminate/Console/Command.php:198
/var/www/html/Laravel-engineer-Interview/vendor/laravel/framework/src/Illuminate/Database/Console/Migrations/FreshCommand.php:61
/var/www/html/Laravel-engineer-Interview/vendor/laravel/framework/src/Illuminate/Container/BoundMethod.php:32
/var/www/html/Laravel-engineer-Interview/vendor/laravel/framework/src/Illuminate/Container/BoundMethod.php:90
/var/www/html/Laravel-engineer-Interview/vendor/laravel/framework/src/Illuminate/Container/BoundMethod.php:34
/var/www/html/Laravel-engineer-Interview/vendor/laravel/framework/src/Illuminate/Container/Container.php:576
/var/www/html/Laravel-engineer-Interview/vendor/laravel/framework/src/Illuminate/Console/Command.php:183
/var/www/html/Laravel-engineer-Interview/vendor/symfony/console/Command/Command.php:255
/var/www/html/Laravel-engineer-Interview/vendor/laravel/framework/src/Illuminate/Console/Command.php:170
/var/www/html/Laravel-engineer-Interview/vendor/symfony/console/Application.php:934
/var/www/html/Laravel-engineer-Interview/vendor/symfony/console/Application.php:273
/var/www/html/Laravel-engineer-Interview/vendor/symfony/console/Application.php:149
/var/www/html/Laravel-engineer-Interview/vendor/laravel/framework/src/Illuminate/Console/Application.php:90
/var/www/html/Laravel-engineer-Interview/vendor/laravel/framework/src/Illuminate/Console/Application.php:182
/var/www/html/Laravel-engineer-Interview/vendor/laravel/framework/src/Illuminate/Foundation/Console/Kernel.php:275
/var/www/html/Laravel-engineer-Interview/vendor/laravel/framework/src/Illuminate/Foundation/Testing/PendingCommand.php:136
/var/www/html/Laravel-engineer-Interview/vendor/laravel/framework/src/Illuminate/Foundation/Testing/PendingCommand.php:220
/var/www/html/Laravel-engineer-Interview/vendor/laravel/framework/src/Illuminate/Foundation/Testing/Concerns/InteractsWithConsole.php:56
/var/www/html/Laravel-engineer-Interview/vendor/laravel/framework/src/Illuminate/Foundation/Testing/RefreshDatabase.php:55
/var/www/html/Laravel-engineer-Interview/vendor/laravel/framework/src/Illuminate/Foundation/Testing/RefreshDatabase.php:18
/var/www/html/Laravel-engineer-Interview/vendor/laravel/framework/src/Illuminate/Foundation/Testing/TestCase.php:114
/var/www/html/Laravel-engineer-Interview/vendor/laravel/framework/src/Illuminate/Foundation/Testing/TestCase.php:81
</error>
      </testcase>
      <testsuite name="Tests\Feature\BookPostTest::testValidation" tests="22" assertions="0" errors="22" failures="0" skipped="0" time="12.144334">
        <testcase name="testValidation with data set #0" class="Tests\Feature\BookPostTest" classname="Tests.Feature.BookPostTest" file="/var/www/html/Laravel-engineer-Interview/tests/Feature/BookPostTest.php" line="71" assertions="0" time="0.742064">
          <error type="Illuminate\Database\QueryException">Tests\Feature\BookPostTest::testValidation with data set #0 (array(null), 'isbn')
Illuminate\Database\QueryException: SQLSTATE[HY000]: General error: 1215 Cannot add foreign key constraint (SQL: alter table `book_author` add constraint `book_author_book_id_foreign` foreign key (`book_id`) references `books` (`id`) on delete cascade)

/var/www/html/Laravel-engineer-Interview/vendor/laravel/framework/src/Illuminate/Database/Connection.php:664
/var/www/html/Laravel-engineer-Interview/vendor/laravel/framework/src/Illuminate/Database/Connection.php:624
/var/www/html/Laravel-engineer-Interview/vendor/laravel/framework/src/Illuminate/Database/Connection.php:459
/var/www/html/Laravel-engineer-Interview/vendor/laravel/framework/src/Illuminate/Database/Schema/Blueprint.php:97
/var/www/html/Laravel-engineer-Interview/vendor/laravel/framework/src/Illuminate/Database/Schema/Builder.php:278
/var/www/html/Laravel-engineer-Interview/vendor/laravel/framework/src/Illuminate/Database/Schema/Builder.php:167
/var/www/html/Laravel-engineer-Interview/vendor/laravel/framework/src/Illuminate/Support/Facades/Facade.php:239
/var/www/html/Laravel-engineer-Interview/database/migrations/2019_05_07_000000_create_books_table.php:35
/var/www/html/Laravel-engineer-Interview/vendor/laravel/framework/src/Illuminate/Database/Migrations/Migrator.php:387
/var/www/html/Laravel-engineer-Interview/vendor/laravel/framework/src/Illuminate/Database/Migrations/Migrator.php:396
/var/www/html/Laravel-engineer-Interview/vendor/laravel/framework/src/Illuminate/Database/Migrations/Migrator.php:197
/var/www/html/Laravel-engineer-Interview/vendor/laravel/framework/src/Illuminate/Database/Migrations/Migrator.php:162
/var/www/html/Laravel-engineer-Interview/vendor/laravel/framework/src/Illuminate/Database/Migrations/Migrator.php:109
/var/www/html/Laravel-engineer-Interview/vendor/laravel/framework/src/Illuminate/Database/Console/Migrations/MigrateCommand.php:71
/var/www/html/Laravel-engineer-Interview/vendor/laravel/framework/src/Illuminate/Container/BoundMethod.php:32
/var/www/html/Laravel-engineer-Interview/vendor/laravel/framework/src/Illuminate/Container/BoundMethod.php:90
/var/www/html/Laravel-engineer-Interview/vendor/laravel/framework/src/Illuminate/Container/BoundMethod.php:34
/var/www/html/Laravel-engineer-Interview/vendor/laravel/framework/src/Illuminate/Container/Container.php:576
/var/www/html/Laravel-engineer-Interview/vendor/laravel/framework/src/Illuminate/Console/Command.php:183
/var/www/html/Laravel-engineer-Interview/vendor/symfony/console/Command/Command.php:255
/var/www/html/Laravel-engineer-Interview/vendor/laravel/framework/src/Illuminate/Console/Command.php:170
/var/www/html/Laravel-engineer-Interview/vendor/laravel/framework/src/Illuminate/Console/Command.php:198
/var/www/html/Laravel-engineer-Interview/vendor/laravel/framework/src/Illuminate/Database/Console/Migrations/FreshCommand.php:61
/var/www/html/Laravel-engineer-Interview/vendor/laravel/framework/src/Illuminate/Container/BoundMethod.php:32
/var/www/html/Laravel-engineer-Interview/vendor/laravel/framework/src/Illuminate/Container/BoundMethod.php:90
/var/www/html/Laravel-engineer-Interview/vendor/laravel/framework/src/Illuminate/Container/BoundMethod.php:34
/var/www/html/Laravel-engineer-Interview/vendor/laravel/framework/src/Illuminate/Container/Container.php:576
/var/www/html/Laravel-engineer-Interview/vendor/laravel/framework/src/Illuminate/Console/Command.php:183
/var/www/html/Laravel-engineer-Interview/vendor/symfony/console/Command/Command.php:255
/var/www/html/Laravel-engineer-Interview/vendor/laravel/framework/src/Illuminate/Console/Command.php:170
/var/www/html/Laravel-engineer-Interview/vendor/symfony/console/Application.php:934
/var/www/html/Laravel-engineer-Interview/vendor/symfony/console/Application.php:273
/var/www/html/Laravel-engineer-Interview/vendor/symfony/console/Application.php:149
/var/www/html/Laravel-engineer-Interview/vendor/laravel/framework/src/Illuminate/Console/Application.php:90
/var/www/html/Laravel-engineer-Interview/vendor/laravel/framework/src/Illuminate/Console/Application.php:182
/var/www/html/Laravel-engineer-Interview/vendor/laravel/framework/src/Illuminate/Foundation/Console/Kernel.php:275
/var/www/html/Laravel-engineer-Interview/vendor/laravel/framework/src/Illuminate/Foundation/Testing/PendingCommand.php:136
/var/www/html/Laravel-engineer-Interview/vendor/laravel/framework/src/Illuminate/Foundation/Testing/PendingCommand.php:220
/var/www/html/Laravel-engineer-Interview/vendor/laravel/framework/src/Illuminate/Foundation/Testing/Concerns/InteractsWithConsole.php:56
/var/www/html/Laravel-engineer-Interview/vendor/laravel/framework/src/Illuminate/Foundation/Testing/RefreshDatabase.php:55
/var/www/html/Laravel-engineer-Interview/vendor/laravel/framework/src/Illuminate/Foundation/Testing/RefreshDatabase.php:18
/var/www/html/Laravel-engineer-Interview/vendor/laravel/framework/src/Illuminate/Foundation/Testing/TestCase.php:114
/var/www/html/Laravel-engineer-Interview/vendor/laravel/framework/src/Illuminate/Foundation/Testing/TestCase.php:81
</error>
        </testcase>
        <testcase name="testValidation with data set #1" class="Tests\Feature\BookPostTest" classname="Tests.Feature.BookPostTest" file="/var/www/html/Laravel-engineer-Interview/tests/Feature/BookPostTest.php" line="71" assertions="0" time="0.481971">
          <error type="Illuminate\Database\QueryException">Tests\Feature\BookPostTest::testValidation with data set #1 (array(''), 'isbn')
Illuminate\Database\QueryException: SQLSTATE[HY000]: General error: 1215 Cannot add foreign key constraint (SQL: alter table `book_author` add constraint `book_author_book_id_foreign` foreign key (`book_id`) references `books` (`id`) on delete cascade)

/var/www/html/Laravel-engineer-Interview/vendor/laravel/framework/src/Illuminate/Database/Connection.php:664
/var/www/html/Laravel-engineer-Interview/vendor/laravel/framework/src/Illuminate/Database/Connection.php:624
/var/www/html/Laravel-engineer-Interview/vendor/laravel/framework/src/Illuminate/Database/Connection.php:459
/var/www/html/Laravel-engineer-Interview/vendor/laravel/framework/src/Illuminate/Database/Schema/Blueprint.php:97
/var/www/html/Laravel-engineer-Interview/vendor/laravel/framework/src/Illuminate/Database/Schema/Builder.php:278
/var/www/html/Laravel-engineer-Interview/vendor/laravel/framework/src/Illuminate/Database/Schema/Builder.php:167
/var/www/html/Laravel-engineer-Interview/vendor/laravel/framework/src/Illuminate/Support/Facades/Facade.php:239
/var/www/html/Laravel-engineer-Interview/database/migrations/2019_05_07_000000_create_books_table.php:35
/var/www/html/Laravel-engineer-Interview/vendor/laravel/framework/src/Illuminate/Database/Migrations/Migrator.php:387
/var/www/html/Laravel-engineer-Interview/vendor/laravel/framework/src/Illuminate/Database/Migrations/Migrator.php:396
/var/www/html/Laravel-engineer-Interview/vendor/laravel/framework/src/Illuminate/Database/Migrations/Migrator.php:197
/var/www/html/Laravel-engineer-Interview/vendor/laravel/framework/src/Illuminate/Database/Migrations/Migrator.php:162
/var/www/html/Laravel-engineer-Interview/vendor/laravel/framework/src/Illuminate/Database/Migrations/Migrator.php:109
/var/www/html/Laravel-engineer-Interview/vendor/laravel/framework/src/Illuminate/Database/Console/Migrations/MigrateCommand.php:71
/var/www/html/Laravel-engineer-Interview/vendor/laravel/framework/src/Illuminate/Container/BoundMethod.php:32
/var/www/html/Laravel-engineer-Interview/vendor/laravel/framework/src/Illuminate/Container/BoundMethod.php:90
/var/www/html/Laravel-engineer-Interview/vendor/laravel/framework/src/Illuminate/Container/BoundMethod.php:34
/var/www/html/Laravel-engineer-Interview/vendor/laravel/framework/src/Illuminate/Container/Container.php:576
/var/www/html/Laravel-engineer-Interview/vendor/laravel/framework/src/Illuminate/Console/Command.php:183
/var/www/html/Laravel-engineer-Interview/vendor/symfony/console/Command/Command.php:255
/var/www/html/Laravel-engineer-Interview/vendor/laravel/framework/src/Illuminate/Console/Command.php:170
/var/www/html/Laravel-engineer-Interview/vendor/laravel/framework/src/Illuminate/Console/Command.php:198
/var/www/html/Laravel-engineer-Interview/vendor/laravel/framework/src/Illuminate/Database/Console/Migrations/FreshCommand.php:61
/var/www/html/Laravel-engineer-Interview/vendor/laravel/framework/src/Illuminate/Container/BoundMethod.php:32
/var/www/html/Laravel-engineer-Interview/vendor/laravel/framework/src/Illuminate/Container/BoundMethod.php:90
/var/www/html/Laravel-engineer-Interview/vendor/laravel/framework/src/Illuminate/Container/BoundMethod.php:34
/var/www/html/Laravel-engineer-Interview/vendor/laravel/framework/src/Illuminate/Container/Container.php:576
/var/www/html/Laravel-engineer-Interview/vendor/laravel/framework/src/Illuminate/Console/Command.php:183
/var/www/html/Laravel-engineer-Interview/vendor/symfony/console/Command/Command.php:255
/var/www/html/Laravel-engineer-Interview/vendor/laravel/framework/src/Illuminate/Console/Command.php:170
/var/www/html/Laravel-engineer-Interview/vendor/symfony/console/Application.php:934
/var/www/html/Laravel-engineer-Interview/vendor/symfony/console/Application.php:273
/var/www/html/Laravel-engineer-Interview/vendor/symfony/console/Application.php:149
/var/www/html/Laravel-engineer-Interview/vendor/laravel/framework/src/Illuminate/Console/Application.php:90
/var/www/html/Laravel-engineer-Interview/vendor/laravel/framework/src/Illuminate/Console/Application.php:182
/var/www/html/Laravel-engineer-Interview/vendor/laravel/framework/src/Illuminate/Foundation/Console/Kernel.php:275
/var/www/html/Laravel-engineer-Interview/vendor/laravel/framework/src/Illuminate/Foundation/Testing/PendingCommand.php:136
/var/www/html/Laravel-engineer-Interview/vendor/laravel/framework/src/Illuminate/Foundation/Testing/PendingCommand.php:220
/var/www/html/Laravel-engineer-Interview/vendor/laravel/framework/src/Illuminate/Foundation/Testing/Concerns/InteractsWithConsole.php:56
/var/www/html/Laravel-engineer-Interview/vendor/laravel/framework/src/Illuminate/Foundation/Testing/RefreshDatabase.php:55
/var/www/html/Laravel-engineer-Interview/vendor/laravel/framework/src/Illuminate/Foundation/Testing/RefreshDatabase.php:18
/var/www/html/Laravel-engineer-Interview/vendor/laravel/framework/src/Illuminate/Foundation/Testing/TestCase.php:114
/var/www/html/Laravel-engineer-Interview/vendor/laravel/framework/src/Illuminate/Foundation/Testing/TestCase.php:81
</error>
        </testcase>
        <testcase name="testValidation with data set #2" class="Tests\Feature\BookPostTest" classname="Tests.Feature.BookPostTest" file="/var/www/html/Laravel-engineer-Interview/tests/Feature/BookPostTest.php" line="71" assertions="0" time="0.513408">
          <error type="Illuminate\Database\QueryException">Tests\Feature\BookPostTest::testValidation with data set #2 (array('9788328302341'), 'isbn')
Illuminate\Database\QueryException: SQLSTATE[HY000]: General error: 1215 Cannot add foreign key constraint (SQL: alter table `book_author` add constraint `book_author_book_id_foreign` foreign key (`book_id`) references `books` (`id`) on delete cascade)

/var/www/html/Laravel-engineer-Interview/vendor/laravel/framework/src/Illuminate/Database/Connection.php:664
/var/www/html/Laravel-engineer-Interview/vendor/laravel/framework/src/Illuminate/Database/Connection.php:624
/var/www/html/Laravel-engineer-Interview/vendor/laravel/framework/src/Illuminate/Database/Connection.php:459
/var/www/html/Laravel-engineer-Interview/vendor/laravel/framework/src/Illuminate/Database/Schema/Blueprint.php:97
/var/www/html/Laravel-engineer-Interview/vendor/laravel/framework/src/Illuminate/Database/Schema/Builder.php:278
/var/www/html/Laravel-engineer-Interview/vendor/laravel/framework/src/Illuminate/Database/Schema/Builder.php:167
/var/www/html/Laravel-engineer-Interview/vendor/laravel/framework/src/Illuminate/Support/Facades/Facade.php:239
/var/www/html/Laravel-engineer-Interview/database/migrations/2019_05_07_000000_create_books_table.php:35
/var/www/html/Laravel-engineer-Interview/vendor/laravel/framework/src/Illuminate/Database/Migrations/Migrator.php:387
/var/www/html/Laravel-engineer-Interview/vendor/laravel/framework/src/Illuminate/Database/Migrations/Migrator.php:396
/var/www/html/Laravel-engineer-Interview/vendor/laravel/framework/src/Illuminate/Database/Migrations/Migrator.php:197
/var/www/html/Laravel-engineer-Interview/vendor/laravel/framework/src/Illuminate/Database/Migrations/Migrator.php:162
/var/www/html/Laravel-engineer-Interview/vendor/laravel/framework/src/Illuminate/Database/Migrations/Migrator.php:109
/var/www/html/Laravel-engineer-Interview/vendor/laravel/framework/src/Illuminate/Database/Console/Migrations/MigrateCommand.php:71
/var/www/html/Laravel-engineer-Interview/vendor/laravel/framework/src/Illuminate/Container/BoundMethod.php:32
/var/www/html/Laravel-engineer-Interview/vendor/laravel/framework/src/Illuminate/Container/BoundMethod.php:90
/var/www/html/Laravel-engineer-Interview/vendor/laravel/framework/src/Illuminate/Container/BoundMethod.php:34
/var/www/html/Laravel-engineer-Interview/vendor/laravel/framework/src/Illuminate/Container/Container.php:576
/var/www/html/Laravel-engineer-Interview/vendor/laravel/framework/src/Illuminate/Console/Command.php:183
/var/www/html/Laravel-engineer-Interview/vendor/symfony/console/Command/Command.php:255
/var/www/html/Laravel-engineer-Interview/vendor/laravel/framework/src/Illuminate/Console/Command.php:170
/var/www/html/Laravel-engineer-Interview/vendor/laravel/framework/src/Illuminate/Console/Command.php:198
/var/www/html/Laravel-engineer-Interview/vendor/laravel/framework/src/Illuminate/Database/Console/Migrations/FreshCommand.php:61
/var/www/html/Laravel-engineer-Interview/vendor/laravel/framework/src/Illuminate/Container/BoundMethod.php:32
/var/www/html/Laravel-engineer-Interview/vendor/laravel/framework/src/Illuminate/Container/BoundMethod.php:90
/var/www/html/Laravel-engineer-Interview/vendor/laravel/framework/src/Illuminate/Container/BoundMethod.php:34
/var/www/html/Laravel-engineer-Interview/vendor/laravel/framework/src/Illuminate/Container/Container.php:576
/var/www/html/Laravel-engineer-Interview/vendor/laravel/framework/src/Illuminate/Console/Command.php:183
/var/www/html/Laravel-engineer-Interview/vendor/symfony/console/Command/Command.php:255
/var/www/html/Laravel-engineer-Interview/vendor/laravel/framework/src/Illuminate/Console/Command.php:170
/var/www/html/Laravel-engineer-Interview/vendor/symfony/console/Application.php:934
/var/www/html/Laravel-engineer-Interview/vendor/symfony/console/Application.php:273
/var/www/html/Laravel-engineer-Interview/vendor/symfony/console/Application.php:149
/var/www/html/Laravel-engineer-Interview/vendor/laravel/framework/src/Illuminate/Console/Application.php:90
/var/www/html/Laravel-engineer-Interview/vendor/laravel/framework/src/Illuminate/Console/Application.php:182
/var/www/html/Laravel-engineer-Interview/vendor/laravel/framework/src/Illuminate/Foundation/Console/Kernel.php:275
/var/www/html/Laravel-engineer-Interview/vendor/laravel/framework/src/Illuminate/Foundation/Testing/PendingCommand.php:136
/var/www/html/Laravel-engineer-Interview/vendor/laravel/framework/src/Illuminate/Foundation/Testing/PendingCommand.php:220
/var/www/html/Laravel-engineer-Interview/vendor/laravel/framework/src/Illuminate/Foundation/Testing/Concerns/InteractsWithConsole.php:56
/var/www/html/Laravel-engineer-Interview/vendor/laravel/framework/src/Illuminate/Foundation/Testing/RefreshDatabase.php:55
/var/www/html/Laravel-engineer-Interview/vendor/laravel/framework/src/Illuminate/Foundation/Testing/RefreshDatabase.php:18
/var/www/html/Laravel-engineer-Interview/vendor/laravel/framework/src/Illuminate/Foundation/Testing/TestCase.php:114
/var/www/html/Laravel-engineer-Interview/vendor/laravel/framework/src/Illuminate/Foundation/Testing/TestCase.php:81
</error>
        </testcase>
        <testcase name="testValidation with data set #3" class="Tests\Feature\BookPostTest" classname="Tests.Feature.BookPostTest" file="/var/www/html/Laravel-engineer-Interview/tests/Feature/BookPostTest.php" line="71" assertions="0" time="0.519231">
          <error type="Illuminate\Database\QueryException">Tests\Feature\BookPostTest::testValidation with data set #3 (array('978832830234'), 'isbn')
Illuminate\Database\QueryException: SQLSTATE[HY000]: General error: 1215 Cannot add foreign key constraint (SQL: alter table `book_author` add constraint `book_author_book_id_foreign` foreign key (`book_id`) references `books` (`id`) on delete cascade)

/var/www/html/Laravel-engineer-Interview/vendor/laravel/framework/src/Illuminate/Database/Connection.php:664
/var/www/html/Laravel-engineer-Interview/vendor/laravel/framework/src/Illuminate/Database/Connection.php:624
/var/www/html/Laravel-engineer-Interview/vendor/laravel/framework/src/Illuminate/Database/Connection.php:459
/var/www/html/Laravel-engineer-Interview/vendor/laravel/framework/src/Illuminate/Database/Schema/Blueprint.php:97
/var/www/html/Laravel-engineer-Interview/vendor/laravel/framework/src/Illuminate/Database/Schema/Builder.php:278
/var/www/html/Laravel-engineer-Interview/vendor/laravel/framework/src/Illuminate/Database/Schema/Builder.php:167
/var/www/html/Laravel-engineer-Interview/vendor/laravel/framework/src/Illuminate/Support/Facades/Facade.php:239
/var/www/html/Laravel-engineer-Interview/database/migrations/2019_05_07_000000_create_books_table.php:35
/var/www/html/Laravel-engineer-Interview/vendor/laravel/framework/src/Illuminate/Database/Migrations/Migrator.php:387
/var/www/html/Laravel-engineer-Interview/vendor/laravel/framework/src/Illuminate/Database/Migrations/Migrator.php:396
/var/www/html/Laravel-engineer-Interview/vendor/laravel/framework/src/Illuminate/Database/Migrations/Migrator.php:197
/var/www/html/Laravel-engineer-Interview/vendor/laravel/framework/src/Illuminate/Database/Migrations/Migrator.php:162
/var/www/html/Laravel-engineer-Interview/vendor/laravel/framework/src/Illuminate/Database/Migrations/Migrator.php:109
/var/www/html/Laravel-engineer-Interview/vendor/laravel/framework/src/Illuminate/Database/Console/Migrations/MigrateCommand.php:71
/var/www/html/Laravel-engineer-Interview/vendor/laravel/framework/src/Illuminate/Container/BoundMethod.php:32
/var/www/html/Laravel-engineer-Interview/vendor/laravel/framework/src/Illuminate/Container/BoundMethod.php:90
/var/www/html/Laravel-engineer-Interview/vendor/laravel/framework/src/Illuminate/Container/BoundMethod.php:34
/var/www/html/Laravel-engineer-Interview/vendor/laravel/framework/src/Illuminate/Container/Container.php:576
/var/www/html/Laravel-engineer-Interview/vendor/laravel/framework/src/Illuminate/Console/Command.php:183
/var/www/html/Laravel-engineer-Interview/vendor/symfony/console/Command/Command.php:255
/var/www/html/Laravel-engineer-Interview/vendor/laravel/framework/src/Illuminate/Console/Command.php:170
/var/www/html/Laravel-engineer-Interview/vendor/laravel/framework/src/Illuminate/Console/Command.php:198
/var/www/html/Laravel-engineer-Interview/vendor/laravel/framework/src/Illuminate/Database/Console/Migrations/FreshCommand.php:61
/var/www/html/Laravel-engineer-Interview/vendor/laravel/framework/src/Illuminate/Container/BoundMethod.php:32
/var/www/html/Laravel-engineer-Interview/vendor/laravel/framework/src/Illuminate/Container/BoundMethod.php:90
/var/www/html/Laravel-engineer-Interview/vendor/laravel/framework/src/Illuminate/Container/BoundMethod.php:34
/var/www/html/Laravel-engineer-Interview/vendor/laravel/framework/src/Illuminate/Container/Container.php:576
/var/www/html/Laravel-engineer-Interview/vendor/laravel/framework/src/Illuminate/Console/Command.php:183
/var/www/html/Laravel-engineer-Interview/vendor/symfony/console/Command/Command.php:255
/var/www/html/Laravel-engineer-Interview/vendor/laravel/framework/src/Illuminate/Console/Command.php:170
/var/www/html/Laravel-engineer-Interview/vendor/symfony/console/Application.php:934
/var/www/html/Laravel-engineer-Interview/vendor/symfony/console/Application.php:273
/var/www/html/Laravel-engineer-Interview/vendor/symfony/console/Application.php:149
/var/www/html/Laravel-engineer-Interview/vendor/laravel/framework/src/Illuminate/Console/Application.php:90
/var/www/html/Laravel-engineer-Interview/vendor/laravel/framework/src/Illuminate/Console/Application.php:182
/var/www/html/Laravel-engineer-Interview/vendor/laravel/framework/src/Illuminate/Foundation/Console/Kernel.php:275
/var/www/html/Laravel-engineer-Interview/vendor/laravel/framework/src/Illuminate/Foundation/Testing/PendingCommand.php:136
/var/www/html/Laravel-engineer-Interview/vendor/laravel/framework/src/Illuminate/Foundation/Testing/PendingCommand.php:220
/var/www/html/Laravel-engineer-Interview/vendor/laravel/framework/src/Illuminate/Foundation/Testing/Concerns/InteractsWithConsole.php:56
/var/www/html/Laravel-engineer-Interview/vendor/laravel/framework/src/Illuminate/Foundation/Testing/RefreshDatabase.php:55
/var/www/html/Laravel-engineer-Interview/vendor/laravel/framework/src/Illuminate/Foundation/Testing/RefreshDatabase.php:18
/var/www/html/Laravel-engineer-Interview/vendor/laravel/framework/src/Illuminate/Foundation/Testing/TestCase.php:114
/var/www/html/Laravel-engineer-Interview/vendor/laravel/framework/src/Illuminate/Foundation/Testing/TestCase.php:81
</error>
        </testcase>
        <testcase name="testValidation with data set #4" class="Tests\Feature\BookPostTest" classname="Tests.Feature.BookPostTest" file="/var/www/html/Laravel-engineer-Interview/tests/Feature/BookPostTest.php" line="71" assertions="0" time="1.706229">
          <error type="Illuminate\Database\QueryException">Tests\Feature\BookPostTest::testValidation with data set #4 (array('97883283023422'), 'isbn')
Illuminate\Database\QueryException: SQLSTATE[HY000]: General error: 1215 Cannot add foreign key constraint (SQL: alter table `book_author` add constraint `book_author_book_id_foreign` foreign key (`book_id`) references `books` (`id`) on delete cascade)

/var/www/html/Laravel-engineer-Interview/vendor/laravel/framework/src/Illuminate/Database/Connection.php:664
/var/www/html/Laravel-engineer-Interview/vendor/laravel/framework/src/Illuminate/Database/Connection.php:624
/var/www/html/Laravel-engineer-Interview/vendor/laravel/framework/src/Illuminate/Database/Connection.php:459
/var/www/html/Laravel-engineer-Interview/vendor/laravel/framework/src/Illuminate/Database/Schema/Blueprint.php:97
/var/www/html/Laravel-engineer-Interview/vendor/laravel/framework/src/Illuminate/Database/Schema/Builder.php:278
/var/www/html/Laravel-engineer-Interview/vendor/laravel/framework/src/Illuminate/Database/Schema/Builder.php:167
/var/www/html/Laravel-engineer-Interview/vendor/laravel/framework/src/Illuminate/Support/Facades/Facade.php:239
/var/www/html/Laravel-engineer-Interview/database/migrations/2019_05_07_000000_create_books_table.php:35
/var/www/html/Laravel-engineer-Interview/vendor/laravel/framework/src/Illuminate/Database/Migrations/Migrator.php:387
/var/www/html/Laravel-engineer-Interview/vendor/laravel/framework/src/Illuminate/Database/Migrations/Migrator.php:396
/var/www/html/Laravel-engineer-Interview/vendor/laravel/framework/src/Illuminate/Database/Migrations/Migrator.php:197
/var/www/html/Laravel-engineer-Interview/vendor/laravel/framework/src/Illuminate/Database/Migrations/Migrator.php:162
/var/www/html/Laravel-engineer-Interview/vendor/laravel/framework/src/Illuminate/Database/Migrations/Migrator.php:109
/var/www/html/Laravel-engineer-Interview/vendor/laravel/framework/src/Illuminate/Database/Console/Migrations/MigrateCommand.php:71
/var/www/html/Laravel-engineer-Interview/vendor/laravel/framework/src/Illuminate/Container/BoundMethod.php:32
/var/www/html/Laravel-engineer-Interview/vendor/laravel/framework/src/Illuminate/Container/BoundMethod.php:90
/var/www/html/Laravel-engineer-Interview/vendor/laravel/framework/src/Illuminate/Container/BoundMethod.php:34
/var/www/html/Laravel-engineer-Interview/vendor/laravel/framework/src/Illuminate/Container/Container.php:576
/var/www/html/Laravel-engineer-Interview/vendor/laravel/framework/src/Illuminate/Console/Command.php:183
/var/www/html/Laravel-engineer-Interview/vendor/symfony/console/Command/Command.php:255
/var/www/html/Laravel-engineer-Interview/vendor/laravel/framework/src/Illuminate/Console/Command.php:170
/var/www/html/Laravel-engineer-Interview/vendor/laravel/framework/src/Illuminate/Console/Command.php:198
/var/www/html/Laravel-engineer-Interview/vendor/laravel/framework/src/Illuminate/Database/Console/Migrations/FreshCommand.php:61
/var/www/html/Laravel-engineer-Interview/vendor/laravel/framework/src/Illuminate/Container/BoundMethod.php:32
/var/www/html/Laravel-engineer-Interview/vendor/laravel/framework/src/Illuminate/Container/BoundMethod.php:90
/var/www/html/Laravel-engineer-Interview/vendor/laravel/framework/src/Illuminate/Container/BoundMethod.php:34
/var/www/html/Laravel-engineer-Interview/vendor/laravel/framework/src/Illuminate/Container/Container.php:576
/var/www/html/Laravel-engineer-Interview/vendor/laravel/framework/src/Illuminate/Console/Command.php:183
/var/www/html/Laravel-engineer-Interview/vendor/symfony/console/Command/Command.php:255
/var/www/html/Laravel-engineer-Interview/vendor/laravel/framework/src/Illuminate/Console/Command.php:170
/var/www/html/Laravel-engineer-Interview/vendor/symfony/console/Application.php:934
/var/www/html/Laravel-engineer-Interview/vendor/symfony/console/Application.php:273
/var/www/html/Laravel-engineer-Interview/vendor/symfony/console/Application.php:149
/var/www/html/Laravel-engineer-Interview/vendor/laravel/framework/src/Illuminate/Console/Application.php:90
/var/www/html/Laravel-engineer-Interview/vendor/laravel/framework/src/Illuminate/Console/Application.php:182
/var/www/html/Laravel-engineer-Interview/vendor/laravel/framework/src/Illuminate/Foundation/Console/Kernel.php:275
/var/www/html/Laravel-engineer-Interview/vendor/laravel/framework/src/Illuminate/Foundation/Testing/PendingCommand.php:136
/var/www/html/Laravel-engineer-Interview/vendor/laravel/framework/src/Illuminate/Foundation/Testing/PendingCommand.php:220
/var/www/html/Laravel-engineer-Interview/vendor/laravel/framework/src/Illuminate/Foundation/Testing/Concerns/InteractsWithConsole.php:56
/var/www/html/Laravel-engineer-Interview/vendor/laravel/framework/src/Illuminate/Foundation/Testing/RefreshDatabase.php:55
/var/www/html/Laravel-engineer-Interview/vendor/laravel/framework/src/Illuminate/Foundation/Testing/RefreshDatabase.php:18
/var/www/html/Laravel-engineer-Interview/vendor/laravel/framework/src/Illuminate/Foundation/Testing/TestCase.php:114
/var/www/html/Laravel-engineer-Interview/vendor/laravel/framework/src/Illuminate/Foundation/Testing/TestCase.php:81
</error>
        </testcase>
        <testcase name="testValidation with data set #5" class="Tests\Feature\BookPostTest" classname="Tests.Feature.BookPostTest" file="/var/www/html/Laravel-engineer-Interview/tests/Feature/BookPostTest.php" line="71" assertions="0" time="0.465064">
          <error type="Illuminate\Database\QueryException">Tests\Feature\BookPostTest::testValidation with data set #5 (array(array()), 'isbn')
Illuminate\Database\QueryException: SQLSTATE[HY000]: General error: 1215 Cannot add foreign key constraint (SQL: alter table `book_author` add constraint `book_author_book_id_foreign` foreign key (`book_id`) references `books` (`id`) on delete cascade)

/var/www/html/Laravel-engineer-Interview/vendor/laravel/framework/src/Illuminate/Database/Connection.php:664
/var/www/html/Laravel-engineer-Interview/vendor/laravel/framework/src/Illuminate/Database/Connection.php:624
/var/www/html/Laravel-engineer-Interview/vendor/laravel/framework/src/Illuminate/Database/Connection.php:459
/var/www/html/Laravel-engineer-Interview/vendor/laravel/framework/src/Illuminate/Database/Schema/Blueprint.php:97
/var/www/html/Laravel-engineer-Interview/vendor/laravel/framework/src/Illuminate/Database/Schema/Builder.php:278
/var/www/html/Laravel-engineer-Interview/vendor/laravel/framework/src/Illuminate/Database/Schema/Builder.php:167
/var/www/html/Laravel-engineer-Interview/vendor/laravel/framework/src/Illuminate/Support/Facades/Facade.php:239
/var/www/html/Laravel-engineer-Interview/database/migrations/2019_05_07_000000_create_books_table.php:35
/var/www/html/Laravel-engineer-Interview/vendor/laravel/framework/src/Illuminate/Database/Migrations/Migrator.php:387
/var/www/html/Laravel-engineer-Interview/vendor/laravel/framework/src/Illuminate/Database/Migrations/Migrator.php:396
/var/www/html/Laravel-engineer-Interview/vendor/laravel/framework/src/Illuminate/Database/Migrations/Migrator.php:197
/var/www/html/Laravel-engineer-Interview/vendor/laravel/framework/src/Illuminate/Database/Migrations/Migrator.php:162
/var/www/html/Laravel-engineer-Interview/vendor/laravel/framework/src/Illuminate/Database/Migrations/Migrator.php:109
/var/www/html/Laravel-engineer-Interview/vendor/laravel/framework/src/Illuminate/Database/Console/Migrations/MigrateCommand.php:71
/var/www/html/Laravel-engineer-Interview/vendor/laravel/framework/src/Illuminate/Container/BoundMethod.php:32
/var/www/html/Laravel-engineer-Interview/vendor/laravel/framework/src/Illuminate/Container/BoundMethod.php:90
/var/www/html/Laravel-engineer-Interview/vendor/laravel/framework/src/Illuminate/Container/BoundMethod.php:34
/var/www/html/Laravel-engineer-Interview/vendor/laravel/framework/src/Illuminate/Container/Container.php:576
/var/www/html/Laravel-engineer-Interview/vendor/laravel/framework/src/Illuminate/Console/Command.php:183
/var/www/html/Laravel-engineer-Interview/vendor/symfony/console/Command/Command.php:255
/var/www/html/Laravel-engineer-Interview/vendor/laravel/framework/src/Illuminate/Console/Command.php:170
/var/www/html/Laravel-engineer-Interview/vendor/laravel/framework/src/Illuminate/Console/Command.php:198
/var/www/html/Laravel-engineer-Interview/vendor/laravel/framework/src/Illuminate/Database/Console/Migrations/FreshCommand.php:61
/var/www/html/Laravel-engineer-Interview/vendor/laravel/framework/src/Illuminate/Container/BoundMethod.php:32
/var/www/html/Laravel-engineer-Interview/vendor/laravel/framework/src/Illuminate/Container/BoundMethod.php:90
/var/www/html/Laravel-engineer-Interview/vendor/laravel/framework/src/Illuminate/Container/BoundMethod.php:34
/var/www/html/Laravel-engineer-Interview/vendor/laravel/framework/src/Illuminate/Container/Container.php:576
/var/www/html/Laravel-engineer-Interview/vendor/laravel/framework/src/Illuminate/Console/Command.php:183
/var/www/html/Laravel-engineer-Interview/vendor/symfony/console/Command/Command.php:255
/var/www/html/Laravel-engineer-Interview/vendor/laravel/framework/src/Illuminate/Console/Command.php:170
/var/www/html/Laravel-engineer-Interview/vendor/symfony/console/Application.php:934
/var/www/html/Laravel-engineer-Interview/vendor/symfony/console/Application.php:273
/var/www/html/Laravel-engineer-Interview/vendor/symfony/console/Application.php:149
/var/www/html/Laravel-engineer-Interview/vendor/laravel/framework/src/Illuminate/Console/Application.php:90
/var/www/html/Laravel-engineer-Interview/vendor/laravel/framework/src/Illuminate/Console/Application.php:182
/var/www/html/Laravel-engineer-Interview/vendor/laravel/framework/src/Illuminate/Foundation/Console/Kernel.php:275
/var/www/html/Laravel-engineer-Interview/vendor/laravel/framework/src/Illuminate/Foundation/Testing/PendingCommand.php:136
/var/www/html/Laravel-engineer-Interview/vendor/laravel/framework/src/Illuminate/Foundation/Testing/PendingCommand.php:220
/var/www/html/Laravel-engineer-Interview/vendor/laravel/framework/src/Illuminate/Foundation/Testing/Concerns/InteractsWithConsole.php:56
/var/www/html/Laravel-engineer-Interview/vendor/laravel/framework/src/Illuminate/Foundation/Testing/RefreshDatabase.php:55
/var/www/html/Laravel-engineer-Interview/vendor/laravel/framework/src/Illuminate/Foundation/Testing/RefreshDatabase.php:18
/var/www/html/Laravel-engineer-Interview/vendor/laravel/framework/src/Illuminate/Foundation/Testing/TestCase.php:114
/var/www/html/Laravel-engineer-Interview/vendor/laravel/framework/src/Illuminate/Foundation/Testing/TestCase.php:81
</error>
        </testcase>
        <testcase name="testValidation with data set #6" class="Tests\Feature\BookPostTest" classname="Tests.Feature.BookPostTest" file="/var/www/html/Laravel-engineer-Interview/tests/Feature/BookPostTest.php" line="71" assertions="0" time="0.448329">
          <error type="Illuminate\Database\QueryException">Tests\Feature\BookPostTest::testValidation with data set #6 (array(array(673890)), 'isbn')
Illuminate\Database\QueryException: SQLSTATE[HY000]: General error: 1215 Cannot add foreign key constraint (SQL: alter table `book_author` add constraint `book_author_book_id_foreign` foreign key (`book_id`) references `books` (`id`) on delete cascade)

/var/www/html/Laravel-engineer-Interview/vendor/laravel/framework/src/Illuminate/Database/Connection.php:664
/var/www/html/Laravel-engineer-Interview/vendor/laravel/framework/src/Illuminate/Database/Connection.php:624
/var/www/html/Laravel-engineer-Interview/vendor/laravel/framework/src/Illuminate/Database/Connection.php:459
/var/www/html/Laravel-engineer-Interview/vendor/laravel/framework/src/Illuminate/Database/Schema/Blueprint.php:97
/var/www/html/Laravel-engineer-Interview/vendor/laravel/framework/src/Illuminate/Database/Schema/Builder.php:278
/var/www/html/Laravel-engineer-Interview/vendor/laravel/framework/src/Illuminate/Database/Schema/Builder.php:167
/var/www/html/Laravel-engineer-Interview/vendor/laravel/framework/src/Illuminate/Support/Facades/Facade.php:239
/var/www/html/Laravel-engineer-Interview/database/migrations/2019_05_07_000000_create_books_table.php:35
/var/www/html/Laravel-engineer-Interview/vendor/laravel/framework/src/Illuminate/Database/Migrations/Migrator.php:387
/var/www/html/Laravel-engineer-Interview/vendor/laravel/framework/src/Illuminate/Database/Migrations/Migrator.php:396
/var/www/html/Laravel-engineer-Interview/vendor/laravel/framework/src/Illuminate/Database/Migrations/Migrator.php:197
/var/www/html/Laravel-engineer-Interview/vendor/laravel/framework/src/Illuminate/Database/Migrations/Migrator.php:162
/var/www/html/Laravel-engineer-Interview/vendor/laravel/framework/src/Illuminate/Database/Migrations/Migrator.php:109
/var/www/html/Laravel-engineer-Interview/vendor/laravel/framework/src/Illuminate/Database/Console/Migrations/MigrateCommand.php:71
/var/www/html/Laravel-engineer-Interview/vendor/laravel/framework/src/Illuminate/Container/BoundMethod.php:32
/var/www/html/Laravel-engineer-Interview/vendor/laravel/framework/src/Illuminate/Container/BoundMethod.php:90
/var/www/html/Laravel-engineer-Interview/vendor/laravel/framework/src/Illuminate/Container/BoundMethod.php:34
/var/www/html/Laravel-engineer-Interview/vendor/laravel/framework/src/Illuminate/Container/Container.php:576
/var/www/html/Laravel-engineer-Interview/vendor/laravel/framework/src/Illuminate/Console/Command.php:183
/var/www/html/Laravel-engineer-Interview/vendor/symfony/console/Command/Command.php:255
/var/www/html/Laravel-engineer-Interview/vendor/laravel/framework/src/Illuminate/Console/Command.php:170
/var/www/html/Laravel-engineer-Interview/vendor/laravel/framework/src/Illuminate/Console/Command.php:198
/var/www/html/Laravel-engineer-Interview/vendor/laravel/framework/src/Illuminate/Database/Console/Migrations/FreshCommand.php:61
/var/www/html/Laravel-engineer-Interview/vendor/laravel/framework/src/Illuminate/Container/BoundMethod.php:32
/var/www/html/Laravel-engineer-Interview/vendor/laravel/framework/src/Illuminate/Container/BoundMethod.php:90
/var/www/html/Laravel-engineer-Interview/vendor/laravel/framework/src/Illuminate/Container/BoundMethod.php:34
/var/www/html/Laravel-engineer-Interview/vendor/laravel/framework/src/Illuminate/Container/Container.php:576
/var/www/html/Laravel-engineer-Interview/vendor/laravel/framework/src/Illuminate/Console/Command.php:183
/var/www/html/Laravel-engineer-Interview/vendor/symfony/console/Command/Command.php:255
/var/www/html/Laravel-engineer-Interview/vendor/laravel/framework/src/Illuminate/Console/Command.php:170
/var/www/html/Laravel-engineer-Interview/vendor/symfony/console/Application.php:934
/var/www/html/Laravel-engineer-Interview/vendor/symfony/console/Application.php:273
/var/www/html/Laravel-engineer-Interview/vendor/symfony/console/Application.php:149
/var/www/html/Laravel-engineer-Interview/vendor/laravel/framework/src/Illuminate/Console/Application.php:90
/var/www/html/Laravel-engineer-Interview/vendor/laravel/framework/src/Illuminate/Console/Application.php:182
/var/www/html/Laravel-engineer-Interview/vendor/laravel/framework/src/Illuminate/Foundation/Console/Kernel.php:275
/var/www/html/Laravel-engineer-Interview/vendor/laravel/framework/src/Illuminate/Foundation/Testing/PendingCommand.php:136
/var/www/html/Laravel-engineer-Interview/vendor/laravel/framework/src/Illuminate/Foundation/Testing/PendingCommand.php:220
/var/www/html/Laravel-engineer-Interview/vendor/laravel/framework/src/Illuminate/Foundation/Testing/Concerns/InteractsWithConsole.php:56
/var/www/html/Laravel-engineer-Interview/vendor/laravel/framework/src/Illuminate/Foundation/Testing/RefreshDatabase.php:55
/var/www/html/Laravel-engineer-Interview/vendor/laravel/framework/src/Illuminate/Foundation/Testing/RefreshDatabase.php:18
/var/www/html/Laravel-engineer-Interview/vendor/laravel/framework/src/Illuminate/Foundation/Testing/TestCase.php:114
/var/www/html/Laravel-engineer-Interview/vendor/laravel/framework/src/Illuminate/Foundation/Testing/TestCase.php:81
</error>
        </testcase>
        <testcase name="testValidation with data set #7" class="Tests\Feature\BookPostTest" classname="Tests.Feature.BookPostTest" file="/var/www/html/Laravel-engineer-Interview/tests/Feature/BookPostTest.php" line="71" assertions="0" time="0.498822">
          <error type="Illuminate\Database\QueryException">Tests\Feature\BookPostTest::testValidation with data set #7 (array(array('978832830234')), 'isbn')
Illuminate\Database\QueryException: SQLSTATE[HY000]: General error: 1215 Cannot add foreign key constraint (SQL: alter table `book_author` add constraint `book_author_book_id_foreign` foreign key (`book_id`) references `books` (`id`) on delete cascade)

/var/www/html/Laravel-engineer-Interview/vendor/laravel/framework/src/Illuminate/Database/Connection.php:664
/var/www/html/Laravel-engineer-Interview/vendor/laravel/framework/src/Illuminate/Database/Connection.php:624
/var/www/html/Laravel-engineer-Interview/vendor/laravel/framework/src/Illuminate/Database/Connection.php:459
/var/www/html/Laravel-engineer-Interview/vendor/laravel/framework/src/Illuminate/Database/Schema/Blueprint.php:97
/var/www/html/Laravel-engineer-Interview/vendor/laravel/framework/src/Illuminate/Database/Schema/Builder.php:278
/var/www/html/Laravel-engineer-Interview/vendor/laravel/framework/src/Illuminate/Database/Schema/Builder.php:167
/var/www/html/Laravel-engineer-Interview/vendor/laravel/framework/src/Illuminate/Support/Facades/Facade.php:239
/var/www/html/Laravel-engineer-Interview/database/migrations/2019_05_07_000000_create_books_table.php:35
/var/www/html/Laravel-engineer-Interview/vendor/laravel/framework/src/Illuminate/Database/Migrations/Migrator.php:387
/var/www/html/Laravel-engineer-Interview/vendor/laravel/framework/src/Illuminate/Database/Migrations/Migrator.php:396
/var/www/html/Laravel-engineer-Interview/vendor/laravel/framework/src/Illuminate/Database/Migrations/Migrator.php:197
/var/www/html/Laravel-engineer-Interview/vendor/laravel/framework/src/Illuminate/Database/Migrations/Migrator.php:162
/var/www/html/Laravel-engineer-Interview/vendor/laravel/framework/src/Illuminate/Database/Migrations/Migrator.php:109
/var/www/html/Laravel-engineer-Interview/vendor/laravel/framework/src/Illuminate/Database/Console/Migrations/MigrateCommand.php:71
/var/www/html/Laravel-engineer-Interview/vendor/laravel/framework/src/Illuminate/Container/BoundMethod.php:32
/var/www/html/Laravel-engineer-Interview/vendor/laravel/framework/src/Illuminate/Container/BoundMethod.php:90
/var/www/html/Laravel-engineer-Interview/vendor/laravel/framework/src/Illuminate/Container/BoundMethod.php:34
/var/www/html/Laravel-engineer-Interview/vendor/laravel/framework/src/Illuminate/Container/Container.php:576
/var/www/html/Laravel-engineer-Interview/vendor/laravel/framework/src/Illuminate/Console/Command.php:183
/var/www/html/Laravel-engineer-Interview/vendor/symfony/console/Command/Command.php:255
/var/www/html/Laravel-engineer-Interview/vendor/laravel/framework/src/Illuminate/Console/Command.php:170
/var/www/html/Laravel-engineer-Interview/vendor/laravel/framework/src/Illuminate/Console/Command.php:198
/var/www/html/Laravel-engineer-Interview/vendor/laravel/framework/src/Illuminate/Database/Console/Migrations/FreshCommand.php:61
/var/www/html/Laravel-engineer-Interview/vendor/laravel/framework/src/Illuminate/Container/BoundMethod.php:32
/var/www/html/Laravel-engineer-Interview/vendor/laravel/framework/src/Illuminate/Container/BoundMethod.php:90
/var/www/html/Laravel-engineer-Interview/vendor/laravel/framework/src/Illuminate/Container/BoundMethod.php:34
/var/www/html/Laravel-engineer-Interview/vendor/laravel/framework/src/Illuminate/Container/Container.php:576
/var/www/html/Laravel-engineer-Interview/vendor/laravel/framework/src/Illuminate/Console/Command.php:183
/var/www/html/Laravel-engineer-Interview/vendor/symfony/console/Command/Command.php:255
/var/www/html/Laravel-engineer-Interview/vendor/laravel/framework/src/Illuminate/Console/Command.php:170
/var/www/html/Laravel-engineer-Interview/vendor/symfony/console/Application.php:934
/var/www/html/Laravel-engineer-Interview/vendor/symfony/console/Application.php:273
/var/www/html/Laravel-engineer-Interview/vendor/symfony/console/Application.php:149
/var/www/html/Laravel-engineer-Interview/vendor/laravel/framework/src/Illuminate/Console/Application.php:90
/var/www/html/Laravel-engineer-Interview/vendor/laravel/framework/src/Illuminate/Console/Application.php:182
/var/www/html/Laravel-engineer-Interview/vendor/laravel/framework/src/Illuminate/Foundation/Console/Kernel.php:275
/var/www/html/Laravel-engineer-Interview/vendor/laravel/framework/src/Illuminate/Foundation/Testing/PendingCommand.php:136
/var/www/html/Laravel-engineer-Interview/vendor/laravel/framework/src/Illuminate/Foundation/Testing/PendingCommand.php:220
/var/www/html/Laravel-engineer-Interview/vendor/laravel/framework/src/Illuminate/Foundation/Testing/Concerns/InteractsWithConsole.php:56
/var/www/html/Laravel-engineer-Interview/vendor/laravel/framework/src/Illuminate/Foundation/Testing/RefreshDatabase.php:55
/var/www/html/Laravel-engineer-Interview/vendor/laravel/framework/src/Illuminate/Foundation/Testing/RefreshDatabase.php:18
/var/www/html/Laravel-engineer-Interview/vendor/laravel/framework/src/Illuminate/Foundation/Testing/TestCase.php:114
/var/www/html/Laravel-engineer-Interview/vendor/laravel/framework/src/Illuminate/Foundation/Testing/TestCase.php:81
</error>
        </testcase>
        <testcase name="testValidation with data set #8" class="Tests\Feature\BookPostTest" classname="Tests.Feature.BookPostTest" file="/var/www/html/Laravel-engineer-Interview/tests/Feature/BookPostTest.php" line="71" assertions="0" time="0.469101">
          <error type="Illuminate\Database\QueryException">Tests\Feature\BookPostTest::testValidation with data set #8 (array('FCKGWRHQQ2'), 'isbn')
Illuminate\Database\QueryException: SQLSTATE[HY000]: General error: 1215 Cannot add foreign key constraint (SQL: alter table `book_author` add constraint `book_author_book_id_foreign` foreign key (`book_id`) references `books` (`id`) on delete cascade)

/var/www/html/Laravel-engineer-Interview/vendor/laravel/framework/src/Illuminate/Database/Connection.php:664
/var/www/html/Laravel-engineer-Interview/vendor/laravel/framework/src/Illuminate/Database/Connection.php:624
/var/www/html/Laravel-engineer-Interview/vendor/laravel/framework/src/Illuminate/Database/Connection.php:459
/var/www/html/Laravel-engineer-Interview/vendor/laravel/framework/src/Illuminate/Database/Schema/Blueprint.php:97
/var/www/html/Laravel-engineer-Interview/vendor/laravel/framework/src/Illuminate/Database/Schema/Builder.php:278
/var/www/html/Laravel-engineer-Interview/vendor/laravel/framework/src/Illuminate/Database/Schema/Builder.php:167
/var/www/html/Laravel-engineer-Interview/vendor/laravel/framework/src/Illuminate/Support/Facades/Facade.php:239
/var/www/html/Laravel-engineer-Interview/database/migrations/2019_05_07_000000_create_books_table.php:35
/var/www/html/Laravel-engineer-Interview/vendor/laravel/framework/src/Illuminate/Database/Migrations/Migrator.php:387
/var/www/html/Laravel-engineer-Interview/vendor/laravel/framework/src/Illuminate/Database/Migrations/Migrator.php:396
/var/www/html/Laravel-engineer-Interview/vendor/laravel/framework/src/Illuminate/Database/Migrations/Migrator.php:197
/var/www/html/Laravel-engineer-Interview/vendor/laravel/framework/src/Illuminate/Database/Migrations/Migrator.php:162
/var/www/html/Laravel-engineer-Interview/vendor/laravel/framework/src/Illuminate/Database/Migrations/Migrator.php:109
/var/www/html/Laravel-engineer-Interview/vendor/laravel/framework/src/Illuminate/Database/Console/Migrations/MigrateCommand.php:71
/var/www/html/Laravel-engineer-Interview/vendor/laravel/framework/src/Illuminate/Container/BoundMethod.php:32
/var/www/html/Laravel-engineer-Interview/vendor/laravel/framework/src/Illuminate/Container/BoundMethod.php:90
/var/www/html/Laravel-engineer-Interview/vendor/laravel/framework/src/Illuminate/Container/BoundMethod.php:34
/var/www/html/Laravel-engineer-Interview/vendor/laravel/framework/src/Illuminate/Container/Container.php:576
/var/www/html/Laravel-engineer-Interview/vendor/laravel/framework/src/Illuminate/Console/Command.php:183
/var/www/html/Laravel-engineer-Interview/vendor/symfony/console/Command/Command.php:255
/var/www/html/Laravel-engineer-Interview/vendor/laravel/framework/src/Illuminate/Console/Command.php:170
/var/www/html/Laravel-engineer-Interview/vendor/laravel/framework/src/Illuminate/Console/Command.php:198
/var/www/html/Laravel-engineer-Interview/vendor/laravel/framework/src/Illuminate/Database/Console/Migrations/FreshCommand.php:61
/var/www/html/Laravel-engineer-Interview/vendor/laravel/framework/src/Illuminate/Container/BoundMethod.php:32
/var/www/html/Laravel-engineer-Interview/vendor/laravel/framework/src/Illuminate/Container/BoundMethod.php:90
/var/www/html/Laravel-engineer-Interview/vendor/laravel/framework/src/Illuminate/Container/BoundMethod.php:34
/var/www/html/Laravel-engineer-Interview/vendor/laravel/framework/src/Illuminate/Container/Container.php:576
/var/www/html/Laravel-engineer-Interview/vendor/laravel/framework/src/Illuminate/Console/Command.php:183
/var/www/html/Laravel-engineer-Interview/vendor/symfony/console/Command/Command.php:255
/var/www/html/Laravel-engineer-Interview/vendor/laravel/framework/src/Illuminate/Console/Command.php:170
/var/www/html/Laravel-engineer-Interview/vendor/symfony/console/Application.php:934
/var/www/html/Laravel-engineer-Interview/vendor/symfony/console/Application.php:273
/var/www/html/Laravel-engineer-Interview/vendor/symfony/console/Application.php:149
/var/www/html/Laravel-engineer-Interview/vendor/laravel/framework/src/Illuminate/Console/Application.php:90
/var/www/html/Laravel-engineer-Interview/vendor/laravel/framework/src/Illuminate/Console/Application.php:182
/var/www/html/Laravel-engineer-Interview/vendor/laravel/framework/src/Illuminate/Foundation/Console/Kernel.php:275
/var/www/html/Laravel-engineer-Interview/vendor/laravel/framework/src/Illuminate/Foundation/Testing/PendingCommand.php:136
/var/www/html/Laravel-engineer-Interview/vendor/laravel/framework/src/Illuminate/Foundation/Testing/PendingCommand.php:220
/var/www/html/Laravel-engineer-Interview/vendor/laravel/framework/src/Illuminate/Foundation/Testing/Concerns/InteractsWithConsole.php:56
/var/www/html/Laravel-engineer-Interview/vendor/laravel/framework/src/Illuminate/Foundation/Testing/RefreshDatabase.php:55
/var/www/html/Laravel-engineer-Interview/vendor/laravel/framework/src/Illuminate/Foundation/Testing/RefreshDatabase.php:18
/var/www/html/Laravel-engineer-Interview/vendor/laravel/framework/src/Illuminate/Foundation/Testing/TestCase.php:114
/var/www/html/Laravel-engineer-Interview/vendor/laravel/framework/src/Illuminate/Foundation/Testing/TestCase.php:81
</error>
        </testcase>
        <testcase name="testValidation with data set #9" class="Tests\Feature\BookPostTest" classname="Tests.Feature.BookPostTest" file="/var/www/html/Laravel-engineer-Interview/tests/Feature/BookPostTest.php" line="71" assertions="0" time="0.604027">
          <error type="Illuminate\Database\QueryException">Tests\Feature\BookPostTest::testValidation with data set #9 (array(null), 'title')
Illuminate\Database\QueryException: SQLSTATE[HY000]: General error: 1215 Cannot add foreign key constraint (SQL: alter table `book_author` add constraint `book_author_book_id_foreign` foreign key (`book_id`) references `books` (`id`) on delete cascade)

/var/www/html/Laravel-engineer-Interview/vendor/laravel/framework/src/Illuminate/Database/Connection.php:664
/var/www/html/Laravel-engineer-Interview/vendor/laravel/framework/src/Illuminate/Database/Connection.php:624
/var/www/html/Laravel-engineer-Interview/vendor/laravel/framework/src/Illuminate/Database/Connection.php:459
/var/www/html/Laravel-engineer-Interview/vendor/laravel/framework/src/Illuminate/Database/Schema/Blueprint.php:97
/var/www/html/Laravel-engineer-Interview/vendor/laravel/framework/src/Illuminate/Database/Schema/Builder.php:278
/var/www/html/Laravel-engineer-Interview/vendor/laravel/framework/src/Illuminate/Database/Schema/Builder.php:167
/var/www/html/Laravel-engineer-Interview/vendor/laravel/framework/src/Illuminate/Support/Facades/Facade.php:239
/var/www/html/Laravel-engineer-Interview/database/migrations/2019_05_07_000000_create_books_table.php:35
/var/www/html/Laravel-engineer-Interview/vendor/laravel/framework/src/Illuminate/Database/Migrations/Migrator.php:387
/var/www/html/Laravel-engineer-Interview/vendor/laravel/framework/src/Illuminate/Database/Migrations/Migrator.php:396
/var/www/html/Laravel-engineer-Interview/vendor/laravel/framework/src/Illuminate/Database/Migrations/Migrator.php:197
/var/www/html/Laravel-engineer-Interview/vendor/laravel/framework/src/Illuminate/Database/Migrations/Migrator.php:162
/var/www/html/Laravel-engineer-Interview/vendor/laravel/framework/src/Illuminate/Database/Migrations/Migrator.php:109
/var/www/html/Laravel-engineer-Interview/vendor/laravel/framework/src/Illuminate/Database/Console/Migrations/MigrateCommand.php:71
/var/www/html/Laravel-engineer-Interview/vendor/laravel/framework/src/Illuminate/Container/BoundMethod.php:32
/var/www/html/Laravel-engineer-Interview/vendor/laravel/framework/src/Illuminate/Container/BoundMethod.php:90
/var/www/html/Laravel-engineer-Interview/vendor/laravel/framework/src/Illuminate/Container/BoundMethod.php:34
/var/www/html/Laravel-engineer-Interview/vendor/laravel/framework/src/Illuminate/Container/Container.php:576
/var/www/html/Laravel-engineer-Interview/vendor/laravel/framework/src/Illuminate/Console/Command.php:183
/var/www/html/Laravel-engineer-Interview/vendor/symfony/console/Command/Command.php:255
/var/www/html/Laravel-engineer-Interview/vendor/laravel/framework/src/Illuminate/Console/Command.php:170
/var/www/html/Laravel-engineer-Interview/vendor/laravel/framework/src/Illuminate/Console/Command.php:198
/var/www/html/Laravel-engineer-Interview/vendor/laravel/framework/src/Illuminate/Database/Console/Migrations/FreshCommand.php:61
/var/www/html/Laravel-engineer-Interview/vendor/laravel/framework/src/Illuminate/Container/BoundMethod.php:32
/var/www/html/Laravel-engineer-Interview/vendor/laravel/framework/src/Illuminate/Container/BoundMethod.php:90
/var/www/html/Laravel-engineer-Interview/vendor/laravel/framework/src/Illuminate/Container/BoundMethod.php:34
/var/www/html/Laravel-engineer-Interview/vendor/laravel/framework/src/Illuminate/Container/Container.php:576
/var/www/html/Laravel-engineer-Interview/vendor/laravel/framework/src/Illuminate/Console/Command.php:183
/var/www/html/Laravel-engineer-Interview/vendor/symfony/console/Command/Command.php:255
/var/www/html/Laravel-engineer-Interview/vendor/laravel/framework/src/Illuminate/Console/Command.php:170
/var/www/html/Laravel-engineer-Interview/vendor/symfony/console/Application.php:934
/var/www/html/Laravel-engineer-Interview/vendor/symfony/console/Application.php:273
/var/www/html/Laravel-engineer-Interview/vendor/symfony/console/Application.php:149
/var/www/html/Laravel-engineer-Interview/vendor/laravel/framework/src/Illuminate/Console/Application.php:90
/var/www/html/Laravel-engineer-Interview/vendor/laravel/framework/src/Illuminate/Console/Application.php:182
/var/www/html/Laravel-engineer-Interview/vendor/laravel/framework/src/Illuminate/Foundation/Console/Kernel.php:275
/var/www/html/Laravel-engineer-Interview/vendor/laravel/framework/src/Illuminate/Foundation/Testing/PendingCommand.php:136
/var/www/html/Laravel-engineer-Interview/vendor/laravel/framework/src/Illuminate/Foundation/Testing/PendingCommand.php:220
/var/www/html/Laravel-engineer-Interview/vendor/laravel/framework/src/Illuminate/Foundation/Testing/Concerns/InteractsWithConsole.php:56
/var/www/html/Laravel-engineer-Interview/vendor/laravel/framework/src/Illuminate/Foundation/Testing/RefreshDatabase.php:55
/var/www/html/Laravel-engineer-Interview/vendor/laravel/framework/src/Illuminate/Foundation/Testing/RefreshDatabase.php:18
/var/www/html/Laravel-engineer-Interview/vendor/laravel/framework/src/Illuminate/Foundation/Testing/TestCase.php:114
/var/www/html/Laravel-engineer-Interview/vendor/laravel/framework/src/Illuminate/Foundation/Testing/TestCase.php:81
</error>
        </testcase>
        <testcase name="testValidation with data set #10" class="Tests\Feature\BookPostTest" classname="Tests.Feature.BookPostTest" file="/var/www/html/Laravel-engineer-Interview/tests/Feature/BookPostTest.php" line="71" assertions="0" time="0.447449">
          <error type="Illuminate\Database\QueryException">Tests\Feature\BookPostTest::testValidation with data set #10 (array(''), 'title')
Illuminate\Database\QueryException: SQLSTATE[HY000]: General error: 1215 Cannot add foreign key constraint (SQL: alter table `book_author` add constraint `book_author_book_id_foreign` foreign key (`book_id`) references `books` (`id`) on delete cascade)

/var/www/html/Laravel-engineer-Interview/vendor/laravel/framework/src/Illuminate/Database/Connection.php:664
/var/www/html/Laravel-engineer-Interview/vendor/laravel/framework/src/Illuminate/Database/Connection.php:624
/var/www/html/Laravel-engineer-Interview/vendor/laravel/framework/src/Illuminate/Database/Connection.php:459
/var/www/html/Laravel-engineer-Interview/vendor/laravel/framework/src/Illuminate/Database/Schema/Blueprint.php:97
/var/www/html/Laravel-engineer-Interview/vendor/laravel/framework/src/Illuminate/Database/Schema/Builder.php:278
/var/www/html/Laravel-engineer-Interview/vendor/laravel/framework/src/Illuminate/Database/Schema/Builder.php:167
/var/www/html/Laravel-engineer-Interview/vendor/laravel/framework/src/Illuminate/Support/Facades/Facade.php:239
/var/www/html/Laravel-engineer-Interview/database/migrations/2019_05_07_000000_create_books_table.php:35
/var/www/html/Laravel-engineer-Interview/vendor/laravel/framework/src/Illuminate/Database/Migrations/Migrator.php:387
/var/www/html/Laravel-engineer-Interview/vendor/laravel/framework/src/Illuminate/Database/Migrations/Migrator.php:396
/var/www/html/Laravel-engineer-Interview/vendor/laravel/framework/src/Illuminate/Database/Migrations/Migrator.php:197
/var/www/html/Laravel-engineer-Interview/vendor/laravel/framework/src/Illuminate/Database/Migrations/Migrator.php:162
/var/www/html/Laravel-engineer-Interview/vendor/laravel/framework/src/Illuminate/Database/Migrations/Migrator.php:109
/var/www/html/Laravel-engineer-Interview/vendor/laravel/framework/src/Illuminate/Database/Console/Migrations/MigrateCommand.php:71
/var/www/html/Laravel-engineer-Interview/vendor/laravel/framework/src/Illuminate/Container/BoundMethod.php:32
/var/www/html/Laravel-engineer-Interview/vendor/laravel/framework/src/Illuminate/Container/BoundMethod.php:90
/var/www/html/Laravel-engineer-Interview/vendor/laravel/framework/src/Illuminate/Container/BoundMethod.php:34
/var/www/html/Laravel-engineer-Interview/vendor/laravel/framework/src/Illuminate/Container/Container.php:576
/var/www/html/Laravel-engineer-Interview/vendor/laravel/framework/src/Illuminate/Console/Command.php:183
/var/www/html/Laravel-engineer-Interview/vendor/symfony/console/Command/Command.php:255
/var/www/html/Laravel-engineer-Interview/vendor/laravel/framework/src/Illuminate/Console/Command.php:170
/var/www/html/Laravel-engineer-Interview/vendor/laravel/framework/src/Illuminate/Console/Command.php:198
/var/www/html/Laravel-engineer-Interview/vendor/laravel/framework/src/Illuminate/Database/Console/Migrations/FreshCommand.php:61
/var/www/html/Laravel-engineer-Interview/vendor/laravel/framework/src/Illuminate/Container/BoundMethod.php:32
/var/www/html/Laravel-engineer-Interview/vendor/laravel/framework/src/Illuminate/Container/BoundMethod.php:90
/var/www/html/Laravel-engineer-Interview/vendor/laravel/framework/src/Illuminate/Container/BoundMethod.php:34
/var/www/html/Laravel-engineer-Interview/vendor/laravel/framework/src/Illuminate/Container/Container.php:576
/var/www/html/Laravel-engineer-Interview/vendor/laravel/framework/src/Illuminate/Console/Command.php:183
/var/www/html/Laravel-engineer-Interview/vendor/symfony/console/Command/Command.php:255
/var/www/html/Laravel-engineer-Interview/vendor/laravel/framework/src/Illuminate/Console/Command.php:170
/var/www/html/Laravel-engineer-Interview/vendor/symfony/console/Application.php:934
/var/www/html/Laravel-engineer-Interview/vendor/symfony/console/Application.php:273
/var/www/html/Laravel-engineer-Interview/vendor/symfony/console/Application.php:149
/var/www/html/Laravel-engineer-Interview/vendor/laravel/framework/src/Illuminate/Console/Application.php:90
/var/www/html/Laravel-engineer-Interview/vendor/laravel/framework/src/Illuminate/Console/Application.php:182
/var/www/html/Laravel-engineer-Interview/vendor/laravel/framework/src/Illuminate/Foundation/Console/Kernel.php:275
/var/www/html/Laravel-engineer-Interview/vendor/laravel/framework/src/Illuminate/Foundation/Testing/PendingCommand.php:136
/var/www/html/Laravel-engineer-Interview/vendor/laravel/framework/src/Illuminate/Foundation/Testing/PendingCommand.php:220
/var/www/html/Laravel-engineer-Interview/vendor/laravel/framework/src/Illuminate/Foundation/Testing/Concerns/InteractsWithConsole.php:56
/var/www/html/Laravel-engineer-Interview/vendor/laravel/framework/src/Illuminate/Foundation/Testing/RefreshDatabase.php:55
/var/www/html/Laravel-engineer-Interview/vendor/laravel/framework/src/Illuminate/Foundation/Testing/RefreshDatabase.php:18
/var/www/html/Laravel-engineer-Interview/vendor/laravel/framework/src/Illuminate/Foundation/Testing/TestCase.php:114
/var/www/html/Laravel-engineer-Interview/vendor/laravel/framework/src/Illuminate/Foundation/Testing/TestCase.php:81
</error>
        </testcase>
        <testcase name="testValidation with data set #11" class="Tests\Feature\BookPostTest" classname="Tests.Feature.BookPostTest" file="/var/www/html/Laravel-engineer-Interview/tests/Feature/BookPostTest.php" line="71" assertions="0" time="0.592364">
          <error type="Illuminate\Database\QueryException">Tests\Feature\BookPostTest::testValidation with data set #11 (array(array()), 'title')
Illuminate\Database\QueryException: SQLSTATE[HY000]: General error: 1215 Cannot add foreign key constraint (SQL: alter table `book_author` add constraint `book_author_book_id_foreign` foreign key (`book_id`) references `books` (`id`) on delete cascade)

/var/www/html/Laravel-engineer-Interview/vendor/laravel/framework/src/Illuminate/Database/Connection.php:664
/var/www/html/Laravel-engineer-Interview/vendor/laravel/framework/src/Illuminate/Database/Connection.php:624
/var/www/html/Laravel-engineer-Interview/vendor/laravel/framework/src/Illuminate/Database/Connection.php:459
/var/www/html/Laravel-engineer-Interview/vendor/laravel/framework/src/Illuminate/Database/Schema/Blueprint.php:97
/var/www/html/Laravel-engineer-Interview/vendor/laravel/framework/src/Illuminate/Database/Schema/Builder.php:278
/var/www/html/Laravel-engineer-Interview/vendor/laravel/framework/src/Illuminate/Database/Schema/Builder.php:167
/var/www/html/Laravel-engineer-Interview/vendor/laravel/framework/src/Illuminate/Support/Facades/Facade.php:239
/var/www/html/Laravel-engineer-Interview/database/migrations/2019_05_07_000000_create_books_table.php:35
/var/www/html/Laravel-engineer-Interview/vendor/laravel/framework/src/Illuminate/Database/Migrations/Migrator.php:387
/var/www/html/Laravel-engineer-Interview/vendor/laravel/framework/src/Illuminate/Database/Migrations/Migrator.php:396
/var/www/html/Laravel-engineer-Interview/vendor/laravel/framework/src/Illuminate/Database/Migrations/Migrator.php:197
/var/www/html/Laravel-engineer-Interview/vendor/laravel/framework/src/Illuminate/Database/Migrations/Migrator.php:162
/var/www/html/Laravel-engineer-Interview/vendor/laravel/framework/src/Illuminate/Database/Migrations/Migrator.php:109
/var/www/html/Laravel-engineer-Interview/vendor/laravel/framework/src/Illuminate/Database/Console/Migrations/MigrateCommand.php:71
/var/www/html/Laravel-engineer-Interview/vendor/laravel/framework/src/Illuminate/Container/BoundMethod.php:32
/var/www/html/Laravel-engineer-Interview/vendor/laravel/framework/src/Illuminate/Container/BoundMethod.php:90
/var/www/html/Laravel-engineer-Interview/vendor/laravel/framework/src/Illuminate/Container/BoundMethod.php:34
/var/www/html/Laravel-engineer-Interview/vendor/laravel/framework/src/Illuminate/Container/Container.php:576
/var/www/html/Laravel-engineer-Interview/vendor/laravel/framework/src/Illuminate/Console/Command.php:183
/var/www/html/Laravel-engineer-Interview/vendor/symfony/console/Command/Command.php:255
/var/www/html/Laravel-engineer-Interview/vendor/laravel/framework/src/Illuminate/Console/Command.php:170
/var/www/html/Laravel-engineer-Interview/vendor/laravel/framework/src/Illuminate/Console/Command.php:198
/var/www/html/Laravel-engineer-Interview/vendor/laravel/framework/src/Illuminate/Database/Console/Migrations/FreshCommand.php:61
/var/www/html/Laravel-engineer-Interview/vendor/laravel/framework/src/Illuminate/Container/BoundMethod.php:32
/var/www/html/Laravel-engineer-Interview/vendor/laravel/framework/src/Illuminate/Container/BoundMethod.php:90
/var/www/html/Laravel-engineer-Interview/vendor/laravel/framework/src/Illuminate/Container/BoundMethod.php:34
/var/www/html/Laravel-engineer-Interview/vendor/laravel/framework/src/Illuminate/Container/Container.php:576
/var/www/html/Laravel-engineer-Interview/vendor/laravel/framework/src/Illuminate/Console/Command.php:183
/var/www/html/Laravel-engineer-Interview/vendor/symfony/console/Command/Command.php:255
/var/www/html/Laravel-engineer-Interview/vendor/laravel/framework/src/Illuminate/Console/Command.php:170
/var/www/html/Laravel-engineer-Interview/vendor/symfony/console/Application.php:934
/var/www/html/Laravel-engineer-Interview/vendor/symfony/console/Application.php:273
/var/www/html/Laravel-engineer-Interview/vendor/symfony/console/Application.php:149
/var/www/html/Laravel-engineer-Interview/vendor/laravel/framework/src/Illuminate/Console/Application.php:90
/var/www/html/Laravel-engineer-Interview/vendor/laravel/framework/src/Illuminate/Console/Application.php:182
/var/www/html/Laravel-engineer-Interview/vendor/laravel/framework/src/Illuminate/Foundation/Console/Kernel.php:275
/var/www/html/Laravel-engineer-Interview/vendor/laravel/framework/src/Illuminate/Foundation/Testing/PendingCommand.php:136
/var/www/html/Laravel-engineer-Interview/vendor/laravel/framework/src/Illuminate/Foundation/Testing/PendingCommand.php:220
/var/www/html/Laravel-engineer-Interview/vendor/laravel/framework/src/Illuminate/Foundation/Testing/Concerns/InteractsWithConsole.php:56
/var/www/html/Laravel-engineer-Interview/vendor/laravel/framework/src/Illuminate/Foundation/Testing/RefreshDatabase.php:55
/var/www/html/Laravel-engineer-Interview/vendor/laravel/framework/src/Illuminate/Foundation/Testing/RefreshDatabase.php:18
/var/www/html/Laravel-engineer-Interview/vendor/laravel/framework/src/Illuminate/Foundation/Testing/TestCase.php:114
/var/www/html/Laravel-engineer-Interview/vendor/laravel/framework/src/Illuminate/Foundation/Testing/TestCase.php:81
</error>
        </testcase>
        <testcase name="testValidation with data set #12" class="Tests\Feature\BookPostTest" classname="Tests.Feature.BookPostTest" file="/var/www/html/Laravel-engineer-Interview/tests/Feature/BookPostTest.php" line="71" assertions="0" time="0.441502">
          <error type="Illuminate\Database\QueryException">Tests\Feature\BookPostTest::testValidation with data set #12 (array(null), 'description')
Illuminate\Database\QueryException: SQLSTATE[HY000]: General error: 1215 Cannot add foreign key constraint (SQL: alter table `book_author` add constraint `book_author_book_id_foreign` foreign key (`book_id`) references `books` (`id`) on delete cascade)

/var/www/html/Laravel-engineer-Interview/vendor/laravel/framework/src/Illuminate/Database/Connection.php:664
/var/www/html/Laravel-engineer-Interview/vendor/laravel/framework/src/Illuminate/Database/Connection.php:624
/var/www/html/Laravel-engineer-Interview/vendor/laravel/framework/src/Illuminate/Database/Connection.php:459
/var/www/html/Laravel-engineer-Interview/vendor/laravel/framework/src/Illuminate/Database/Schema/Blueprint.php:97
/var/www/html/Laravel-engineer-Interview/vendor/laravel/framework/src/Illuminate/Database/Schema/Builder.php:278
/var/www/html/Laravel-engineer-Interview/vendor/laravel/framework/src/Illuminate/Database/Schema/Builder.php:167
/var/www/html/Laravel-engineer-Interview/vendor/laravel/framework/src/Illuminate/Support/Facades/Facade.php:239
/var/www/html/Laravel-engineer-Interview/database/migrations/2019_05_07_000000_create_books_table.php:35
/var/www/html/Laravel-engineer-Interview/vendor/laravel/framework/src/Illuminate/Database/Migrations/Migrator.php:387
/var/www/html/Laravel-engineer-Interview/vendor/laravel/framework/src/Illuminate/Database/Migrations/Migrator.php:396
/var/www/html/Laravel-engineer-Interview/vendor/laravel/framework/src/Illuminate/Database/Migrations/Migrator.php:197
/var/www/html/Laravel-engineer-Interview/vendor/laravel/framework/src/Illuminate/Database/Migrations/Migrator.php:162
/var/www/html/Laravel-engineer-Interview/vendor/laravel/framework/src/Illuminate/Database/Migrations/Migrator.php:109
/var/www/html/Laravel-engineer-Interview/vendor/laravel/framework/src/Illuminate/Database/Console/Migrations/MigrateCommand.php:71
/var/www/html/Laravel-engineer-Interview/vendor/laravel/framework/src/Illuminate/Container/BoundMethod.php:32
/var/www/html/Laravel-engineer-Interview/vendor/laravel/framework/src/Illuminate/Container/BoundMethod.php:90
/var/www/html/Laravel-engineer-Interview/vendor/laravel/framework/src/Illuminate/Container/BoundMethod.php:34
/var/www/html/Laravel-engineer-Interview/vendor/laravel/framework/src/Illuminate/Container/Container.php:576
/var/www/html/Laravel-engineer-Interview/vendor/laravel/framework/src/Illuminate/Console/Command.php:183
/var/www/html/Laravel-engineer-Interview/vendor/symfony/console/Command/Command.php:255
/var/www/html/Laravel-engineer-Interview/vendor/laravel/framework/src/Illuminate/Console/Command.php:170
/var/www/html/Laravel-engineer-Interview/vendor/laravel/framework/src/Illuminate/Console/Command.php:198
/var/www/html/Laravel-engineer-Interview/vendor/laravel/framework/src/Illuminate/Database/Console/Migrations/FreshCommand.php:61
/var/www/html/Laravel-engineer-Interview/vendor/laravel/framework/src/Illuminate/Container/BoundMethod.php:32
/var/www/html/Laravel-engineer-Interview/vendor/laravel/framework/src/Illuminate/Container/BoundMethod.php:90
/var/www/html/Laravel-engineer-Interview/vendor/laravel/framework/src/Illuminate/Container/BoundMethod.php:34
/var/www/html/Laravel-engineer-Interview/vendor/laravel/framework/src/Illuminate/Container/Container.php:576
/var/www/html/Laravel-engineer-Interview/vendor/laravel/framework/src/Illuminate/Console/Command.php:183
/var/www/html/Laravel-engineer-Interview/vendor/symfony/console/Command/Command.php:255
/var/www/html/Laravel-engineer-Interview/vendor/laravel/framework/src/Illuminate/Console/Command.php:170
/var/www/html/Laravel-engineer-Interview/vendor/symfony/console/Application.php:934
/var/www/html/Laravel-engineer-Interview/vendor/symfony/console/Application.php:273
/var/www/html/Laravel-engineer-Interview/vendor/symfony/console/Application.php:149
/var/www/html/Laravel-engineer-Interview/vendor/laravel/framework/src/Illuminate/Console/Application.php:90
/var/www/html/Laravel-engineer-Interview/vendor/laravel/framework/src/Illuminate/Console/Application.php:182
/var/www/html/Laravel-engineer-Interview/vendor/laravel/framework/src/Illuminate/Foundation/Console/Kernel.php:275
/var/www/html/Laravel-engineer-Interview/vendor/laravel/framework/src/Illuminate/Foundation/Testing/PendingCommand.php:136
/var/www/html/Laravel-engineer-Interview/vendor/laravel/framework/src/Illuminate/Foundation/Testing/PendingCommand.php:220
/var/www/html/Laravel-engineer-Interview/vendor/laravel/framework/src/Illuminate/Foundation/Testing/Concerns/InteractsWithConsole.php:56
/var/www/html/Laravel-engineer-Interview/vendor/laravel/framework/src/Illuminate/Foundation/Testing/RefreshDatabase.php:55
/var/www/html/Laravel-engineer-Interview/vendor/laravel/framework/src/Illuminate/Foundation/Testing/RefreshDatabase.php:18
/var/www/html/Laravel-engineer-Interview/vendor/laravel/framework/src/Illuminate/Foundation/Testing/TestCase.php:114
/var/www/html/Laravel-engineer-Interview/vendor/laravel/framework/src/Illuminate/Foundation/Testing/TestCase.php:81
</error>
        </testcase>
        <testcase name="testValidation with data set #13" class="Tests\Feature\BookPostTest" classname="Tests.Feature.BookPostTest" file="/var/www/html/Laravel-engineer-Interview/tests/Feature/BookPostTest.php" line="71" assertions="0" time="0.461132">
          <error type="Illuminate\Database\QueryException">Tests\Feature\BookPostTest::testValidation with data set #13 (array(''), 'description')
Illuminate\Database\QueryException: SQLSTATE[HY000]: General error: 1215 Cannot add foreign key constraint (SQL: alter table `book_author` add constraint `book_author_book_id_foreign` foreign key (`book_id`) references `books` (`id`) on delete cascade)

/var/www/html/Laravel-engineer-Interview/vendor/laravel/framework/src/Illuminate/Database/Connection.php:664
/var/www/html/Laravel-engineer-Interview/vendor/laravel/framework/src/Illuminate/Database/Connection.php:624
/var/www/html/Laravel-engineer-Interview/vendor/laravel/framework/src/Illuminate/Database/Connection.php:459
/var/www/html/Laravel-engineer-Interview/vendor/laravel/framework/src/Illuminate/Database/Schema/Blueprint.php:97
/var/www/html/Laravel-engineer-Interview/vendor/laravel/framework/src/Illuminate/Database/Schema/Builder.php:278
/var/www/html/Laravel-engineer-Interview/vendor/laravel/framework/src/Illuminate/Database/Schema/Builder.php:167
/var/www/html/Laravel-engineer-Interview/vendor/laravel/framework/src/Illuminate/Support/Facades/Facade.php:239
/var/www/html/Laravel-engineer-Interview/database/migrations/2019_05_07_000000_create_books_table.php:35
/var/www/html/Laravel-engineer-Interview/vendor/laravel/framework/src/Illuminate/Database/Migrations/Migrator.php:387
/var/www/html/Laravel-engineer-Interview/vendor/laravel/framework/src/Illuminate/Database/Migrations/Migrator.php:396
/var/www/html/Laravel-engineer-Interview/vendor/laravel/framework/src/Illuminate/Database/Migrations/Migrator.php:197
/var/www/html/Laravel-engineer-Interview/vendor/laravel/framework/src/Illuminate/Database/Migrations/Migrator.php:162
/var/www/html/Laravel-engineer-Interview/vendor/laravel/framework/src/Illuminate/Database/Migrations/Migrator.php:109
/var/www/html/Laravel-engineer-Interview/vendor/laravel/framework/src/Illuminate/Database/Console/Migrations/MigrateCommand.php:71
/var/www/html/Laravel-engineer-Interview/vendor/laravel/framework/src/Illuminate/Container/BoundMethod.php:32
/var/www/html/Laravel-engineer-Interview/vendor/laravel/framework/src/Illuminate/Container/BoundMethod.php:90
/var/www/html/Laravel-engineer-Interview/vendor/laravel/framework/src/Illuminate/Container/BoundMethod.php:34
/var/www/html/Laravel-engineer-Interview/vendor/laravel/framework/src/Illuminate/Container/Container.php:576
/var/www/html/Laravel-engineer-Interview/vendor/laravel/framework/src/Illuminate/Console/Command.php:183
/var/www/html/Laravel-engineer-Interview/vendor/symfony/console/Command/Command.php:255
/var/www/html/Laravel-engineer-Interview/vendor/laravel/framework/src/Illuminate/Console/Command.php:170
/var/www/html/Laravel-engineer-Interview/vendor/laravel/framework/src/Illuminate/Console/Command.php:198
/var/www/html/Laravel-engineer-Interview/vendor/laravel/framework/src/Illuminate/Database/Console/Migrations/FreshCommand.php:61
/var/www/html/Laravel-engineer-Interview/vendor/laravel/framework/src/Illuminate/Container/BoundMethod.php:32
/var/www/html/Laravel-engineer-Interview/vendor/laravel/framework/src/Illuminate/Container/BoundMethod.php:90
/var/www/html/Laravel-engineer-Interview/vendor/laravel/framework/src/Illuminate/Container/BoundMethod.php:34
/var/www/html/Laravel-engineer-Interview/vendor/laravel/framework/src/Illuminate/Container/Container.php:576
/var/www/html/Laravel-engineer-Interview/vendor/laravel/framework/src/Illuminate/Console/Command.php:183
/var/www/html/Laravel-engineer-Interview/vendor/symfony/console/Command/Command.php:255
/var/www/html/Laravel-engineer-Interview/vendor/laravel/framework/src/Illuminate/Console/Command.php:170
/var/www/html/Laravel-engineer-Interview/vendor/symfony/console/Application.php:934
/var/www/html/Laravel-engineer-Interview/vendor/symfony/console/Application.php:273
/var/www/html/Laravel-engineer-Interview/vendor/symfony/console/Application.php:149
/var/www/html/Laravel-engineer-Interview/vendor/laravel/framework/src/Illuminate/Console/Application.php:90
/var/www/html/Laravel-engineer-Interview/vendor/laravel/framework/src/Illuminate/Console/Application.php:182
/var/www/html/Laravel-engineer-Interview/vendor/laravel/framework/src/Illuminate/Foundation/Console/Kernel.php:275
/var/www/html/Laravel-engineer-Interview/vendor/laravel/framework/src/Illuminate/Foundation/Testing/PendingCommand.php:136
/var/www/html/Laravel-engineer-Interview/vendor/laravel/framework/src/Illuminate/Foundation/Testing/PendingCommand.php:220
/var/www/html/Laravel-engineer-Interview/vendor/laravel/framework/src/Illuminate/Foundation/Testing/Concerns/InteractsWithConsole.php:56
/var/www/html/Laravel-engineer-Interview/vendor/laravel/framework/src/Illuminate/Foundation/Testing/RefreshDatabase.php:55
/var/www/html/Laravel-engineer-Interview/vendor/laravel/framework/src/Illuminate/Foundation/Testing/RefreshDatabase.php:18
/var/www/html/Laravel-engineer-Interview/vendor/laravel/framework/src/Illuminate/Foundation/Testing/TestCase.php:114
/var/www/html/Laravel-engineer-Interview/vendor/laravel/framework/src/Illuminate/Foundation/Testing/TestCase.php:81
</error>
        </testcase>
        <testcase name="testValidation with data set #14" class="Tests\Feature\BookPostTest" classname="Tests.Feature.BookPostTest" file="/var/www/html/Laravel-engineer-Interview/tests/Feature/BookPostTest.php" line="71" assertions="0" time="0.525634">
          <error type="Illuminate\Database\QueryException">Tests\Feature\BookPostTest::testValidation with data set #14 (array(array()), 'description')
Illuminate\Database\QueryException: SQLSTATE[HY000]: General error: 1215 Cannot add foreign key constraint (SQL: alter table `book_author` add constraint `book_author_book_id_foreign` foreign key (`book_id`) references `books` (`id`) on delete cascade)

/var/www/html/Laravel-engineer-Interview/vendor/laravel/framework/src/Illuminate/Database/Connection.php:664
/var/www/html/Laravel-engineer-Interview/vendor/laravel/framework/src/Illuminate/Database/Connection.php:624
/var/www/html/Laravel-engineer-Interview/vendor/laravel/framework/src/Illuminate/Database/Connection.php:459
/var/www/html/Laravel-engineer-Interview/vendor/laravel/framework/src/Illuminate/Database/Schema/Blueprint.php:97
/var/www/html/Laravel-engineer-Interview/vendor/laravel/framework/src/Illuminate/Database/Schema/Builder.php:278
/var/www/html/Laravel-engineer-Interview/vendor/laravel/framework/src/Illuminate/Database/Schema/Builder.php:167
/var/www/html/Laravel-engineer-Interview/vendor/laravel/framework/src/Illuminate/Support/Facades/Facade.php:239
/var/www/html/Laravel-engineer-Interview/database/migrations/2019_05_07_000000_create_books_table.php:35
/var/www/html/Laravel-engineer-Interview/vendor/laravel/framework/src/Illuminate/Database/Migrations/Migrator.php:387
/var/www/html/Laravel-engineer-Interview/vendor/laravel/framework/src/Illuminate/Database/Migrations/Migrator.php:396
/var/www/html/Laravel-engineer-Interview/vendor/laravel/framework/src/Illuminate/Database/Migrations/Migrator.php:197
/var/www/html/Laravel-engineer-Interview/vendor/laravel/framework/src/Illuminate/Database/Migrations/Migrator.php:162
/var/www/html/Laravel-engineer-Interview/vendor/laravel/framework/src/Illuminate/Database/Migrations/Migrator.php:109
/var/www/html/Laravel-engineer-Interview/vendor/laravel/framework/src/Illuminate/Database/Console/Migrations/MigrateCommand.php:71
/var/www/html/Laravel-engineer-Interview/vendor/laravel/framework/src/Illuminate/Container/BoundMethod.php:32
/var/www/html/Laravel-engineer-Interview/vendor/laravel/framework/src/Illuminate/Container/BoundMethod.php:90
/var/www/html/Laravel-engineer-Interview/vendor/laravel/framework/src/Illuminate/Container/BoundMethod.php:34
/var/www/html/Laravel-engineer-Interview/vendor/laravel/framework/src/Illuminate/Container/Container.php:576
/var/www/html/Laravel-engineer-Interview/vendor/laravel/framework/src/Illuminate/Console/Command.php:183
/var/www/html/Laravel-engineer-Interview/vendor/symfony/console/Command/Command.php:255
/var/www/html/Laravel-engineer-Interview/vendor/laravel/framework/src/Illuminate/Console/Command.php:170
/var/www/html/Laravel-engineer-Interview/vendor/laravel/framework/src/Illuminate/Console/Command.php:198
/var/www/html/Laravel-engineer-Interview/vendor/laravel/framework/src/Illuminate/Database/Console/Migrations/FreshCommand.php:61
/var/www/html/Laravel-engineer-Interview/vendor/laravel/framework/src/Illuminate/Container/BoundMethod.php:32
/var/www/html/Laravel-engineer-Interview/vendor/laravel/framework/src/Illuminate/Container/BoundMethod.php:90
/var/www/html/Laravel-engineer-Interview/vendor/laravel/framework/src/Illuminate/Container/BoundMethod.php:34
/var/www/html/Laravel-engineer-Interview/vendor/laravel/framework/src/Illuminate/Container/Container.php:576
/var/www/html/Laravel-engineer-Interview/vendor/laravel/framework/src/Illuminate/Console/Command.php:183
/var/www/html/Laravel-engineer-Interview/vendor/symfony/console/Command/Command.php:255
/var/www/html/Laravel-engineer-Interview/vendor/laravel/framework/src/Illuminate/Console/Command.php:170
/var/www/html/Laravel-engineer-Interview/vendor/symfony/console/Application.php:934
/var/www/html/Laravel-engineer-Interview/vendor/symfony/console/Application.php:273
/var/www/html/Laravel-engineer-Interview/vendor/symfony/console/Application.php:149
/var/www/html/Laravel-engineer-Interview/vendor/laravel/framework/src/Illuminate/Console/Application.php:90
/var/www/html/Laravel-engineer-Interview/vendor/laravel/framework/src/Illuminate/Console/Application.php:182
/var/www/html/Laravel-engineer-Interview/vendor/laravel/framework/src/Illuminate/Foundation/Console/Kernel.php:275
/var/www/html/Laravel-engineer-Interview/vendor/laravel/framework/src/Illuminate/Foundation/Testing/PendingCommand.php:136
/var/www/html/Laravel-engineer-Interview/vendor/laravel/framework/src/Illuminate/Foundation/Testing/PendingCommand.php:220
/var/www/html/Laravel-engineer-Interview/vendor/laravel/framework/src/Illuminate/Foundation/Testing/Concerns/InteractsWithConsole.php:56
/var/www/html/Laravel-engineer-Interview/vendor/laravel/framework/src/Illuminate/Foundation/Testing/RefreshDatabase.php:55
/var/www/html/Laravel-engineer-Interview/vendor/laravel/framework/src/Illuminate/Foundation/Testing/RefreshDatabase.php:18
/var/www/html/Laravel-engineer-Interview/vendor/laravel/framework/src/Illuminate/Foundation/Testing/TestCase.php:114
/var/www/html/Laravel-engineer-Interview/vendor/laravel/framework/src/Illuminate/Foundation/Testing/TestCase.php:81
</error>
        </testcase>
        <testcase name="testValidation with data set #15" class="Tests\Feature\BookPostTest" classname="Tests.Feature.BookPostTest" file="/var/www/html/Laravel-engineer-Interview/tests/Feature/BookPostTest.php" line="71" assertions="0" time="0.476157">
          <error type="Illuminate\Database\QueryException">Tests\Feature\BookPostTest::testValidation with data set #15 (array(null), 'authors')
Illuminate\Database\QueryException: SQLSTATE[HY000]: General error: 1215 Cannot add foreign key constraint (SQL: alter table `book_author` add constraint `book_author_book_id_foreign` foreign key (`book_id`) references `books` (`id`) on delete cascade)

/var/www/html/Laravel-engineer-Interview/vendor/laravel/framework/src/Illuminate/Database/Connection.php:664
/var/www/html/Laravel-engineer-Interview/vendor/laravel/framework/src/Illuminate/Database/Connection.php:624
/var/www/html/Laravel-engineer-Interview/vendor/laravel/framework/src/Illuminate/Database/Connection.php:459
/var/www/html/Laravel-engineer-Interview/vendor/laravel/framework/src/Illuminate/Database/Schema/Blueprint.php:97
/var/www/html/Laravel-engineer-Interview/vendor/laravel/framework/src/Illuminate/Database/Schema/Builder.php:278
/var/www/html/Laravel-engineer-Interview/vendor/laravel/framework/src/Illuminate/Database/Schema/Builder.php:167
/var/www/html/Laravel-engineer-Interview/vendor/laravel/framework/src/Illuminate/Support/Facades/Facade.php:239
/var/www/html/Laravel-engineer-Interview/database/migrations/2019_05_07_000000_create_books_table.php:35
/var/www/html/Laravel-engineer-Interview/vendor/laravel/framework/src/Illuminate/Database/Migrations/Migrator.php:387
/var/www/html/Laravel-engineer-Interview/vendor/laravel/framework/src/Illuminate/Database/Migrations/Migrator.php:396
/var/www/html/Laravel-engineer-Interview/vendor/laravel/framework/src/Illuminate/Database/Migrations/Migrator.php:197
/var/www/html/Laravel-engineer-Interview/vendor/laravel/framework/src/Illuminate/Database/Migrations/Migrator.php:162
/var/www/html/Laravel-engineer-Interview/vendor/laravel/framework/src/Illuminate/Database/Migrations/Migrator.php:109
/var/www/html/Laravel-engineer-Interview/vendor/laravel/framework/src/Illuminate/Database/Console/Migrations/MigrateCommand.php:71
/var/www/html/Laravel-engineer-Interview/vendor/laravel/framework/src/Illuminate/Container/BoundMethod.php:32
/var/www/html/Laravel-engineer-Interview/vendor/laravel/framework/src/Illuminate/Container/BoundMethod.php:90
/var/www/html/Laravel-engineer-Interview/vendor/laravel/framework/src/Illuminate/Container/BoundMethod.php:34
/var/www/html/Laravel-engineer-Interview/vendor/laravel/framework/src/Illuminate/Container/Container.php:576
/var/www/html/Laravel-engineer-Interview/vendor/laravel/framework/src/Illuminate/Console/Command.php:183
/var/www/html/Laravel-engineer-Interview/vendor/symfony/console/Command/Command.php:255
/var/www/html/Laravel-engineer-Interview/vendor/laravel/framework/src/Illuminate/Console/Command.php:170
/var/www/html/Laravel-engineer-Interview/vendor/laravel/framework/src/Illuminate/Console/Command.php:198
/var/www/html/Laravel-engineer-Interview/vendor/laravel/framework/src/Illuminate/Database/Console/Migrations/FreshCommand.php:61
/var/www/html/Laravel-engineer-Interview/vendor/laravel/framework/src/Illuminate/Container/BoundMethod.php:32
/var/www/html/Laravel-engineer-Interview/vendor/laravel/framework/src/Illuminate/Container/BoundMethod.php:90
/var/www/html/Laravel-engineer-Interview/vendor/laravel/framework/src/Illuminate/Container/BoundMethod.php:34
/var/www/html/Laravel-engineer-Interview/vendor/laravel/framework/src/Illuminate/Container/Container.php:576
/var/www/html/Laravel-engineer-Interview/vendor/laravel/framework/src/Illuminate/Console/Command.php:183
/var/www/html/Laravel-engineer-Interview/vendor/symfony/console/Command/Command.php:255
/var/www/html/Laravel-engineer-Interview/vendor/laravel/framework/src/Illuminate/Console/Command.php:170
/var/www/html/Laravel-engineer-Interview/vendor/symfony/console/Application.php:934
/var/www/html/Laravel-engineer-Interview/vendor/symfony/console/Application.php:273
/var/www/html/Laravel-engineer-Interview/vendor/symfony/console/Application.php:149
/var/www/html/Laravel-engineer-Interview/vendor/laravel/framework/src/Illuminate/Console/Application.php:90
/var/www/html/Laravel-engineer-Interview/vendor/laravel/framework/src/Illuminate/Console/Application.php:182
/var/www/html/Laravel-engineer-Interview/vendor/laravel/framework/src/Illuminate/Foundation/Console/Kernel.php:275
/var/www/html/Laravel-engineer-Interview/vendor/laravel/framework/src/Illuminate/Foundation/Testing/PendingCommand.php:136
/var/www/html/Laravel-engineer-Interview/vendor/laravel/framework/src/Illuminate/Foundation/Testing/PendingCommand.php:220
/var/www/html/Laravel-engineer-Interview/vendor/laravel/framework/src/Illuminate/Foundation/Testing/Concerns/InteractsWithConsole.php:56
/var/www/html/Laravel-engineer-Interview/vendor/laravel/framework/src/Illuminate/Foundation/Testing/RefreshDatabase.php:55
/var/www/html/Laravel-engineer-Interview/vendor/laravel/framework/src/Illuminate/Foundation/Testing/RefreshDatabase.php:18
/var/www/html/Laravel-engineer-Interview/vendor/laravel/framework/src/Illuminate/Foundation/Testing/TestCase.php:114
/var/www/html/Laravel-engineer-Interview/vendor/laravel/framework/src/Illuminate/Foundation/Testing/TestCase.php:81
</error>
        </testcase>
        <testcase name="testValidation with data set #16" class="Tests\Feature\BookPostTest" classname="Tests.Feature.BookPostTest" file="/var/www/html/Laravel-engineer-Interview/tests/Feature/BookPostTest.php" line="71" assertions="0" time="0.436860">
          <error type="Illuminate\Database\QueryException">Tests\Feature\BookPostTest::testValidation with data set #16 (array(array()), 'authors')
Illuminate\Database\QueryException: SQLSTATE[HY000]: General error: 1215 Cannot add foreign key constraint (SQL: alter table `book_author` add constraint `book_author_book_id_foreign` foreign key (`book_id`) references `books` (`id`) on delete cascade)

/var/www/html/Laravel-engineer-Interview/vendor/laravel/framework/src/Illuminate/Database/Connection.php:664
/var/www/html/Laravel-engineer-Interview/vendor/laravel/framework/src/Illuminate/Database/Connection.php:624
/var/www/html/Laravel-engineer-Interview/vendor/laravel/framework/src/Illuminate/Database/Connection.php:459
/var/www/html/Laravel-engineer-Interview/vendor/laravel/framework/src/Illuminate/Database/Schema/Blueprint.php:97
/var/www/html/Laravel-engineer-Interview/vendor/laravel/framework/src/Illuminate/Database/Schema/Builder.php:278
/var/www/html/Laravel-engineer-Interview/vendor/laravel/framework/src/Illuminate/Database/Schema/Builder.php:167
/var/www/html/Laravel-engineer-Interview/vendor/laravel/framework/src/Illuminate/Support/Facades/Facade.php:239
/var/www/html/Laravel-engineer-Interview/database/migrations/2019_05_07_000000_create_books_table.php:35
/var/www/html/Laravel-engineer-Interview/vendor/laravel/framework/src/Illuminate/Database/Migrations/Migrator.php:387
/var/www/html/Laravel-engineer-Interview/vendor/laravel/framework/src/Illuminate/Database/Migrations/Migrator.php:396
/var/www/html/Laravel-engineer-Interview/vendor/laravel/framework/src/Illuminate/Database/Migrations/Migrator.php:197
/var/www/html/Laravel-engineer-Interview/vendor/laravel/framework/src/Illuminate/Database/Migrations/Migrator.php:162
/var/www/html/Laravel-engineer-Interview/vendor/laravel/framework/src/Illuminate/Database/Migrations/Migrator.php:109
/var/www/html/Laravel-engineer-Interview/vendor/laravel/framework/src/Illuminate/Database/Console/Migrations/MigrateCommand.php:71
/var/www/html/Laravel-engineer-Interview/vendor/laravel/framework/src/Illuminate/Container/BoundMethod.php:32
/var/www/html/Laravel-engineer-Interview/vendor/laravel/framework/src/Illuminate/Container/BoundMethod.php:90
/var/www/html/Laravel-engineer-Interview/vendor/laravel/framework/src/Illuminate/Container/BoundMethod.php:34
/var/www/html/Laravel-engineer-Interview/vendor/laravel/framework/src/Illuminate/Container/Container.php:576
/var/www/html/Laravel-engineer-Interview/vendor/laravel/framework/src/Illuminate/Console/Command.php:183
/var/www/html/Laravel-engineer-Interview/vendor/symfony/console/Command/Command.php:255
/var/www/html/Laravel-engineer-Interview/vendor/laravel/framework/src/Illuminate/Console/Command.php:170
/var/www/html/Laravel-engineer-Interview/vendor/laravel/framework/src/Illuminate/Console/Command.php:198
/var/www/html/Laravel-engineer-Interview/vendor/laravel/framework/src/Illuminate/Database/Console/Migrations/FreshCommand.php:61
/var/www/html/Laravel-engineer-Interview/vendor/laravel/framework/src/Illuminate/Container/BoundMethod.php:32
/var/www/html/Laravel-engineer-Interview/vendor/laravel/framework/src/Illuminate/Container/BoundMethod.php:90
/var/www/html/Laravel-engineer-Interview/vendor/laravel/framework/src/Illuminate/Container/BoundMethod.php:34
/var/www/html/Laravel-engineer-Interview/vendor/laravel/framework/src/Illuminate/Container/Container.php:576
/var/www/html/Laravel-engineer-Interview/vendor/laravel/framework/src/Illuminate/Console/Command.php:183
/var/www/html/Laravel-engineer-Interview/vendor/symfony/console/Command/Command.php:255
/var/www/html/Laravel-engineer-Interview/vendor/laravel/framework/src/Illuminate/Console/Command.php:170
/var/www/html/Laravel-engineer-Interview/vendor/symfony/console/Application.php:934
/var/www/html/Laravel-engineer-Interview/vendor/symfony/console/Application.php:273
/var/www/html/Laravel-engineer-Interview/vendor/symfony/console/Application.php:149
/var/www/html/Laravel-engineer-Interview/vendor/laravel/framework/src/Illuminate/Console/Application.php:90
/var/www/html/Laravel-engineer-Interview/vendor/laravel/framework/src/Illuminate/Console/Application.php:182
/var/www/html/Laravel-engineer-Interview/vendor/laravel/framework/src/Illuminate/Foundation/Console/Kernel.php:275
/var/www/html/Laravel-engineer-Interview/vendor/laravel/framework/src/Illuminate/Foundation/Testing/PendingCommand.php:136
/var/www/html/Laravel-engineer-Interview/vendor/laravel/framework/src/Illuminate/Foundation/Testing/PendingCommand.php:220
/var/www/html/Laravel-engineer-Interview/vendor/laravel/framework/src/Illuminate/Foundation/Testing/Concerns/InteractsWithConsole.php:56
/var/www/html/Laravel-engineer-Interview/vendor/laravel/framework/src/Illuminate/Foundation/Testing/RefreshDatabase.php:55
/var/www/html/Laravel-engineer-Interview/vendor/laravel/framework/src/Illuminate/Foundation/Testing/RefreshDatabase.php:18
/var/www/html/Laravel-engineer-Interview/vendor/laravel/framework/src/Illuminate/Foundation/Testing/TestCase.php:114
/var/www/html/Laravel-engineer-Interview/vendor/laravel/framework/src/Illuminate/Foundation/Testing/TestCase.php:81
</error>
        </testcase>
        <testcase name="testValidation with data set #17" class="Tests\Feature\BookPostTest" classname="Tests.Feature.BookPostTest" file="/var/www/html/Laravel-engineer-Interview/tests/Feature/BookPostTest.php" line="71" assertions="0" time="0.500718">
          <error type="Illuminate\Database\QueryException">Tests\Feature\BookPostTest::testValidation with data set #17 (array(''), 'authors')
Illuminate\Database\QueryException: SQLSTATE[HY000]: General error: 1215 Cannot add foreign key constraint (SQL: alter table `book_author` add constraint `book_author_book_id_foreign` foreign key (`book_id`) references `books` (`id`) on delete cascade)

/var/www/html/Laravel-engineer-Interview/vendor/laravel/framework/src/Illuminate/Database/Connection.php:664
/var/www/html/Laravel-engineer-Interview/vendor/laravel/framework/src/Illuminate/Database/Connection.php:624
/var/www/html/Laravel-engineer-Interview/vendor/laravel/framework/src/Illuminate/Database/Connection.php:459
/var/www/html/Laravel-engineer-Interview/vendor/laravel/framework/src/Illuminate/Database/Schema/Blueprint.php:97
/var/www/html/Laravel-engineer-Interview/vendor/laravel/framework/src/Illuminate/Database/Schema/Builder.php:278
/var/www/html/Laravel-engineer-Interview/vendor/laravel/framework/src/Illuminate/Database/Schema/Builder.php:167
/var/www/html/Laravel-engineer-Interview/vendor/laravel/framework/src/Illuminate/Support/Facades/Facade.php:239
/var/www/html/Laravel-engineer-Interview/database/migrations/2019_05_07_000000_create_books_table.php:35
/var/www/html/Laravel-engineer-Interview/vendor/laravel/framework/src/Illuminate/Database/Migrations/Migrator.php:387
/var/www/html/Laravel-engineer-Interview/vendor/laravel/framework/src/Illuminate/Database/Migrations/Migrator.php:396
/var/www/html/Laravel-engineer-Interview/vendor/laravel/framework/src/Illuminate/Database/Migrations/Migrator.php:197
/var/www/html/Laravel-engineer-Interview/vendor/laravel/framework/src/Illuminate/Database/Migrations/Migrator.php:162
/var/www/html/Laravel-engineer-Interview/vendor/laravel/framework/src/Illuminate/Database/Migrations/Migrator.php:109
/var/www/html/Laravel-engineer-Interview/vendor/laravel/framework/src/Illuminate/Database/Console/Migrations/MigrateCommand.php:71
/var/www/html/Laravel-engineer-Interview/vendor/laravel/framework/src/Illuminate/Container/BoundMethod.php:32
/var/www/html/Laravel-engineer-Interview/vendor/laravel/framework/src/Illuminate/Container/BoundMethod.php:90
/var/www/html/Laravel-engineer-Interview/vendor/laravel/framework/src/Illuminate/Container/BoundMethod.php:34
/var/www/html/Laravel-engineer-Interview/vendor/laravel/framework/src/Illuminate/Container/Container.php:576
/var/www/html/Laravel-engineer-Interview/vendor/laravel/framework/src/Illuminate/Console/Command.php:183
/var/www/html/Laravel-engineer-Interview/vendor/symfony/console/Command/Command.php:255
/var/www/html/Laravel-engineer-Interview/vendor/laravel/framework/src/Illuminate/Console/Command.php:170
/var/www/html/Laravel-engineer-Interview/vendor/laravel/framework/src/Illuminate/Console/Command.php:198
/var/www/html/Laravel-engineer-Interview/vendor/laravel/framework/src/Illuminate/Database/Console/Migrations/FreshCommand.php:61
/var/www/html/Laravel-engineer-Interview/vendor/laravel/framework/src/Illuminate/Container/BoundMethod.php:32
/var/www/html/Laravel-engineer-Interview/vendor/laravel/framework/src/Illuminate/Container/BoundMethod.php:90
/var/www/html/Laravel-engineer-Interview/vendor/laravel/framework/src/Illuminate/Container/BoundMethod.php:34
/var/www/html/Laravel-engineer-Interview/vendor/laravel/framework/src/Illuminate/Container/Container.php:576
/var/www/html/Laravel-engineer-Interview/vendor/laravel/framework/src/Illuminate/Console/Command.php:183
/var/www/html/Laravel-engineer-Interview/vendor/symfony/console/Command/Command.php:255
/var/www/html/Laravel-engineer-Interview/vendor/laravel/framework/src/Illuminate/Console/Command.php:170
/var/www/html/Laravel-engineer-Interview/vendor/symfony/console/Application.php:934
/var/www/html/Laravel-engineer-Interview/vendor/symfony/console/Application.php:273
/var/www/html/Laravel-engineer-Interview/vendor/symfony/console/Application.php:149
/var/www/html/Laravel-engineer-Interview/vendor/laravel/framework/src/Illuminate/Console/Application.php:90
/var/www/html/Laravel-engineer-Interview/vendor/laravel/framework/src/Illuminate/Console/Application.php:182
/var/www/html/Laravel-engineer-Interview/vendor/laravel/framework/src/Illuminate/Foundation/Console/Kernel.php:275
/var/www/html/Laravel-engineer-Interview/vendor/laravel/framework/src/Illuminate/Foundation/Testing/PendingCommand.php:136
/var/www/html/Laravel-engineer-Interview/vendor/laravel/framework/src/Illuminate/Foundation/Testing/PendingCommand.php:220
/var/www/html/Laravel-engineer-Interview/vendor/laravel/framework/src/Illuminate/Foundation/Testing/Concerns/InteractsWithConsole.php:56
/var/www/html/Laravel-engineer-Interview/vendor/laravel/framework/src/Illuminate/Foundation/Testing/RefreshDatabase.php:55
/var/www/html/Laravel-engineer-Interview/vendor/laravel/framework/src/Illuminate/Foundation/Testing/RefreshDatabase.php:18
/var/www/html/Laravel-engineer-Interview/vendor/laravel/framework/src/Illuminate/Foundation/Testing/TestCase.php:114
/var/www/html/Laravel-engineer-Interview/vendor/laravel/framework/src/Illuminate/Foundation/Testing/TestCase.php:81
</error>
        </testcase>
        <testcase name="testValidation with data set #18" class="Tests\Feature\BookPostTest" classname="Tests.Feature.BookPostTest" file="/var/www/html/Laravel-engineer-Interview/tests/Feature/BookPostTest.php" line="71" assertions="0" time="0.427291">
          <error type="Illuminate\Database\QueryException">Tests\Feature\BookPostTest::testValidation with data set #18 (array(1), 'authors')
Illuminate\Database\QueryException: SQLSTATE[HY000]: General error: 1215 Cannot add foreign key constraint (SQL: alter table `book_author` add constraint `book_author_book_id_foreign` foreign key (`book_id`) references `books` (`id`) on delete cascade)

/var/www/html/Laravel-engineer-Interview/vendor/laravel/framework/src/Illuminate/Database/Connection.php:664
/var/www/html/Laravel-engineer-Interview/vendor/laravel/framework/src/Illuminate/Database/Connection.php:624
/var/www/html/Laravel-engineer-Interview/vendor/laravel/framework/src/Illuminate/Database/Connection.php:459
/var/www/html/Laravel-engineer-Interview/vendor/laravel/framework/src/Illuminate/Database/Schema/Blueprint.php:97
/var/www/html/Laravel-engineer-Interview/vendor/laravel/framework/src/Illuminate/Database/Schema/Builder.php:278
/var/www/html/Laravel-engineer-Interview/vendor/laravel/framework/src/Illuminate/Database/Schema/Builder.php:167
/var/www/html/Laravel-engineer-Interview/vendor/laravel/framework/src/Illuminate/Support/Facades/Facade.php:239
/var/www/html/Laravel-engineer-Interview/database/migrations/2019_05_07_000000_create_books_table.php:35
/var/www/html/Laravel-engineer-Interview/vendor/laravel/framework/src/Illuminate/Database/Migrations/Migrator.php:387
/var/www/html/Laravel-engineer-Interview/vendor/laravel/framework/src/Illuminate/Database/Migrations/Migrator.php:396
/var/www/html/Laravel-engineer-Interview/vendor/laravel/framework/src/Illuminate/Database/Migrations/Migrator.php:197
/var/www/html/Laravel-engineer-Interview/vendor/laravel/framework/src/Illuminate/Database/Migrations/Migrator.php:162
/var/www/html/Laravel-engineer-Interview/vendor/laravel/framework/src/Illuminate/Database/Migrations/Migrator.php:109
/var/www/html/Laravel-engineer-Interview/vendor/laravel/framework/src/Illuminate/Database/Console/Migrations/MigrateCommand.php:71
/var/www/html/Laravel-engineer-Interview/vendor/laravel/framework/src/Illuminate/Container/BoundMethod.php:32
/var/www/html/Laravel-engineer-Interview/vendor/laravel/framework/src/Illuminate/Container/BoundMethod.php:90
/var/www/html/Laravel-engineer-Interview/vendor/laravel/framework/src/Illuminate/Container/BoundMethod.php:34
/var/www/html/Laravel-engineer-Interview/vendor/laravel/framework/src/Illuminate/Container/Container.php:576
/var/www/html/Laravel-engineer-Interview/vendor/laravel/framework/src/Illuminate/Console/Command.php:183
/var/www/html/Laravel-engineer-Interview/vendor/symfony/console/Command/Command.php:255
/var/www/html/Laravel-engineer-Interview/vendor/laravel/framework/src/Illuminate/Console/Command.php:170
/var/www/html/Laravel-engineer-Interview/vendor/laravel/framework/src/Illuminate/Console/Command.php:198
/var/www/html/Laravel-engineer-Interview/vendor/laravel/framework/src/Illuminate/Database/Console/Migrations/FreshCommand.php:61
/var/www/html/Laravel-engineer-Interview/vendor/laravel/framework/src/Illuminate/Container/BoundMethod.php:32
/var/www/html/Laravel-engineer-Interview/vendor/laravel/framework/src/Illuminate/Container/BoundMethod.php:90
/var/www/html/Laravel-engineer-Interview/vendor/laravel/framework/src/Illuminate/Container/BoundMethod.php:34
/var/www/html/Laravel-engineer-Interview/vendor/laravel/framework/src/Illuminate/Container/Container.php:576
/var/www/html/Laravel-engineer-Interview/vendor/laravel/framework/src/Illuminate/Console/Command.php:183
/var/www/html/Laravel-engineer-Interview/vendor/symfony/console/Command/Command.php:255
/var/www/html/Laravel-engineer-Interview/vendor/laravel/framework/src/Illuminate/Console/Command.php:170
/var/www/html/Laravel-engineer-Interview/vendor/symfony/console/Application.php:934
/var/www/html/Laravel-engineer-Interview/vendor/symfony/console/Application.php:273
/var/www/html/Laravel-engineer-Interview/vendor/symfony/console/Application.php:149
/var/www/html/Laravel-engineer-Interview/vendor/laravel/framework/src/Illuminate/Console/Application.php:90
/var/www/html/Laravel-engineer-Interview/vendor/laravel/framework/src/Illuminate/Console/Application.php:182
/var/www/html/Laravel-engineer-Interview/vendor/laravel/framework/src/Illuminate/Foundation/Console/Kernel.php:275
/var/www/html/Laravel-engineer-Interview/vendor/laravel/framework/src/Illuminate/Foundation/Testing/PendingCommand.php:136
/var/www/html/Laravel-engineer-Interview/vendor/laravel/framework/src/Illuminate/Foundation/Testing/PendingCommand.php:220
/var/www/html/Laravel-engineer-Interview/vendor/laravel/framework/src/Illuminate/Foundation/Testing/Concerns/InteractsWithConsole.php:56
/var/www/html/Laravel-engineer-Interview/vendor/laravel/framework/src/Illuminate/Foundation/Testing/RefreshDatabase.php:55
/var/www/html/Laravel-engineer-Interview/vendor/laravel/framework/src/Illuminate/Foundation/Testing/RefreshDatabase.php:18
/var/www/html/Laravel-engineer-Interview/vendor/laravel/framework/src/Illuminate/Foundation/Testing/TestCase.php:114
/var/www/html/Laravel-engineer-Interview/vendor/laravel/framework/src/Illuminate/Foundation/Testing/TestCase.php:81
</error>
        </testcase>
        <testcase name="testValidation with data set #19" class="Tests\Feature\BookPostTest" classname="Tests.Feature.BookPostTest" file="/var/www/html/Laravel-engineer-Interview/tests/Feature/BookPostTest.php" line="71" assertions="0" time="0.512112">
          <error type="Illuminate\Database\QueryException">Tests\Feature\BookPostTest::testValidation with data set #19 (array(array(999999)), 'authors.0')
Illuminate\Database\QueryException: SQLSTATE[HY000]: General error: 1215 Cannot add foreign key constraint (SQL: alter table `book_author` add constraint `book_author_book_id_foreign` foreign key (`book_id`) references `books` (`id`) on delete cascade)

/var/www/html/Laravel-engineer-Interview/vendor/laravel/framework/src/Illuminate/Database/Connection.php:664
/var/www/html/Laravel-engineer-Interview/vendor/laravel/framework/src/Illuminate/Database/Connection.php:624
/var/www/html/Laravel-engineer-Interview/vendor/laravel/framework/src/Illuminate/Database/Connection.php:459
/var/www/html/Laravel-engineer-Interview/vendor/laravel/framework/src/Illuminate/Database/Schema/Blueprint.php:97
/var/www/html/Laravel-engineer-Interview/vendor/laravel/framework/src/Illuminate/Database/Schema/Builder.php:278
/var/www/html/Laravel-engineer-Interview/vendor/laravel/framework/src/Illuminate/Database/Schema/Builder.php:167
/var/www/html/Laravel-engineer-Interview/vendor/laravel/framework/src/Illuminate/Support/Facades/Facade.php:239
/var/www/html/Laravel-engineer-Interview/database/migrations/2019_05_07_000000_create_books_table.php:35
/var/www/html/Laravel-engineer-Interview/vendor/laravel/framework/src/Illuminate/Database/Migrations/Migrator.php:387
/var/www/html/Laravel-engineer-Interview/vendor/laravel/framework/src/Illuminate/Database/Migrations/Migrator.php:396
/var/www/html/Laravel-engineer-Interview/vendor/laravel/framework/src/Illuminate/Database/Migrations/Migrator.php:197
/var/www/html/Laravel-engineer-Interview/vendor/laravel/framework/src/Illuminate/Database/Migrations/Migrator.php:162
/var/www/html/Laravel-engineer-Interview/vendor/laravel/framework/src/Illuminate/Database/Migrations/Migrator.php:109
/var/www/html/Laravel-engineer-Interview/vendor/laravel/framework/src/Illuminate/Database/Console/Migrations/MigrateCommand.php:71
/var/www/html/Laravel-engineer-Interview/vendor/laravel/framework/src/Illuminate/Container/BoundMethod.php:32
/var/www/html/Laravel-engineer-Interview/vendor/laravel/framework/src/Illuminate/Container/BoundMethod.php:90
/var/www/html/Laravel-engineer-Interview/vendor/laravel/framework/src/Illuminate/Container/BoundMethod.php:34
/var/www/html/Laravel-engineer-Interview/vendor/laravel/framework/src/Illuminate/Container/Container.php:576
/var/www/html/Laravel-engineer-Interview/vendor/laravel/framework/src/Illuminate/Console/Command.php:183
/var/www/html/Laravel-engineer-Interview/vendor/symfony/console/Command/Command.php:255
/var/www/html/Laravel-engineer-Interview/vendor/laravel/framework/src/Illuminate/Console/Command.php:170
/var/www/html/Laravel-engineer-Interview/vendor/laravel/framework/src/Illuminate/Console/Command.php:198
/var/www/html/Laravel-engineer-Interview/vendor/laravel/framework/src/Illuminate/Database/Console/Migrations/FreshCommand.php:61
/var/www/html/Laravel-engineer-Interview/vendor/laravel/framework/src/Illuminate/Container/BoundMethod.php:32
/var/www/html/Laravel-engineer-Interview/vendor/laravel/framework/src/Illuminate/Container/BoundMethod.php:90
/var/www/html/Laravel-engineer-Interview/vendor/laravel/framework/src/Illuminate/Container/BoundMethod.php:34
/var/www/html/Laravel-engineer-Interview/vendor/laravel/framework/src/Illuminate/Container/Container.php:576
/var/www/html/Laravel-engineer-Interview/vendor/laravel/framework/src/Illuminate/Console/Command.php:183
/var/www/html/Laravel-engineer-Interview/vendor/symfony/console/Command/Command.php:255
/var/www/html/Laravel-engineer-Interview/vendor/laravel/framework/src/Illuminate/Console/Command.php:170
/var/www/html/Laravel-engineer-Interview/vendor/symfony/console/Application.php:934
/var/www/html/Laravel-engineer-Interview/vendor/symfony/console/Application.php:273
/var/www/html/Laravel-engineer-Interview/vendor/symfony/console/Application.php:149
/var/www/html/Laravel-engineer-Interview/vendor/laravel/framework/src/Illuminate/Console/Application.php:90
/var/www/html/Laravel-engineer-Interview/vendor/laravel/framework/src/Illuminate/Console/Application.php:182
/var/www/html/Laravel-engineer-Interview/vendor/laravel/framework/src/Illuminate/Foundation/Console/Kernel.php:275
/var/www/html/Laravel-engineer-Interview/vendor/laravel/framework/src/Illuminate/Foundation/Testing/PendingCommand.php:136
/var/www/html/Laravel-engineer-Interview/vendor/laravel/framework/src/Illuminate/Foundation/Testing/PendingCommand.php:220
/var/www/html/Laravel-engineer-Interview/vendor/laravel/framework/src/Illuminate/Foundation/Testing/Concerns/InteractsWithConsole.php:56
/var/www/html/Laravel-engineer-Interview/vendor/laravel/framework/src/Illuminate/Foundation/Testing/RefreshDatabase.php:55
/var/www/html/Laravel-engineer-Interview/vendor/laravel/framework/src/Illuminate/Foundation/Testing/RefreshDatabase.php:18
/var/www/html/Laravel-engineer-Interview/vendor/laravel/framework/src/Illuminate/Foundation/Testing/TestCase.php:114
/var/www/html/Laravel-engineer-Interview/vendor/laravel/framework/src/Illuminate/Foundation/Testing/TestCase.php:81
</error>
        </testcase>
        <testcase name="testValidation with data set #20" class="Tests\Feature\BookPostTest" classname="Tests.Feature.BookPostTest" file="/var/www/html/Laravel-engineer-Interview/tests/Feature/BookPostTest.php" line="71" assertions="0" time="0.436676">
          <error type="Illuminate\Database\QueryException">Tests\Feature\BookPostTest::testValidation with data set #20 (array(array(array())), 'authors.0')
Illuminate\Database\QueryException: SQLSTATE[HY000]: General error: 1215 Cannot add foreign key constraint (SQL: alter table `book_author` add constraint `book_author_book_id_foreign` foreign key (`book_id`) references `books` (`id`) on delete cascade)

/var/www/html/Laravel-engineer-Interview/vendor/laravel/framework/src/Illuminate/Database/Connection.php:664
/var/www/html/Laravel-engineer-Interview/vendor/laravel/framework/src/Illuminate/Database/Connection.php:624
/var/www/html/Laravel-engineer-Interview/vendor/laravel/framework/src/Illuminate/Database/Connection.php:459
/var/www/html/Laravel-engineer-Interview/vendor/laravel/framework/src/Illuminate/Database/Schema/Blueprint.php:97
/var/www/html/Laravel-engineer-Interview/vendor/laravel/framework/src/Illuminate/Database/Schema/Builder.php:278
/var/www/html/Laravel-engineer-Interview/vendor/laravel/framework/src/Illuminate/Database/Schema/Builder.php:167
/var/www/html/Laravel-engineer-Interview/vendor/laravel/framework/src/Illuminate/Support/Facades/Facade.php:239
/var/www/html/Laravel-engineer-Interview/database/migrations/2019_05_07_000000_create_books_table.php:35
/var/www/html/Laravel-engineer-Interview/vendor/laravel/framework/src/Illuminate/Database/Migrations/Migrator.php:387
/var/www/html/Laravel-engineer-Interview/vendor/laravel/framework/src/Illuminate/Database/Migrations/Migrator.php:396
/var/www/html/Laravel-engineer-Interview/vendor/laravel/framework/src/Illuminate/Database/Migrations/Migrator.php:197
/var/www/html/Laravel-engineer-Interview/vendor/laravel/framework/src/Illuminate/Database/Migrations/Migrator.php:162
/var/www/html/Laravel-engineer-Interview/vendor/laravel/framework/src/Illuminate/Database/Migrations/Migrator.php:109
/var/www/html/Laravel-engineer-Interview/vendor/laravel/framework/src/Illuminate/Database/Console/Migrations/MigrateCommand.php:71
/var/www/html/Laravel-engineer-Interview/vendor/laravel/framework/src/Illuminate/Container/BoundMethod.php:32
/var/www/html/Laravel-engineer-Interview/vendor/laravel/framework/src/Illuminate/Container/BoundMethod.php:90
/var/www/html/Laravel-engineer-Interview/vendor/laravel/framework/src/Illuminate/Container/BoundMethod.php:34
/var/www/html/Laravel-engineer-Interview/vendor/laravel/framework/src/Illuminate/Container/Container.php:576
/var/www/html/Laravel-engineer-Interview/vendor/laravel/framework/src/Illuminate/Console/Command.php:183
/var/www/html/Laravel-engineer-Interview/vendor/symfony/console/Command/Command.php:255
/var/www/html/Laravel-engineer-Interview/vendor/laravel/framework/src/Illuminate/Console/Command.php:170
/var/www/html/Laravel-engineer-Interview/vendor/laravel/framework/src/Illuminate/Console/Command.php:198
/var/www/html/Laravel-engineer-Interview/vendor/laravel/framework/src/Illuminate/Database/Console/Migrations/FreshCommand.php:61
/var/www/html/Laravel-engineer-Interview/vendor/laravel/framework/src/Illuminate/Container/BoundMethod.php:32
/var/www/html/Laravel-engineer-Interview/vendor/laravel/framework/src/Illuminate/Container/BoundMethod.php:90
/var/www/html/Laravel-engineer-Interview/vendor/laravel/framework/src/Illuminate/Container/BoundMethod.php:34
/var/www/html/Laravel-engineer-Interview/vendor/laravel/framework/src/Illuminate/Container/Container.php:576
/var/www/html/Laravel-engineer-Interview/vendor/laravel/framework/src/Illuminate/Console/Command.php:183
/var/www/html/Laravel-engineer-Interview/vendor/symfony/console/Command/Command.php:255
/var/www/html/Laravel-engineer-Interview/vendor/laravel/framework/src/Illuminate/Console/Command.php:170
/var/www/html/Laravel-engineer-Interview/vendor/symfony/console/Application.php:934
/var/www/html/Laravel-engineer-Interview/vendor/symfony/console/Application.php:273
/var/www/html/Laravel-engineer-Interview/vendor/symfony/console/Application.php:149
/var/www/html/Laravel-engineer-Interview/vendor/laravel/framework/src/Illuminate/Console/Application.php:90
/var/www/html/Laravel-engineer-Interview/vendor/laravel/framework/src/Illuminate/Console/Application.php:182
/var/www/html/Laravel-engineer-Interview/vendor/laravel/framework/src/Illuminate/Foundation/Console/Kernel.php:275
/var/www/html/Laravel-engineer-Interview/vendor/laravel/framework/src/Illuminate/Foundation/Testing/PendingCommand.php:136
/var/www/html/Laravel-engineer-Interview/vendor/laravel/framework/src/Illuminate/Foundation/Testing/PendingCommand.php:220
/var/www/html/Laravel-engineer-Interview/vendor/laravel/framework/src/Illuminate/Foundation/Testing/Concerns/InteractsWithConsole.php:56
/var/www/html/Laravel-engineer-Interview/vendor/laravel/framework/src/Illuminate/Foundation/Testing/RefreshDatabase.php:55
/var/www/html/Laravel-engineer-Interview/vendor/laravel/framework/src/Illuminate/Foundation/Testing/RefreshDatabase.php:18
/var/www/html/Laravel-engineer-Interview/vendor/laravel/framework/src/Illuminate/Foundation/Testing/TestCase.php:114
/var/www/html/Laravel-engineer-Interview/vendor/laravel/framework/src/Illuminate/Foundation/Testing/TestCase.php:81
</error>
        </testcase>
        <testcase name="testValidation with data set #21" class="Tests\Feature\BookPostTest" classname="Tests.Feature.BookPostTest" file="/var/www/html/Laravel-engineer-Interview/tests/Feature/BookPostTest.php" line="71" assertions="0" time="0.438194">
          <error type="Illuminate\Database\QueryException">Tests\Feature\BookPostTest::testValidation with data set #21 (array(array(null)), 'authors.0')
Illuminate\Database\QueryException: SQLSTATE[HY000]: General error: 1215 Cannot add foreign key constraint (SQL: alter table `book_author` add constraint `book_author_book_id_foreign` foreign key (`book_id`) references `books` (`id`) on delete cascade)

/var/www/html/Laravel-engineer-Interview/vendor/laravel/framework/src/Illuminate/Database/Connection.php:664
/var/www/html/Laravel-engineer-Interview/vendor/laravel/framework/src/Illuminate/Database/Connection.php:624
/var/www/html/Laravel-engineer-Interview/vendor/laravel/framework/src/Illuminate/Database/Connection.php:459
/var/www/html/Laravel-engineer-Interview/vendor/laravel/framework/src/Illuminate/Database/Schema/Blueprint.php:97
/var/www/html/Laravel-engineer-Interview/vendor/laravel/framework/src/Illuminate/Database/Schema/Builder.php:278
/var/www/html/Laravel-engineer-Interview/vendor/laravel/framework/src/Illuminate/Database/Schema/Builder.php:167
/var/www/html/Laravel-engineer-Interview/vendor/laravel/framework/src/Illuminate/Support/Facades/Facade.php:239
/var/www/html/Laravel-engineer-Interview/database/migrations/2019_05_07_000000_create_books_table.php:35
/var/www/html/Laravel-engineer-Interview/vendor/laravel/framework/src/Illuminate/Database/Migrations/Migrator.php:387
/var/www/html/Laravel-engineer-Interview/vendor/laravel/framework/src/Illuminate/Database/Migrations/Migrator.php:396
/var/www/html/Laravel-engineer-Interview/vendor/laravel/framework/src/Illuminate/Database/Migrations/Migrator.php:197
/var/www/html/Laravel-engineer-Interview/vendor/laravel/framework/src/Illuminate/Database/Migrations/Migrator.php:162
/var/www/html/Laravel-engineer-Interview/vendor/laravel/framework/src/Illuminate/Database/Migrations/Migrator.php:109
/var/www/html/Laravel-engineer-Interview/vendor/laravel/framework/src/Illuminate/Database/Console/Migrations/MigrateCommand.php:71
/var/www/html/Laravel-engineer-Interview/vendor/laravel/framework/src/Illuminate/Container/BoundMethod.php:32
/var/www/html/Laravel-engineer-Interview/vendor/laravel/framework/src/Illuminate/Container/BoundMethod.php:90
/var/www/html/Laravel-engineer-Interview/vendor/laravel/framework/src/Illuminate/Container/BoundMethod.php:34
/var/www/html/Laravel-engineer-Interview/vendor/laravel/framework/src/Illuminate/Container/Container.php:576
/var/www/html/Laravel-engineer-Interview/vendor/laravel/framework/src/Illuminate/Console/Command.php:183
/var/www/html/Laravel-engineer-Interview/vendor/symfony/console/Command/Command.php:255
/var/www/html/Laravel-engineer-Interview/vendor/laravel/framework/src/Illuminate/Console/Command.php:170
/var/www/html/Laravel-engineer-Interview/vendor/laravel/framework/src/Illuminate/Console/Command.php:198
/var/www/html/Laravel-engineer-Interview/vendor/laravel/framework/src/Illuminate/Database/Console/Migrations/FreshCommand.php:61
/var/www/html/Laravel-engineer-Interview/vendor/laravel/framework/src/Illuminate/Container/BoundMethod.php:32
/var/www/html/Laravel-engineer-Interview/vendor/laravel/framework/src/Illuminate/Container/BoundMethod.php:90
/var/www/html/Laravel-engineer-Interview/vendor/laravel/framework/src/Illuminate/Container/BoundMethod.php:34
/var/www/html/Laravel-engineer-Interview/vendor/laravel/framework/src/Illuminate/Container/Container.php:576
/var/www/html/Laravel-engineer-Interview/vendor/laravel/framework/src/Illuminate/Console/Command.php:183
/var/www/html/Laravel-engineer-Interview/vendor/symfony/console/Command/Command.php:255
/var/www/html/Laravel-engineer-Interview/vendor/laravel/framework/src/Illuminate/Console/Command.php:170
/var/www/html/Laravel-engineer-Interview/vendor/symfony/console/Application.php:934
/var/www/html/Laravel-engineer-Interview/vendor/symfony/console/Application.php:273
/var/www/html/Laravel-engineer-Interview/vendor/symfony/console/Application.php:149
/var/www/html/Laravel-engineer-Interview/vendor/laravel/framework/src/Illuminate/Console/Application.php:90
/var/www/html/Laravel-engineer-Interview/vendor/laravel/framework/src/Illuminate/Console/Application.php:182
/var/www/html/Laravel-engineer-Interview/vendor/laravel/framework/src/Illuminate/Foundation/Console/Kernel.php:275
/var/www/html/Laravel-engineer-Interview/vendor/laravel/framework/src/Illuminate/Foundation/Testing/PendingCommand.php:136
/var/www/html/Laravel-engineer-Interview/vendor/laravel/framework/src/Illuminate/Foundation/Testing/PendingCommand.php:220
/var/www/html/Laravel-engineer-Interview/vendor/laravel/framework/src/Illuminate/Foundation/Testing/Concerns/InteractsWithConsole.php:56
/var/www/html/Laravel-engineer-Interview/vendor/laravel/framework/src/Illuminate/Foundation/Testing/RefreshDatabase.php:55
/var/www/html/Laravel-engineer-Interview/vendor/laravel/framework/src/Illuminate/Foundation/Testing/RefreshDatabase.php:18
/var/www/html/Laravel-engineer-Interview/vendor/laravel/framework/src/Illuminate/Foundation/Testing/TestCase.php:114
/var/www/html/Laravel-engineer-Interview/vendor/laravel/framework/src/Illuminate/Foundation/Testing/TestCase.php:81
</error>
        </testcase>
      </testsuite>
    </testsuite>
    <testsuite name="Tests\Feature\BookReviewTest" file="/var/www/html/Laravel-engineer-Interview/tests/Feature/BookReviewTest.php" tests="12" assertions="0" errors="12" failures="0" skipped="0" time="5.477742">
      <testcase name="testDenyGuestAccess" class="Tests\Feature\BookReviewTest" classname="Tests.Feature.BookReviewTest" file="/var/www/html/Laravel-engineer-Interview/tests/Feature/BookReviewTest.php" line="14" assertions="0" time="0.410749">
        <error type="Illuminate\Database\QueryException">Tests\Feature\BookReviewTest::testDenyGuestAccess
Illuminate\Database\QueryException: SQLSTATE[HY000]: General error: 1215 Cannot add foreign key constraint (SQL: alter table `book_author` add constraint `book_author_book_id_foreign` foreign key (`book_id`) references `books` (`id`) on delete cascade)

/var/www/html/Laravel-engineer-Interview/vendor/laravel/framework/src/Illuminate/Database/Connection.php:664
/var/www/html/Laravel-engineer-Interview/vendor/laravel/framework/src/Illuminate/Database/Connection.php:624
/var/www/html/Laravel-engineer-Interview/vendor/laravel/framework/src/Illuminate/Database/Connection.php:459
/var/www/html/Laravel-engineer-Interview/vendor/laravel/framework/src/Illuminate/Database/Schema/Blueprint.php:97
/var/www/html/Laravel-engineer-Interview/vendor/laravel/framework/src/Illuminate/Database/Schema/Builder.php:278
/var/www/html/Laravel-engineer-Interview/vendor/laravel/framework/src/Illuminate/Database/Schema/Builder.php:167
/var/www/html/Laravel-engineer-Interview/vendor/laravel/framework/src/Illuminate/Support/Facades/Facade.php:239
/var/www/html/Laravel-engineer-Interview/database/migrations/2019_05_07_000000_create_books_table.php:35
/var/www/html/Laravel-engineer-Interview/vendor/laravel/framework/src/Illuminate/Database/Migrations/Migrator.php:387
/var/www/html/Laravel-engineer-Interview/vendor/laravel/framework/src/Illuminate/Database/Migrations/Migrator.php:396
/var/www/html/Laravel-engineer-Interview/vendor/laravel/framework/src/Illuminate/Database/Migrations/Migrator.php:197
/var/www/html/Laravel-engineer-Interview/vendor/laravel/framework/src/Illuminate/Database/Migrations/Migrator.php:162
/var/www/html/Laravel-engineer-Interview/vendor/laravel/framework/src/Illuminate/Database/Migrations/Migrator.php:109
/var/www/html/Laravel-engineer-Interview/vendor/laravel/framework/src/Illuminate/Database/Console/Migrations/MigrateCommand.php:71
/var/www/html/Laravel-engineer-Interview/vendor/laravel/framework/src/Illuminate/Container/BoundMethod.php:32
/var/www/html/Laravel-engineer-Interview/vendor/laravel/framework/src/Illuminate/Container/BoundMethod.php:90
/var/www/html/Laravel-engineer-Interview/vendor/laravel/framework/src/Illuminate/Container/BoundMethod.php:34
/var/www/html/Laravel-engineer-Interview/vendor/laravel/framework/src/Illuminate/Container/Container.php:576
/var/www/html/Laravel-engineer-Interview/vendor/laravel/framework/src/Illuminate/Console/Command.php:183
/var/www/html/Laravel-engineer-Interview/vendor/symfony/console/Command/Command.php:255
/var/www/html/Laravel-engineer-Interview/vendor/laravel/framework/src/Illuminate/Console/Command.php:170
/var/www/html/Laravel-engineer-Interview/vendor/laravel/framework/src/Illuminate/Console/Command.php:198
/var/www/html/Laravel-engineer-Interview/vendor/laravel/framework/src/Illuminate/Database/Console/Migrations/FreshCommand.php:61
/var/www/html/Laravel-engineer-Interview/vendor/laravel/framework/src/Illuminate/Container/BoundMethod.php:32
/var/www/html/Laravel-engineer-Interview/vendor/laravel/framework/src/Illuminate/Container/BoundMethod.php:90
/var/www/html/Laravel-engineer-Interview/vendor/laravel/framework/src/Illuminate/Container/BoundMethod.php:34
/var/www/html/Laravel-engineer-Interview/vendor/laravel/framework/src/Illuminate/Container/Container.php:576
/var/www/html/Laravel-engineer-Interview/vendor/laravel/framework/src/Illuminate/Console/Command.php:183
/var/www/html/Laravel-engineer-Interview/vendor/symfony/console/Command/Command.php:255
/var/www/html/Laravel-engineer-Interview/vendor/laravel/framework/src/Illuminate/Console/Command.php:170
/var/www/html/Laravel-engineer-Interview/vendor/symfony/console/Application.php:934
/var/www/html/Laravel-engineer-Interview/vendor/symfony/console/Application.php:273
/var/www/html/Laravel-engineer-Interview/vendor/symfony/console/Application.php:149
/var/www/html/Laravel-engineer-Interview/vendor/laravel/framework/src/Illuminate/Console/Application.php:90
/var/www/html/Laravel-engineer-Interview/vendor/laravel/framework/src/Illuminate/Console/Application.php:182
/var/www/html/Laravel-engineer-Interview/vendor/laravel/framework/src/Illuminate/Foundation/Console/Kernel.php:275
/var/www/html/Laravel-engineer-Interview/vendor/laravel/framework/src/Illuminate/Foundation/Testing/PendingCommand.php:136
/var/www/html/Laravel-engineer-Interview/vendor/laravel/framework/src/Illuminate/Foundation/Testing/PendingCommand.php:220
/var/www/html/Laravel-engineer-Interview/vendor/laravel/framework/src/Illuminate/Foundation/Testing/Concerns/InteractsWithConsole.php:56
/var/www/html/Laravel-engineer-Interview/vendor/laravel/framework/src/Illuminate/Foundation/Testing/RefreshDatabase.php:55
/var/www/html/Laravel-engineer-Interview/vendor/laravel/framework/src/Illuminate/Foundation/Testing/RefreshDatabase.php:18
/var/www/html/Laravel-engineer-Interview/vendor/laravel/framework/src/Illuminate/Foundation/Testing/TestCase.php:114
/var/www/html/Laravel-engineer-Interview/vendor/laravel/framework/src/Illuminate/Foundation/Testing/TestCase.php:81
</error>
      </testcase>
      <testcase name="testError404OnInvalidBookId" class="Tests\Feature\BookReviewTest" classname="Tests.Feature.BookReviewTest" file="/var/www/html/Laravel-engineer-Interview/tests/Feature/BookReviewTest.php" line="26" assertions="0" time="0.434040">
        <error type="Illuminate\Database\QueryException">Tests\Feature\BookReviewTest::testError404OnInvalidBookId
Illuminate\Database\QueryException: SQLSTATE[HY000]: General error: 1215 Cannot add foreign key constraint (SQL: alter table `book_author` add constraint `book_author_book_id_foreign` foreign key (`book_id`) references `books` (`id`) on delete cascade)

/var/www/html/Laravel-engineer-Interview/vendor/laravel/framework/src/Illuminate/Database/Connection.php:664
/var/www/html/Laravel-engineer-Interview/vendor/laravel/framework/src/Illuminate/Database/Connection.php:624
/var/www/html/Laravel-engineer-Interview/vendor/laravel/framework/src/Illuminate/Database/Connection.php:459
/var/www/html/Laravel-engineer-Interview/vendor/laravel/framework/src/Illuminate/Database/Schema/Blueprint.php:97
/var/www/html/Laravel-engineer-Interview/vendor/laravel/framework/src/Illuminate/Database/Schema/Builder.php:278
/var/www/html/Laravel-engineer-Interview/vendor/laravel/framework/src/Illuminate/Database/Schema/Builder.php:167
/var/www/html/Laravel-engineer-Interview/vendor/laravel/framework/src/Illuminate/Support/Facades/Facade.php:239
/var/www/html/Laravel-engineer-Interview/database/migrations/2019_05_07_000000_create_books_table.php:35
/var/www/html/Laravel-engineer-Interview/vendor/laravel/framework/src/Illuminate/Database/Migrations/Migrator.php:387
/var/www/html/Laravel-engineer-Interview/vendor/laravel/framework/src/Illuminate/Database/Migrations/Migrator.php:396
/var/www/html/Laravel-engineer-Interview/vendor/laravel/framework/src/Illuminate/Database/Migrations/Migrator.php:197
/var/www/html/Laravel-engineer-Interview/vendor/laravel/framework/src/Illuminate/Database/Migrations/Migrator.php:162
/var/www/html/Laravel-engineer-Interview/vendor/laravel/framework/src/Illuminate/Database/Migrations/Migrator.php:109
/var/www/html/Laravel-engineer-Interview/vendor/laravel/framework/src/Illuminate/Database/Console/Migrations/MigrateCommand.php:71
/var/www/html/Laravel-engineer-Interview/vendor/laravel/framework/src/Illuminate/Container/BoundMethod.php:32
/var/www/html/Laravel-engineer-Interview/vendor/laravel/framework/src/Illuminate/Container/BoundMethod.php:90
/var/www/html/Laravel-engineer-Interview/vendor/laravel/framework/src/Illuminate/Container/BoundMethod.php:34
/var/www/html/Laravel-engineer-Interview/vendor/laravel/framework/src/Illuminate/Container/Container.php:576
/var/www/html/Laravel-engineer-Interview/vendor/laravel/framework/src/Illuminate/Console/Command.php:183
/var/www/html/Laravel-engineer-Interview/vendor/symfony/console/Command/Command.php:255
/var/www/html/Laravel-engineer-Interview/vendor/laravel/framework/src/Illuminate/Console/Command.php:170
/var/www/html/Laravel-engineer-Interview/vendor/laravel/framework/src/Illuminate/Console/Command.php:198
/var/www/html/Laravel-engineer-Interview/vendor/laravel/framework/src/Illuminate/Database/Console/Migrations/FreshCommand.php:61
/var/www/html/Laravel-engineer-Interview/vendor/laravel/framework/src/Illuminate/Container/BoundMethod.php:32
/var/www/html/Laravel-engineer-Interview/vendor/laravel/framework/src/Illuminate/Container/BoundMethod.php:90
/var/www/html/Laravel-engineer-Interview/vendor/laravel/framework/src/Illuminate/Container/BoundMethod.php:34
/var/www/html/Laravel-engineer-Interview/vendor/laravel/framework/src/Illuminate/Container/Container.php:576
/var/www/html/Laravel-engineer-Interview/vendor/laravel/framework/src/Illuminate/Console/Command.php:183
/var/www/html/Laravel-engineer-Interview/vendor/symfony/console/Command/Command.php:255
/var/www/html/Laravel-engineer-Interview/vendor/laravel/framework/src/Illuminate/Console/Command.php:170
/var/www/html/Laravel-engineer-Interview/vendor/symfony/console/Application.php:934
/var/www/html/Laravel-engineer-Interview/vendor/symfony/console/Application.php:273
/var/www/html/Laravel-engineer-Interview/vendor/symfony/console/Application.php:149
/var/www/html/Laravel-engineer-Interview/vendor/laravel/framework/src/Illuminate/Console/Application.php:90
/var/www/html/Laravel-engineer-Interview/vendor/laravel/framework/src/Illuminate/Console/Application.php:182
/var/www/html/Laravel-engineer-Interview/vendor/laravel/framework/src/Illuminate/Foundation/Console/Kernel.php:275
/var/www/html/Laravel-engineer-Interview/vendor/laravel/framework/src/Illuminate/Foundation/Testing/PendingCommand.php:136
/var/www/html/Laravel-engineer-Interview/vendor/laravel/framework/src/Illuminate/Foundation/Testing/PendingCommand.php:220
/var/www/html/Laravel-engineer-Interview/vendor/laravel/framework/src/Illuminate/Foundation/Testing/Concerns/InteractsWithConsole.php:56
/var/www/html/Laravel-engineer-Interview/vendor/laravel/framework/src/Illuminate/Foundation/Testing/RefreshDatabase.php:55
/var/www/html/Laravel-engineer-Interview/vendor/laravel/framework/src/Illuminate/Foundation/Testing/RefreshDatabase.php:18
/var/www/html/Laravel-engineer-Interview/vendor/laravel/framework/src/Illuminate/Foundation/Testing/TestCase.php:114
/var/www/html/Laravel-engineer-Interview/vendor/laravel/framework/src/Illuminate/Foundation/Testing/TestCase.php:81
</error>
      </testcase>
      <testcase name="testSuccessfulPost" class="Tests\Feature\BookReviewTest" classname="Tests.Feature.BookReviewTest" file="/var/www/html/Laravel-engineer-Interview/tests/Feature/BookReviewTest.php" line="40" assertions="0" time="0.414947">
        <error type="Illuminate\Database\QueryException">Tests\Feature\BookReviewTest::testSuccessfulPost
Illuminate\Database\QueryException: SQLSTATE[HY000]: General error: 1215 Cannot add foreign key constraint (SQL: alter table `book_author` add constraint `book_author_book_id_foreign` foreign key (`book_id`) references `books` (`id`) on delete cascade)

/var/www/html/Laravel-engineer-Interview/vendor/laravel/framework/src/Illuminate/Database/Connection.php:664
/var/www/html/Laravel-engineer-Interview/vendor/laravel/framework/src/Illuminate/Database/Connection.php:624
/var/www/html/Laravel-engineer-Interview/vendor/laravel/framework/src/Illuminate/Database/Connection.php:459
/var/www/html/Laravel-engineer-Interview/vendor/laravel/framework/src/Illuminate/Database/Schema/Blueprint.php:97
/var/www/html/Laravel-engineer-Interview/vendor/laravel/framework/src/Illuminate/Database/Schema/Builder.php:278
/var/www/html/Laravel-engineer-Interview/vendor/laravel/framework/src/Illuminate/Database/Schema/Builder.php:167
/var/www/html/Laravel-engineer-Interview/vendor/laravel/framework/src/Illuminate/Support/Facades/Facade.php:239
/var/www/html/Laravel-engineer-Interview/database/migrations/2019_05_07_000000_create_books_table.php:35
/var/www/html/Laravel-engineer-Interview/vendor/laravel/framework/src/Illuminate/Database/Migrations/Migrator.php:387
/var/www/html/Laravel-engineer-Interview/vendor/laravel/framework/src/Illuminate/Database/Migrations/Migrator.php:396
/var/www/html/Laravel-engineer-Interview/vendor/laravel/framework/src/Illuminate/Database/Migrations/Migrator.php:197
/var/www/html/Laravel-engineer-Interview/vendor/laravel/framework/src/Illuminate/Database/Migrations/Migrator.php:162
/var/www/html/Laravel-engineer-Interview/vendor/laravel/framework/src/Illuminate/Database/Migrations/Migrator.php:109
/var/www/html/Laravel-engineer-Interview/vendor/laravel/framework/src/Illuminate/Database/Console/Migrations/MigrateCommand.php:71
/var/www/html/Laravel-engineer-Interview/vendor/laravel/framework/src/Illuminate/Container/BoundMethod.php:32
/var/www/html/Laravel-engineer-Interview/vendor/laravel/framework/src/Illuminate/Container/BoundMethod.php:90
/var/www/html/Laravel-engineer-Interview/vendor/laravel/framework/src/Illuminate/Container/BoundMethod.php:34
/var/www/html/Laravel-engineer-Interview/vendor/laravel/framework/src/Illuminate/Container/Container.php:576
/var/www/html/Laravel-engineer-Interview/vendor/laravel/framework/src/Illuminate/Console/Command.php:183
/var/www/html/Laravel-engineer-Interview/vendor/symfony/console/Command/Command.php:255
/var/www/html/Laravel-engineer-Interview/vendor/laravel/framework/src/Illuminate/Console/Command.php:170
/var/www/html/Laravel-engineer-Interview/vendor/laravel/framework/src/Illuminate/Console/Command.php:198
/var/www/html/Laravel-engineer-Interview/vendor/laravel/framework/src/Illuminate/Database/Console/Migrations/FreshCommand.php:61
/var/www/html/Laravel-engineer-Interview/vendor/laravel/framework/src/Illuminate/Container/BoundMethod.php:32
/var/www/html/Laravel-engineer-Interview/vendor/laravel/framework/src/Illuminate/Container/BoundMethod.php:90
/var/www/html/Laravel-engineer-Interview/vendor/laravel/framework/src/Illuminate/Container/BoundMethod.php:34
/var/www/html/Laravel-engineer-Interview/vendor/laravel/framework/src/Illuminate/Container/Container.php:576
/var/www/html/Laravel-engineer-Interview/vendor/laravel/framework/src/Illuminate/Console/Command.php:183
/var/www/html/Laravel-engineer-Interview/vendor/symfony/console/Command/Command.php:255
/var/www/html/Laravel-engineer-Interview/vendor/laravel/framework/src/Illuminate/Console/Command.php:170
/var/www/html/Laravel-engineer-Interview/vendor/symfony/console/Application.php:934
/var/www/html/Laravel-engineer-Interview/vendor/symfony/console/Application.php:273
/var/www/html/Laravel-engineer-Interview/vendor/symfony/console/Application.php:149
/var/www/html/Laravel-engineer-Interview/vendor/laravel/framework/src/Illuminate/Console/Application.php:90
/var/www/html/Laravel-engineer-Interview/vendor/laravel/framework/src/Illuminate/Console/Application.php:182
/var/www/html/Laravel-engineer-Interview/vendor/laravel/framework/src/Illuminate/Foundation/Console/Kernel.php:275
/var/www/html/Laravel-engineer-Interview/vendor/laravel/framework/src/Illuminate/Foundation/Testing/PendingCommand.php:136
/var/www/html/Laravel-engineer-Interview/vendor/laravel/framework/src/Illuminate/Foundation/Testing/PendingCommand.php:220
/var/www/html/Laravel-engineer-Interview/vendor/laravel/framework/src/Illuminate/Foundation/Testing/Concerns/InteractsWithConsole.php:56
/var/www/html/Laravel-engineer-Interview/vendor/laravel/framework/src/Illuminate/Foundation/Testing/RefreshDatabase.php:55
/var/www/html/Laravel-engineer-Interview/vendor/laravel/framework/src/Illuminate/Foundation/Testing/RefreshDatabase.php:18
/var/www/html/Laravel-engineer-Interview/vendor/laravel/framework/src/Illuminate/Foundation/Testing/TestCase.php:114
/var/www/html/Laravel-engineer-Interview/vendor/laravel/framework/src/Illuminate/Foundation/Testing/TestCase.php:81
</error>
      </testcase>
      <testsuite name="Tests\Feature\BookReviewTest::testValidation" tests="9" assertions="0" errors="9" failures="0" skipped="0" time="4.218006">
        <testcase name="testValidation with data set #0" class="Tests\Feature\BookReviewTest" classname="Tests.Feature.BookReviewTest" file="/var/www/html/Laravel-engineer-Interview/tests/Feature/BookReviewTest.php" line="77" assertions="0" time="0.448179">
          <error type="Illuminate\Database\QueryException">Tests\Feature\BookReviewTest::testValidation with data set #0 (array(null), 'review')
Illuminate\Database\QueryException: SQLSTATE[HY000]: General error: 1215 Cannot add foreign key constraint (SQL: alter table `book_author` add constraint `book_author_book_id_foreign` foreign key (`book_id`) references `books` (`id`) on delete cascade)

/var/www/html/Laravel-engineer-Interview/vendor/laravel/framework/src/Illuminate/Database/Connection.php:664
/var/www/html/Laravel-engineer-Interview/vendor/laravel/framework/src/Illuminate/Database/Connection.php:624
/var/www/html/Laravel-engineer-Interview/vendor/laravel/framework/src/Illuminate/Database/Connection.php:459
/var/www/html/Laravel-engineer-Interview/vendor/laravel/framework/src/Illuminate/Database/Schema/Blueprint.php:97
/var/www/html/Laravel-engineer-Interview/vendor/laravel/framework/src/Illuminate/Database/Schema/Builder.php:278
/var/www/html/Laravel-engineer-Interview/vendor/laravel/framework/src/Illuminate/Database/Schema/Builder.php:167
/var/www/html/Laravel-engineer-Interview/vendor/laravel/framework/src/Illuminate/Support/Facades/Facade.php:239
/var/www/html/Laravel-engineer-Interview/database/migrations/2019_05_07_000000_create_books_table.php:35
/var/www/html/Laravel-engineer-Interview/vendor/laravel/framework/src/Illuminate/Database/Migrations/Migrator.php:387
/var/www/html/Laravel-engineer-Interview/vendor/laravel/framework/src/Illuminate/Database/Migrations/Migrator.php:396
/var/www/html/Laravel-engineer-Interview/vendor/laravel/framework/src/Illuminate/Database/Migrations/Migrator.php:197
/var/www/html/Laravel-engineer-Interview/vendor/laravel/framework/src/Illuminate/Database/Migrations/Migrator.php:162
/var/www/html/Laravel-engineer-Interview/vendor/laravel/framework/src/Illuminate/Database/Migrations/Migrator.php:109
/var/www/html/Laravel-engineer-Interview/vendor/laravel/framework/src/Illuminate/Database/Console/Migrations/MigrateCommand.php:71
/var/www/html/Laravel-engineer-Interview/vendor/laravel/framework/src/Illuminate/Container/BoundMethod.php:32
/var/www/html/Laravel-engineer-Interview/vendor/laravel/framework/src/Illuminate/Container/BoundMethod.php:90
/var/www/html/Laravel-engineer-Interview/vendor/laravel/framework/src/Illuminate/Container/BoundMethod.php:34
/var/www/html/Laravel-engineer-Interview/vendor/laravel/framework/src/Illuminate/Container/Container.php:576
/var/www/html/Laravel-engineer-Interview/vendor/laravel/framework/src/Illuminate/Console/Command.php:183
/var/www/html/Laravel-engineer-Interview/vendor/symfony/console/Command/Command.php:255
/var/www/html/Laravel-engineer-Interview/vendor/laravel/framework/src/Illuminate/Console/Command.php:170
/var/www/html/Laravel-engineer-Interview/vendor/laravel/framework/src/Illuminate/Console/Command.php:198
/var/www/html/Laravel-engineer-Interview/vendor/laravel/framework/src/Illuminate/Database/Console/Migrations/FreshCommand.php:61
/var/www/html/Laravel-engineer-Interview/vendor/laravel/framework/src/Illuminate/Container/BoundMethod.php:32
/var/www/html/Laravel-engineer-Interview/vendor/laravel/framework/src/Illuminate/Container/BoundMethod.php:90
/var/www/html/Laravel-engineer-Interview/vendor/laravel/framework/src/Illuminate/Container/BoundMethod.php:34
/var/www/html/Laravel-engineer-Interview/vendor/laravel/framework/src/Illuminate/Container/Container.php:576
/var/www/html/Laravel-engineer-Interview/vendor/laravel/framework/src/Illuminate/Console/Command.php:183
/var/www/html/Laravel-engineer-Interview/vendor/symfony/console/Command/Command.php:255
/var/www/html/Laravel-engineer-Interview/vendor/laravel/framework/src/Illuminate/Console/Command.php:170
/var/www/html/Laravel-engineer-Interview/vendor/symfony/console/Application.php:934
/var/www/html/Laravel-engineer-Interview/vendor/symfony/console/Application.php:273
/var/www/html/Laravel-engineer-Interview/vendor/symfony/console/Application.php:149
/var/www/html/Laravel-engineer-Interview/vendor/laravel/framework/src/Illuminate/Console/Application.php:90
/var/www/html/Laravel-engineer-Interview/vendor/laravel/framework/src/Illuminate/Console/Application.php:182
/var/www/html/Laravel-engineer-Interview/vendor/laravel/framework/src/Illuminate/Foundation/Console/Kernel.php:275
/var/www/html/Laravel-engineer-Interview/vendor/laravel/framework/src/Illuminate/Foundation/Testing/PendingCommand.php:136
/var/www/html/Laravel-engineer-Interview/vendor/laravel/framework/src/Illuminate/Foundation/Testing/PendingCommand.php:220
/var/www/html/Laravel-engineer-Interview/vendor/laravel/framework/src/Illuminate/Foundation/Testing/Concerns/InteractsWithConsole.php:56
/var/www/html/Laravel-engineer-Interview/vendor/laravel/framework/src/Illuminate/Foundation/Testing/RefreshDatabase.php:55
/var/www/html/Laravel-engineer-Interview/vendor/laravel/framework/src/Illuminate/Foundation/Testing/RefreshDatabase.php:18
/var/www/html/Laravel-engineer-Interview/vendor/laravel/framework/src/Illuminate/Foundation/Testing/TestCase.php:114
/var/www/html/Laravel-engineer-Interview/vendor/laravel/framework/src/Illuminate/Foundation/Testing/TestCase.php:81
</error>
        </testcase>
        <testcase name="testValidation with data set #1" class="Tests\Feature\BookReviewTest" classname="Tests.Feature.BookReviewTest" file="/var/www/html/Laravel-engineer-Interview/tests/Feature/BookReviewTest.php" line="77" assertions="0" time="0.464123">
          <error type="Illuminate\Database\QueryException">Tests\Feature\BookReviewTest::testValidation with data set #1 (array(''), 'review')
Illuminate\Database\QueryException: SQLSTATE[HY000]: General error: 1215 Cannot add foreign key constraint (SQL: alter table `book_author` add constraint `book_author_book_id_foreign` foreign key (`book_id`) references `books` (`id`) on delete cascade)

/var/www/html/Laravel-engineer-Interview/vendor/laravel/framework/src/Illuminate/Database/Connection.php:664
/var/www/html/Laravel-engineer-Interview/vendor/laravel/framework/src/Illuminate/Database/Connection.php:624
/var/www/html/Laravel-engineer-Interview/vendor/laravel/framework/src/Illuminate/Database/Connection.php:459
/var/www/html/Laravel-engineer-Interview/vendor/laravel/framework/src/Illuminate/Database/Schema/Blueprint.php:97
/var/www/html/Laravel-engineer-Interview/vendor/laravel/framework/src/Illuminate/Database/Schema/Builder.php:278
/var/www/html/Laravel-engineer-Interview/vendor/laravel/framework/src/Illuminate/Database/Schema/Builder.php:167
/var/www/html/Laravel-engineer-Interview/vendor/laravel/framework/src/Illuminate/Support/Facades/Facade.php:239
/var/www/html/Laravel-engineer-Interview/database/migrations/2019_05_07_000000_create_books_table.php:35
/var/www/html/Laravel-engineer-Interview/vendor/laravel/framework/src/Illuminate/Database/Migrations/Migrator.php:387
/var/www/html/Laravel-engineer-Interview/vendor/laravel/framework/src/Illuminate/Database/Migrations/Migrator.php:396
/var/www/html/Laravel-engineer-Interview/vendor/laravel/framework/src/Illuminate/Database/Migrations/Migrator.php:197
/var/www/html/Laravel-engineer-Interview/vendor/laravel/framework/src/Illuminate/Database/Migrations/Migrator.php:162
/var/www/html/Laravel-engineer-Interview/vendor/laravel/framework/src/Illuminate/Database/Migrations/Migrator.php:109
/var/www/html/Laravel-engineer-Interview/vendor/laravel/framework/src/Illuminate/Database/Console/Migrations/MigrateCommand.php:71
/var/www/html/Laravel-engineer-Interview/vendor/laravel/framework/src/Illuminate/Container/BoundMethod.php:32
/var/www/html/Laravel-engineer-Interview/vendor/laravel/framework/src/Illuminate/Container/BoundMethod.php:90
/var/www/html/Laravel-engineer-Interview/vendor/laravel/framework/src/Illuminate/Container/BoundMethod.php:34
/var/www/html/Laravel-engineer-Interview/vendor/laravel/framework/src/Illuminate/Container/Container.php:576
/var/www/html/Laravel-engineer-Interview/vendor/laravel/framework/src/Illuminate/Console/Command.php:183
/var/www/html/Laravel-engineer-Interview/vendor/symfony/console/Command/Command.php:255
/var/www/html/Laravel-engineer-Interview/vendor/laravel/framework/src/Illuminate/Console/Command.php:170
/var/www/html/Laravel-engineer-Interview/vendor/laravel/framework/src/Illuminate/Console/Command.php:198
/var/www/html/Laravel-engineer-Interview/vendor/laravel/framework/src/Illuminate/Database/Console/Migrations/FreshCommand.php:61
/var/www/html/Laravel-engineer-Interview/vendor/laravel/framework/src/Illuminate/Container/BoundMethod.php:32
/var/www/html/Laravel-engineer-Interview/vendor/laravel/framework/src/Illuminate/Container/BoundMethod.php:90
/var/www/html/Laravel-engineer-Interview/vendor/laravel/framework/src/Illuminate/Container/BoundMethod.php:34
/var/www/html/Laravel-engineer-Interview/vendor/laravel/framework/src/Illuminate/Container/Container.php:576
/var/www/html/Laravel-engineer-Interview/vendor/laravel/framework/src/Illuminate/Console/Command.php:183
/var/www/html/Laravel-engineer-Interview/vendor/symfony/console/Command/Command.php:255
/var/www/html/Laravel-engineer-Interview/vendor/laravel/framework/src/Illuminate/Console/Command.php:170
/var/www/html/Laravel-engineer-Interview/vendor/symfony/console/Application.php:934
/var/www/html/Laravel-engineer-Interview/vendor/symfony/console/Application.php:273
/var/www/html/Laravel-engineer-Interview/vendor/symfony/console/Application.php:149
/var/www/html/Laravel-engineer-Interview/vendor/laravel/framework/src/Illuminate/Console/Application.php:90
/var/www/html/Laravel-engineer-Interview/vendor/laravel/framework/src/Illuminate/Console/Application.php:182
/var/www/html/Laravel-engineer-Interview/vendor/laravel/framework/src/Illuminate/Foundation/Console/Kernel.php:275
/var/www/html/Laravel-engineer-Interview/vendor/laravel/framework/src/Illuminate/Foundation/Testing/PendingCommand.php:136
/var/www/html/Laravel-engineer-Interview/vendor/laravel/framework/src/Illuminate/Foundation/Testing/PendingCommand.php:220
/var/www/html/Laravel-engineer-Interview/vendor/laravel/framework/src/Illuminate/Foundation/Testing/Concerns/InteractsWithConsole.php:56
/var/www/html/Laravel-engineer-Interview/vendor/laravel/framework/src/Illuminate/Foundation/Testing/RefreshDatabase.php:55
/var/www/html/Laravel-engineer-Interview/vendor/laravel/framework/src/Illuminate/Foundation/Testing/RefreshDatabase.php:18
/var/www/html/Laravel-engineer-Interview/vendor/laravel/framework/src/Illuminate/Foundation/Testing/TestCase.php:114
/var/www/html/Laravel-engineer-Interview/vendor/laravel/framework/src/Illuminate/Foundation/Testing/TestCase.php:81
</error>
        </testcase>
        <testcase name="testValidation with data set #2" class="Tests\Feature\BookReviewTest" classname="Tests.Feature.BookReviewTest" file="/var/www/html/Laravel-engineer-Interview/tests/Feature/BookReviewTest.php" line="77" assertions="0" time="0.411199">
          <error type="Illuminate\Database\QueryException">Tests\Feature\BookReviewTest::testValidation with data set #2 (array(0), 'review')
Illuminate\Database\QueryException: SQLSTATE[HY000]: General error: 1215 Cannot add foreign key constraint (SQL: alter table `book_author` add constraint `book_author_book_id_foreign` foreign key (`book_id`) references `books` (`id`) on delete cascade)

/var/www/html/Laravel-engineer-Interview/vendor/laravel/framework/src/Illuminate/Database/Connection.php:664
/var/www/html/Laravel-engineer-Interview/vendor/laravel/framework/src/Illuminate/Database/Connection.php:624
/var/www/html/Laravel-engineer-Interview/vendor/laravel/framework/src/Illuminate/Database/Connection.php:459
/var/www/html/Laravel-engineer-Interview/vendor/laravel/framework/src/Illuminate/Database/Schema/Blueprint.php:97
/var/www/html/Laravel-engineer-Interview/vendor/laravel/framework/src/Illuminate/Database/Schema/Builder.php:278
/var/www/html/Laravel-engineer-Interview/vendor/laravel/framework/src/Illuminate/Database/Schema/Builder.php:167
/var/www/html/Laravel-engineer-Interview/vendor/laravel/framework/src/Illuminate/Support/Facades/Facade.php:239
/var/www/html/Laravel-engineer-Interview/database/migrations/2019_05_07_000000_create_books_table.php:35
/var/www/html/Laravel-engineer-Interview/vendor/laravel/framework/src/Illuminate/Database/Migrations/Migrator.php:387
/var/www/html/Laravel-engineer-Interview/vendor/laravel/framework/src/Illuminate/Database/Migrations/Migrator.php:396
/var/www/html/Laravel-engineer-Interview/vendor/laravel/framework/src/Illuminate/Database/Migrations/Migrator.php:197
/var/www/html/Laravel-engineer-Interview/vendor/laravel/framework/src/Illuminate/Database/Migrations/Migrator.php:162
/var/www/html/Laravel-engineer-Interview/vendor/laravel/framework/src/Illuminate/Database/Migrations/Migrator.php:109
/var/www/html/Laravel-engineer-Interview/vendor/laravel/framework/src/Illuminate/Database/Console/Migrations/MigrateCommand.php:71
/var/www/html/Laravel-engineer-Interview/vendor/laravel/framework/src/Illuminate/Container/BoundMethod.php:32
/var/www/html/Laravel-engineer-Interview/vendor/laravel/framework/src/Illuminate/Container/BoundMethod.php:90
/var/www/html/Laravel-engineer-Interview/vendor/laravel/framework/src/Illuminate/Container/BoundMethod.php:34
/var/www/html/Laravel-engineer-Interview/vendor/laravel/framework/src/Illuminate/Container/Container.php:576
/var/www/html/Laravel-engineer-Interview/vendor/laravel/framework/src/Illuminate/Console/Command.php:183
/var/www/html/Laravel-engineer-Interview/vendor/symfony/console/Command/Command.php:255
/var/www/html/Laravel-engineer-Interview/vendor/laravel/framework/src/Illuminate/Console/Command.php:170
/var/www/html/Laravel-engineer-Interview/vendor/laravel/framework/src/Illuminate/Console/Command.php:198
/var/www/html/Laravel-engineer-Interview/vendor/laravel/framework/src/Illuminate/Database/Console/Migrations/FreshCommand.php:61
/var/www/html/Laravel-engineer-Interview/vendor/laravel/framework/src/Illuminate/Container/BoundMethod.php:32
/var/www/html/Laravel-engineer-Interview/vendor/laravel/framework/src/Illuminate/Container/BoundMethod.php:90
/var/www/html/Laravel-engineer-Interview/vendor/laravel/framework/src/Illuminate/Container/BoundMethod.php:34
/var/www/html/Laravel-engineer-Interview/vendor/laravel/framework/src/Illuminate/Container/Container.php:576
/var/www/html/Laravel-engineer-Interview/vendor/laravel/framework/src/Illuminate/Console/Command.php:183
/var/www/html/Laravel-engineer-Interview/vendor/symfony/console/Command/Command.php:255
/var/www/html/Laravel-engineer-Interview/vendor/laravel/framework/src/Illuminate/Console/Command.php:170
/var/www/html/Laravel-engineer-Interview/vendor/symfony/console/Application.php:934
/var/www/html/Laravel-engineer-Interview/vendor/symfony/console/Application.php:273
/var/www/html/Laravel-engineer-Interview/vendor/symfony/console/Application.php:149
/var/www/html/Laravel-engineer-Interview/vendor/laravel/framework/src/Illuminate/Console/Application.php:90
/var/www/html/Laravel-engineer-Interview/vendor/laravel/framework/src/Illuminate/Console/Application.php:182
/var/www/html/Laravel-engineer-Interview/vendor/laravel/framework/src/Illuminate/Foundation/Console/Kernel.php:275
/var/www/html/Laravel-engineer-Interview/vendor/laravel/framework/src/Illuminate/Foundation/Testing/PendingCommand.php:136
/var/www/html/Laravel-engineer-Interview/vendor/laravel/framework/src/Illuminate/Foundation/Testing/PendingCommand.php:220
/var/www/html/Laravel-engineer-Interview/vendor/laravel/framework/src/Illuminate/Foundation/Testing/Concerns/InteractsWithConsole.php:56
/var/www/html/Laravel-engineer-Interview/vendor/laravel/framework/src/Illuminate/Foundation/Testing/RefreshDatabase.php:55
/var/www/html/Laravel-engineer-Interview/vendor/laravel/framework/src/Illuminate/Foundation/Testing/RefreshDatabase.php:18
/var/www/html/Laravel-engineer-Interview/vendor/laravel/framework/src/Illuminate/Foundation/Testing/TestCase.php:114
/var/www/html/Laravel-engineer-Interview/vendor/laravel/framework/src/Illuminate/Foundation/Testing/TestCase.php:81
</error>
        </testcase>
        <testcase name="testValidation with data set #3" class="Tests\Feature\BookReviewTest" classname="Tests.Feature.BookReviewTest" file="/var/www/html/Laravel-engineer-Interview/tests/Feature/BookReviewTest.php" line="77" assertions="0" time="0.454186">
          <error type="Illuminate\Database\QueryException">Tests\Feature\BookReviewTest::testValidation with data set #3 (array(11), 'review')
Illuminate\Database\QueryException: SQLSTATE[HY000]: General error: 1215 Cannot add foreign key constraint (SQL: alter table `book_author` add constraint `book_author_book_id_foreign` foreign key (`book_id`) references `books` (`id`) on delete cascade)

/var/www/html/Laravel-engineer-Interview/vendor/laravel/framework/src/Illuminate/Database/Connection.php:664
/var/www/html/Laravel-engineer-Interview/vendor/laravel/framework/src/Illuminate/Database/Connection.php:624
/var/www/html/Laravel-engineer-Interview/vendor/laravel/framework/src/Illuminate/Database/Connection.php:459
/var/www/html/Laravel-engineer-Interview/vendor/laravel/framework/src/Illuminate/Database/Schema/Blueprint.php:97
/var/www/html/Laravel-engineer-Interview/vendor/laravel/framework/src/Illuminate/Database/Schema/Builder.php:278
/var/www/html/Laravel-engineer-Interview/vendor/laravel/framework/src/Illuminate/Database/Schema/Builder.php:167
/var/www/html/Laravel-engineer-Interview/vendor/laravel/framework/src/Illuminate/Support/Facades/Facade.php:239
/var/www/html/Laravel-engineer-Interview/database/migrations/2019_05_07_000000_create_books_table.php:35
/var/www/html/Laravel-engineer-Interview/vendor/laravel/framework/src/Illuminate/Database/Migrations/Migrator.php:387
/var/www/html/Laravel-engineer-Interview/vendor/laravel/framework/src/Illuminate/Database/Migrations/Migrator.php:396
/var/www/html/Laravel-engineer-Interview/vendor/laravel/framework/src/Illuminate/Database/Migrations/Migrator.php:197
/var/www/html/Laravel-engineer-Interview/vendor/laravel/framework/src/Illuminate/Database/Migrations/Migrator.php:162
/var/www/html/Laravel-engineer-Interview/vendor/laravel/framework/src/Illuminate/Database/Migrations/Migrator.php:109
/var/www/html/Laravel-engineer-Interview/vendor/laravel/framework/src/Illuminate/Database/Console/Migrations/MigrateCommand.php:71
/var/www/html/Laravel-engineer-Interview/vendor/laravel/framework/src/Illuminate/Container/BoundMethod.php:32
/var/www/html/Laravel-engineer-Interview/vendor/laravel/framework/src/Illuminate/Container/BoundMethod.php:90
/var/www/html/Laravel-engineer-Interview/vendor/laravel/framework/src/Illuminate/Container/BoundMethod.php:34
/var/www/html/Laravel-engineer-Interview/vendor/laravel/framework/src/Illuminate/Container/Container.php:576
/var/www/html/Laravel-engineer-Interview/vendor/laravel/framework/src/Illuminate/Console/Command.php:183
/var/www/html/Laravel-engineer-Interview/vendor/symfony/console/Command/Command.php:255
/var/www/html/Laravel-engineer-Interview/vendor/laravel/framework/src/Illuminate/Console/Command.php:170
/var/www/html/Laravel-engineer-Interview/vendor/laravel/framework/src/Illuminate/Console/Command.php:198
/var/www/html/Laravel-engineer-Interview/vendor/laravel/framework/src/Illuminate/Database/Console/Migrations/FreshCommand.php:61
/var/www/html/Laravel-engineer-Interview/vendor/laravel/framework/src/Illuminate/Container/BoundMethod.php:32
/var/www/html/Laravel-engineer-Interview/vendor/laravel/framework/src/Illuminate/Container/BoundMethod.php:90
/var/www/html/Laravel-engineer-Interview/vendor/laravel/framework/src/Illuminate/Container/BoundMethod.php:34
/var/www/html/Laravel-engineer-Interview/vendor/laravel/framework/src/Illuminate/Container/Container.php:576
/var/www/html/Laravel-engineer-Interview/vendor/laravel/framework/src/Illuminate/Console/Command.php:183
/var/www/html/Laravel-engineer-Interview/vendor/symfony/console/Command/Command.php:255
/var/www/html/Laravel-engineer-Interview/vendor/laravel/framework/src/Illuminate/Console/Command.php:170
/var/www/html/Laravel-engineer-Interview/vendor/symfony/console/Application.php:934
/var/www/html/Laravel-engineer-Interview/vendor/symfony/console/Application.php:273
/var/www/html/Laravel-engineer-Interview/vendor/symfony/console/Application.php:149
/var/www/html/Laravel-engineer-Interview/vendor/laravel/framework/src/Illuminate/Console/Application.php:90
/var/www/html/Laravel-engineer-Interview/vendor/laravel/framework/src/Illuminate/Console/Application.php:182
/var/www/html/Laravel-engineer-Interview/vendor/laravel/framework/src/Illuminate/Foundation/Console/Kernel.php:275
/var/www/html/Laravel-engineer-Interview/vendor/laravel/framework/src/Illuminate/Foundation/Testing/PendingCommand.php:136
/var/www/html/Laravel-engineer-Interview/vendor/laravel/framework/src/Illuminate/Foundation/Testing/PendingCommand.php:220
/var/www/html/Laravel-engineer-Interview/vendor/laravel/framework/src/Illuminate/Foundation/Testing/Concerns/InteractsWithConsole.php:56
/var/www/html/Laravel-engineer-Interview/vendor/laravel/framework/src/Illuminate/Foundation/Testing/RefreshDatabase.php:55
/var/www/html/Laravel-engineer-Interview/vendor/laravel/framework/src/Illuminate/Foundation/Testing/RefreshDatabase.php:18
/var/www/html/Laravel-engineer-Interview/vendor/laravel/framework/src/Illuminate/Foundation/Testing/TestCase.php:114
/var/www/html/Laravel-engineer-Interview/vendor/laravel/framework/src/Illuminate/Foundation/Testing/TestCase.php:81
</error>
        </testcase>
        <testcase name="testValidation with data set #4" class="Tests\Feature\BookReviewTest" classname="Tests.Feature.BookReviewTest" file="/var/www/html/Laravel-engineer-Interview/tests/Feature/BookReviewTest.php" line="77" assertions="0" time="0.455209">
          <error type="Illuminate\Database\QueryException">Tests\Feature\BookReviewTest::testValidation with data set #4 (array(3.5), 'review')
Illuminate\Database\QueryException: SQLSTATE[HY000]: General error: 1215 Cannot add foreign key constraint (SQL: alter table `book_author` add constraint `book_author_book_id_foreign` foreign key (`book_id`) references `books` (`id`) on delete cascade)

/var/www/html/Laravel-engineer-Interview/vendor/laravel/framework/src/Illuminate/Database/Connection.php:664
/var/www/html/Laravel-engineer-Interview/vendor/laravel/framework/src/Illuminate/Database/Connection.php:624
/var/www/html/Laravel-engineer-Interview/vendor/laravel/framework/src/Illuminate/Database/Connection.php:459
/var/www/html/Laravel-engineer-Interview/vendor/laravel/framework/src/Illuminate/Database/Schema/Blueprint.php:97
/var/www/html/Laravel-engineer-Interview/vendor/laravel/framework/src/Illuminate/Database/Schema/Builder.php:278
/var/www/html/Laravel-engineer-Interview/vendor/laravel/framework/src/Illuminate/Database/Schema/Builder.php:167
/var/www/html/Laravel-engineer-Interview/vendor/laravel/framework/src/Illuminate/Support/Facades/Facade.php:239
/var/www/html/Laravel-engineer-Interview/database/migrations/2019_05_07_000000_create_books_table.php:35
/var/www/html/Laravel-engineer-Interview/vendor/laravel/framework/src/Illuminate/Database/Migrations/Migrator.php:387
/var/www/html/Laravel-engineer-Interview/vendor/laravel/framework/src/Illuminate/Database/Migrations/Migrator.php:396
/var/www/html/Laravel-engineer-Interview/vendor/laravel/framework/src/Illuminate/Database/Migrations/Migrator.php:197
/var/www/html/Laravel-engineer-Interview/vendor/laravel/framework/src/Illuminate/Database/Migrations/Migrator.php:162
/var/www/html/Laravel-engineer-Interview/vendor/laravel/framework/src/Illuminate/Database/Migrations/Migrator.php:109
/var/www/html/Laravel-engineer-Interview/vendor/laravel/framework/src/Illuminate/Database/Console/Migrations/MigrateCommand.php:71
/var/www/html/Laravel-engineer-Interview/vendor/laravel/framework/src/Illuminate/Container/BoundMethod.php:32
/var/www/html/Laravel-engineer-Interview/vendor/laravel/framework/src/Illuminate/Container/BoundMethod.php:90
/var/www/html/Laravel-engineer-Interview/vendor/laravel/framework/src/Illuminate/Container/BoundMethod.php:34
/var/www/html/Laravel-engineer-Interview/vendor/laravel/framework/src/Illuminate/Container/Container.php:576
/var/www/html/Laravel-engineer-Interview/vendor/laravel/framework/src/Illuminate/Console/Command.php:183
/var/www/html/Laravel-engineer-Interview/vendor/symfony/console/Command/Command.php:255
/var/www/html/Laravel-engineer-Interview/vendor/laravel/framework/src/Illuminate/Console/Command.php:170
/var/www/html/Laravel-engineer-Interview/vendor/laravel/framework/src/Illuminate/Console/Command.php:198
/var/www/html/Laravel-engineer-Interview/vendor/laravel/framework/src/Illuminate/Database/Console/Migrations/FreshCommand.php:61
/var/www/html/Laravel-engineer-Interview/vendor/laravel/framework/src/Illuminate/Container/BoundMethod.php:32
/var/www/html/Laravel-engineer-Interview/vendor/laravel/framework/src/Illuminate/Container/BoundMethod.php:90
/var/www/html/Laravel-engineer-Interview/vendor/laravel/framework/src/Illuminate/Container/BoundMethod.php:34
/var/www/html/Laravel-engineer-Interview/vendor/laravel/framework/src/Illuminate/Container/Container.php:576
/var/www/html/Laravel-engineer-Interview/vendor/laravel/framework/src/Illuminate/Console/Command.php:183
/var/www/html/Laravel-engineer-Interview/vendor/symfony/console/Command/Command.php:255
/var/www/html/Laravel-engineer-Interview/vendor/laravel/framework/src/Illuminate/Console/Command.php:170
/var/www/html/Laravel-engineer-Interview/vendor/symfony/console/Application.php:934
/var/www/html/Laravel-engineer-Interview/vendor/symfony/console/Application.php:273
/var/www/html/Laravel-engineer-Interview/vendor/symfony/console/Application.php:149
/var/www/html/Laravel-engineer-Interview/vendor/laravel/framework/src/Illuminate/Console/Application.php:90
/var/www/html/Laravel-engineer-Interview/vendor/laravel/framework/src/Illuminate/Console/Application.php:182
/var/www/html/Laravel-engineer-Interview/vendor/laravel/framework/src/Illuminate/Foundation/Console/Kernel.php:275
/var/www/html/Laravel-engineer-Interview/vendor/laravel/framework/src/Illuminate/Foundation/Testing/PendingCommand.php:136
/var/www/html/Laravel-engineer-Interview/vendor/laravel/framework/src/Illuminate/Foundation/Testing/PendingCommand.php:220
/var/www/html/Laravel-engineer-Interview/vendor/laravel/framework/src/Illuminate/Foundation/Testing/Concerns/InteractsWithConsole.php:56
/var/www/html/Laravel-engineer-Interview/vendor/laravel/framework/src/Illuminate/Foundation/Testing/RefreshDatabase.php:55
/var/www/html/Laravel-engineer-Interview/vendor/laravel/framework/src/Illuminate/Foundation/Testing/RefreshDatabase.php:18
/var/www/html/Laravel-engineer-Interview/vendor/laravel/framework/src/Illuminate/Foundation/Testing/TestCase.php:114
/var/www/html/Laravel-engineer-Interview/vendor/laravel/framework/src/Illuminate/Foundation/Testing/TestCase.php:81
</error>
        </testcase>
        <testcase name="testValidation with data set #5" class="Tests\Feature\BookReviewTest" classname="Tests.Feature.BookReviewTest" file="/var/www/html/Laravel-engineer-Interview/tests/Feature/BookReviewTest.php" line="77" assertions="0" time="0.426148">
          <error type="Illuminate\Database\QueryException">Tests\Feature\BookReviewTest::testValidation with data set #5 (array(array()), 'review')
Illuminate\Database\QueryException: SQLSTATE[HY000]: General error: 1215 Cannot add foreign key constraint (SQL: alter table `book_author` add constraint `book_author_book_id_foreign` foreign key (`book_id`) references `books` (`id`) on delete cascade)

/var/www/html/Laravel-engineer-Interview/vendor/laravel/framework/src/Illuminate/Database/Connection.php:664
/var/www/html/Laravel-engineer-Interview/vendor/laravel/framework/src/Illuminate/Database/Connection.php:624
/var/www/html/Laravel-engineer-Interview/vendor/laravel/framework/src/Illuminate/Database/Connection.php:459
/var/www/html/Laravel-engineer-Interview/vendor/laravel/framework/src/Illuminate/Database/Schema/Blueprint.php:97
/var/www/html/Laravel-engineer-Interview/vendor/laravel/framework/src/Illuminate/Database/Schema/Builder.php:278
/var/www/html/Laravel-engineer-Interview/vendor/laravel/framework/src/Illuminate/Database/Schema/Builder.php:167
/var/www/html/Laravel-engineer-Interview/vendor/laravel/framework/src/Illuminate/Support/Facades/Facade.php:239
/var/www/html/Laravel-engineer-Interview/database/migrations/2019_05_07_000000_create_books_table.php:35
/var/www/html/Laravel-engineer-Interview/vendor/laravel/framework/src/Illuminate/Database/Migrations/Migrator.php:387
/var/www/html/Laravel-engineer-Interview/vendor/laravel/framework/src/Illuminate/Database/Migrations/Migrator.php:396
/var/www/html/Laravel-engineer-Interview/vendor/laravel/framework/src/Illuminate/Database/Migrations/Migrator.php:197
/var/www/html/Laravel-engineer-Interview/vendor/laravel/framework/src/Illuminate/Database/Migrations/Migrator.php:162
/var/www/html/Laravel-engineer-Interview/vendor/laravel/framework/src/Illuminate/Database/Migrations/Migrator.php:109
/var/www/html/Laravel-engineer-Interview/vendor/laravel/framework/src/Illuminate/Database/Console/Migrations/MigrateCommand.php:71
/var/www/html/Laravel-engineer-Interview/vendor/laravel/framework/src/Illuminate/Container/BoundMethod.php:32
/var/www/html/Laravel-engineer-Interview/vendor/laravel/framework/src/Illuminate/Container/BoundMethod.php:90
/var/www/html/Laravel-engineer-Interview/vendor/laravel/framework/src/Illuminate/Container/BoundMethod.php:34
/var/www/html/Laravel-engineer-Interview/vendor/laravel/framework/src/Illuminate/Container/Container.php:576
/var/www/html/Laravel-engineer-Interview/vendor/laravel/framework/src/Illuminate/Console/Command.php:183
/var/www/html/Laravel-engineer-Interview/vendor/symfony/console/Command/Command.php:255
/var/www/html/Laravel-engineer-Interview/vendor/laravel/framework/src/Illuminate/Console/Command.php:170
/var/www/html/Laravel-engineer-Interview/vendor/laravel/framework/src/Illuminate/Console/Command.php:198
/var/www/html/Laravel-engineer-Interview/vendor/laravel/framework/src/Illuminate/Database/Console/Migrations/FreshCommand.php:61
/var/www/html/Laravel-engineer-Interview/vendor/laravel/framework/src/Illuminate/Container/BoundMethod.php:32
/var/www/html/Laravel-engineer-Interview/vendor/laravel/framework/src/Illuminate/Container/BoundMethod.php:90
/var/www/html/Laravel-engineer-Interview/vendor/laravel/framework/src/Illuminate/Container/BoundMethod.php:34
/var/www/html/Laravel-engineer-Interview/vendor/laravel/framework/src/Illuminate/Container/Container.php:576
/var/www/html/Laravel-engineer-Interview/vendor/laravel/framework/src/Illuminate/Console/Command.php:183
/var/www/html/Laravel-engineer-Interview/vendor/symfony/console/Command/Command.php:255
/var/www/html/Laravel-engineer-Interview/vendor/laravel/framework/src/Illuminate/Console/Command.php:170
/var/www/html/Laravel-engineer-Interview/vendor/symfony/console/Application.php:934
/var/www/html/Laravel-engineer-Interview/vendor/symfony/console/Application.php:273
/var/www/html/Laravel-engineer-Interview/vendor/symfony/console/Application.php:149
/var/www/html/Laravel-engineer-Interview/vendor/laravel/framework/src/Illuminate/Console/Application.php:90
/var/www/html/Laravel-engineer-Interview/vendor/laravel/framework/src/Illuminate/Console/Application.php:182
/var/www/html/Laravel-engineer-Interview/vendor/laravel/framework/src/Illuminate/Foundation/Console/Kernel.php:275
/var/www/html/Laravel-engineer-Interview/vendor/laravel/framework/src/Illuminate/Foundation/Testing/PendingCommand.php:136
/var/www/html/Laravel-engineer-Interview/vendor/laravel/framework/src/Illuminate/Foundation/Testing/PendingCommand.php:220
/var/www/html/Laravel-engineer-Interview/vendor/laravel/framework/src/Illuminate/Foundation/Testing/Concerns/InteractsWithConsole.php:56
/var/www/html/Laravel-engineer-Interview/vendor/laravel/framework/src/Illuminate/Foundation/Testing/RefreshDatabase.php:55
/var/www/html/Laravel-engineer-Interview/vendor/laravel/framework/src/Illuminate/Foundation/Testing/RefreshDatabase.php:18
/var/www/html/Laravel-engineer-Interview/vendor/laravel/framework/src/Illuminate/Foundation/Testing/TestCase.php:114
/var/www/html/Laravel-engineer-Interview/vendor/laravel/framework/src/Illuminate/Foundation/Testing/TestCase.php:81
</error>
        </testcase>
        <testcase name="testValidation with data set #6" class="Tests\Feature\BookReviewTest" classname="Tests.Feature.BookReviewTest" file="/var/www/html/Laravel-engineer-Interview/tests/Feature/BookReviewTest.php" line="77" assertions="0" time="0.473625">
          <error type="Illuminate\Database\QueryException">Tests\Feature\BookReviewTest::testValidation with data set #6 (array(null), 'comment')
Illuminate\Database\QueryException: SQLSTATE[HY000]: General error: 1215 Cannot add foreign key constraint (SQL: alter table `book_author` add constraint `book_author_book_id_foreign` foreign key (`book_id`) references `books` (`id`) on delete cascade)

/var/www/html/Laravel-engineer-Interview/vendor/laravel/framework/src/Illuminate/Database/Connection.php:664
/var/www/html/Laravel-engineer-Interview/vendor/laravel/framework/src/Illuminate/Database/Connection.php:624
/var/www/html/Laravel-engineer-Interview/vendor/laravel/framework/src/Illuminate/Database/Connection.php:459
/var/www/html/Laravel-engineer-Interview/vendor/laravel/framework/src/Illuminate/Database/Schema/Blueprint.php:97
/var/www/html/Laravel-engineer-Interview/vendor/laravel/framework/src/Illuminate/Database/Schema/Builder.php:278
/var/www/html/Laravel-engineer-Interview/vendor/laravel/framework/src/Illuminate/Database/Schema/Builder.php:167
/var/www/html/Laravel-engineer-Interview/vendor/laravel/framework/src/Illuminate/Support/Facades/Facade.php:239
/var/www/html/Laravel-engineer-Interview/database/migrations/2019_05_07_000000_create_books_table.php:35
/var/www/html/Laravel-engineer-Interview/vendor/laravel/framework/src/Illuminate/Database/Migrations/Migrator.php:387
/var/www/html/Laravel-engineer-Interview/vendor/laravel/framework/src/Illuminate/Database/Migrations/Migrator.php:396
/var/www/html/Laravel-engineer-Interview/vendor/laravel/framework/src/Illuminate/Database/Migrations/Migrator.php:197
/var/www/html/Laravel-engineer-Interview/vendor/laravel/framework/src/Illuminate/Database/Migrations/Migrator.php:162
/var/www/html/Laravel-engineer-Interview/vendor/laravel/framework/src/Illuminate/Database/Migrations/Migrator.php:109
/var/www/html/Laravel-engineer-Interview/vendor/laravel/framework/src/Illuminate/Database/Console/Migrations/MigrateCommand.php:71
/var/www/html/Laravel-engineer-Interview/vendor/laravel/framework/src/Illuminate/Container/BoundMethod.php:32
/var/www/html/Laravel-engineer-Interview/vendor/laravel/framework/src/Illuminate/Container/BoundMethod.php:90
/var/www/html/Laravel-engineer-Interview/vendor/laravel/framework/src/Illuminate/Container/BoundMethod.php:34
/var/www/html/Laravel-engineer-Interview/vendor/laravel/framework/src/Illuminate/Container/Container.php:576
/var/www/html/Laravel-engineer-Interview/vendor/laravel/framework/src/Illuminate/Console/Command.php:183
/var/www/html/Laravel-engineer-Interview/vendor/symfony/console/Command/Command.php:255
/var/www/html/Laravel-engineer-Interview/vendor/laravel/framework/src/Illuminate/Console/Command.php:170
/var/www/html/Laravel-engineer-Interview/vendor/laravel/framework/src/Illuminate/Console/Command.php:198
/var/www/html/Laravel-engineer-Interview/vendor/laravel/framework/src/Illuminate/Database/Console/Migrations/FreshCommand.php:61
/var/www/html/Laravel-engineer-Interview/vendor/laravel/framework/src/Illuminate/Container/BoundMethod.php:32
/var/www/html/Laravel-engineer-Interview/vendor/laravel/framework/src/Illuminate/Container/BoundMethod.php:90
/var/www/html/Laravel-engineer-Interview/vendor/laravel/framework/src/Illuminate/Container/BoundMethod.php:34
/var/www/html/Laravel-engineer-Interview/vendor/laravel/framework/src/Illuminate/Container/Container.php:576
/var/www/html/Laravel-engineer-Interview/vendor/laravel/framework/src/Illuminate/Console/Command.php:183
/var/www/html/Laravel-engineer-Interview/vendor/symfony/console/Command/Command.php:255
/var/www/html/Laravel-engineer-Interview/vendor/laravel/framework/src/Illuminate/Console/Command.php:170
/var/www/html/Laravel-engineer-Interview/vendor/symfony/console/Application.php:934
/var/www/html/Laravel-engineer-Interview/vendor/symfony/console/Application.php:273
/var/www/html/Laravel-engineer-Interview/vendor/symfony/console/Application.php:149
/var/www/html/Laravel-engineer-Interview/vendor/laravel/framework/src/Illuminate/Console/Application.php:90
/var/www/html/Laravel-engineer-Interview/vendor/laravel/framework/src/Illuminate/Console/Application.php:182
/var/www/html/Laravel-engineer-Interview/vendor/laravel/framework/src/Illuminate/Foundation/Console/Kernel.php:275
/var/www/html/Laravel-engineer-Interview/vendor/laravel/framework/src/Illuminate/Foundation/Testing/PendingCommand.php:136
/var/www/html/Laravel-engineer-Interview/vendor/laravel/framework/src/Illuminate/Foundation/Testing/PendingCommand.php:220
/var/www/html/Laravel-engineer-Interview/vendor/laravel/framework/src/Illuminate/Foundation/Testing/Concerns/InteractsWithConsole.php:56
/var/www/html/Laravel-engineer-Interview/vendor/laravel/framework/src/Illuminate/Foundation/Testing/RefreshDatabase.php:55
/var/www/html/Laravel-engineer-Interview/vendor/laravel/framework/src/Illuminate/Foundation/Testing/RefreshDatabase.php:18
/var/www/html/Laravel-engineer-Interview/vendor/laravel/framework/src/Illuminate/Foundation/Testing/TestCase.php:114
/var/www/html/Laravel-engineer-Interview/vendor/laravel/framework/src/Illuminate/Foundation/Testing/TestCase.php:81
</error>
        </testcase>
        <testcase name="testValidation with data set #7" class="Tests\Feature\BookReviewTest" classname="Tests.Feature.BookReviewTest" file="/var/www/html/Laravel-engineer-Interview/tests/Feature/BookReviewTest.php" line="77" assertions="0" time="0.467719">
          <error type="Illuminate\Database\QueryException">Tests\Feature\BookReviewTest::testValidation with data set #7 (array(''), 'comment')
Illuminate\Database\QueryException: SQLSTATE[HY000]: General error: 1215 Cannot add foreign key constraint (SQL: alter table `book_author` add constraint `book_author_book_id_foreign` foreign key (`book_id`) references `books` (`id`) on delete cascade)

/var/www/html/Laravel-engineer-Interview/vendor/laravel/framework/src/Illuminate/Database/Connection.php:664
/var/www/html/Laravel-engineer-Interview/vendor/laravel/framework/src/Illuminate/Database/Connection.php:624
/var/www/html/Laravel-engineer-Interview/vendor/laravel/framework/src/Illuminate/Database/Connection.php:459
/var/www/html/Laravel-engineer-Interview/vendor/laravel/framework/src/Illuminate/Database/Schema/Blueprint.php:97
/var/www/html/Laravel-engineer-Interview/vendor/laravel/framework/src/Illuminate/Database/Schema/Builder.php:278
/var/www/html/Laravel-engineer-Interview/vendor/laravel/framework/src/Illuminate/Database/Schema/Builder.php:167
/var/www/html/Laravel-engineer-Interview/vendor/laravel/framework/src/Illuminate/Support/Facades/Facade.php:239
/var/www/html/Laravel-engineer-Interview/database/migrations/2019_05_07_000000_create_books_table.php:35
/var/www/html/Laravel-engineer-Interview/vendor/laravel/framework/src/Illuminate/Database/Migrations/Migrator.php:387
/var/www/html/Laravel-engineer-Interview/vendor/laravel/framework/src/Illuminate/Database/Migrations/Migrator.php:396
/var/www/html/Laravel-engineer-Interview/vendor/laravel/framework/src/Illuminate/Database/Migrations/Migrator.php:197
/var/www/html/Laravel-engineer-Interview/vendor/laravel/framework/src/Illuminate/Database/Migrations/Migrator.php:162
/var/www/html/Laravel-engineer-Interview/vendor/laravel/framework/src/Illuminate/Database/Migrations/Migrator.php:109
/var/www/html/Laravel-engineer-Interview/vendor/laravel/framework/src/Illuminate/Database/Console/Migrations/MigrateCommand.php:71
/var/www/html/Laravel-engineer-Interview/vendor/laravel/framework/src/Illuminate/Container/BoundMethod.php:32
/var/www/html/Laravel-engineer-Interview/vendor/laravel/framework/src/Illuminate/Container/BoundMethod.php:90
/var/www/html/Laravel-engineer-Interview/vendor/laravel/framework/src/Illuminate/Container/BoundMethod.php:34
/var/www/html/Laravel-engineer-Interview/vendor/laravel/framework/src/Illuminate/Container/Container.php:576
/var/www/html/Laravel-engineer-Interview/vendor/laravel/framework/src/Illuminate/Console/Command.php:183
/var/www/html/Laravel-engineer-Interview/vendor/symfony/console/Command/Command.php:255
/var/www/html/Laravel-engineer-Interview/vendor/laravel/framework/src/Illuminate/Console/Command.php:170
/var/www/html/Laravel-engineer-Interview/vendor/laravel/framework/src/Illuminate/Console/Command.php:198
/var/www/html/Laravel-engineer-Interview/vendor/laravel/framework/src/Illuminate/Database/Console/Migrations/FreshCommand.php:61
/var/www/html/Laravel-engineer-Interview/vendor/laravel/framework/src/Illuminate/Container/BoundMethod.php:32
/var/www/html/Laravel-engineer-Interview/vendor/laravel/framework/src/Illuminate/Container/BoundMethod.php:90
/var/www/html/Laravel-engineer-Interview/vendor/laravel/framework/src/Illuminate/Container/BoundMethod.php:34
/var/www/html/Laravel-engineer-Interview/vendor/laravel/framework/src/Illuminate/Container/Container.php:576
/var/www/html/Laravel-engineer-Interview/vendor/laravel/framework/src/Illuminate/Console/Command.php:183
/var/www/html/Laravel-engineer-Interview/vendor/symfony/console/Command/Command.php:255
/var/www/html/Laravel-engineer-Interview/vendor/laravel/framework/src/Illuminate/Console/Command.php:170
/var/www/html/Laravel-engineer-Interview/vendor/symfony/console/Application.php:934
/var/www/html/Laravel-engineer-Interview/vendor/symfony/console/Application.php:273
/var/www/html/Laravel-engineer-Interview/vendor/symfony/console/Application.php:149
/var/www/html/Laravel-engineer-Interview/vendor/laravel/framework/src/Illuminate/Console/Application.php:90
/var/www/html/Laravel-engineer-Interview/vendor/laravel/framework/src/Illuminate/Console/Application.php:182
/var/www/html/Laravel-engineer-Interview/vendor/laravel/framework/src/Illuminate/Foundation/Console/Kernel.php:275
/var/www/html/Laravel-engineer-Interview/vendor/laravel/framework/src/Illuminate/Foundation/Testing/PendingCommand.php:136
/var/www/html/Laravel-engineer-Interview/vendor/laravel/framework/src/Illuminate/Foundation/Testing/PendingCommand.php:220
/var/www/html/Laravel-engineer-Interview/vendor/laravel/framework/src/Illuminate/Foundation/Testing/Concerns/InteractsWithConsole.php:56
/var/www/html/Laravel-engineer-Interview/vendor/laravel/framework/src/Illuminate/Foundation/Testing/RefreshDatabase.php:55
/var/www/html/Laravel-engineer-Interview/vendor/laravel/framework/src/Illuminate/Foundation/Testing/RefreshDatabase.php:18
/var/www/html/Laravel-engineer-Interview/vendor/laravel/framework/src/Illuminate/Foundation/Testing/TestCase.php:114
/var/www/html/Laravel-engineer-Interview/vendor/laravel/framework/src/Illuminate/Foundation/Testing/TestCase.php:81
</error>
        </testcase>
        <testcase name="testValidation with data set #8" class="Tests\Feature\BookReviewTest" classname="Tests.Feature.BookReviewTest" file="/var/www/html/Laravel-engineer-Interview/tests/Feature/BookReviewTest.php" line="77" assertions="0" time="0.617618">
          <error type="Illuminate\Database\QueryException">Tests\Feature\BookReviewTest::testValidation with data set #8 (array(array()), 'comment')
Illuminate\Database\QueryException: SQLSTATE[HY000]: General error: 1215 Cannot add foreign key constraint (SQL: alter table `book_author` add constraint `book_author_book_id_foreign` foreign key (`book_id`) references `books` (`id`) on delete cascade)

/var/www/html/Laravel-engineer-Interview/vendor/laravel/framework/src/Illuminate/Database/Connection.php:664
/var/www/html/Laravel-engineer-Interview/vendor/laravel/framework/src/Illuminate/Database/Connection.php:624
/var/www/html/Laravel-engineer-Interview/vendor/laravel/framework/src/Illuminate/Database/Connection.php:459
/var/www/html/Laravel-engineer-Interview/vendor/laravel/framework/src/Illuminate/Database/Schema/Blueprint.php:97
/var/www/html/Laravel-engineer-Interview/vendor/laravel/framework/src/Illuminate/Database/Schema/Builder.php:278
/var/www/html/Laravel-engineer-Interview/vendor/laravel/framework/src/Illuminate/Database/Schema/Builder.php:167
/var/www/html/Laravel-engineer-Interview/vendor/laravel/framework/src/Illuminate/Support/Facades/Facade.php:239
/var/www/html/Laravel-engineer-Interview/database/migrations/2019_05_07_000000_create_books_table.php:35
/var/www/html/Laravel-engineer-Interview/vendor/laravel/framework/src/Illuminate/Database/Migrations/Migrator.php:387
/var/www/html/Laravel-engineer-Interview/vendor/laravel/framework/src/Illuminate/Database/Migrations/Migrator.php:396
/var/www/html/Laravel-engineer-Interview/vendor/laravel/framework/src/Illuminate/Database/Migrations/Migrator.php:197
/var/www/html/Laravel-engineer-Interview/vendor/laravel/framework/src/Illuminate/Database/Migrations/Migrator.php:162
/var/www/html/Laravel-engineer-Interview/vendor/laravel/framework/src/Illuminate/Database/Migrations/Migrator.php:109
/var/www/html/Laravel-engineer-Interview/vendor/laravel/framework/src/Illuminate/Database/Console/Migrations/MigrateCommand.php:71
/var/www/html/Laravel-engineer-Interview/vendor/laravel/framework/src/Illuminate/Container/BoundMethod.php:32
/var/www/html/Laravel-engineer-Interview/vendor/laravel/framework/src/Illuminate/Container/BoundMethod.php:90
/var/www/html/Laravel-engineer-Interview/vendor/laravel/framework/src/Illuminate/Container/BoundMethod.php:34
/var/www/html/Laravel-engineer-Interview/vendor/laravel/framework/src/Illuminate/Container/Container.php:576
/var/www/html/Laravel-engineer-Interview/vendor/laravel/framework/src/Illuminate/Console/Command.php:183
/var/www/html/Laravel-engineer-Interview/vendor/symfony/console/Command/Command.php:255
/var/www/html/Laravel-engineer-Interview/vendor/laravel/framework/src/Illuminate/Console/Command.php:170
/var/www/html/Laravel-engineer-Interview/vendor/laravel/framework/src/Illuminate/Console/Command.php:198
/var/www/html/Laravel-engineer-Interview/vendor/laravel/framework/src/Illuminate/Database/Console/Migrations/FreshCommand.php:61
/var/www/html/Laravel-engineer-Interview/vendor/laravel/framework/src/Illuminate/Container/BoundMethod.php:32
/var/www/html/Laravel-engineer-Interview/vendor/laravel/framework/src/Illuminate/Container/BoundMethod.php:90
/var/www/html/Laravel-engineer-Interview/vendor/laravel/framework/src/Illuminate/Container/BoundMethod.php:34
/var/www/html/Laravel-engineer-Interview/vendor/laravel/framework/src/Illuminate/Container/Container.php:576
/var/www/html/Laravel-engineer-Interview/vendor/laravel/framework/src/Illuminate/Console/Command.php:183
/var/www/html/Laravel-engineer-Interview/vendor/symfony/console/Command/Command.php:255
/var/www/html/Laravel-engineer-Interview/vendor/laravel/framework/src/Illuminate/Console/Command.php:170
/var/www/html/Laravel-engineer-Interview/vendor/symfony/console/Application.php:934
/var/www/html/Laravel-engineer-Interview/vendor/symfony/console/Application.php:273
/var/www/html/Laravel-engineer-Interview/vendor/symfony/console/Application.php:149
/var/www/html/Laravel-engineer-Interview/vendor/laravel/framework/src/Illuminate/Console/Application.php:90
/var/www/html/Laravel-engineer-Interview/vendor/laravel/framework/src/Illuminate/Console/Application.php:182
/var/www/html/Laravel-engineer-Interview/vendor/laravel/framework/src/Illuminate/Foundation/Console/Kernel.php:275
/var/www/html/Laravel-engineer-Interview/vendor/laravel/framework/src/Illuminate/Foundation/Testing/PendingCommand.php:136
/var/www/html/Laravel-engineer-Interview/vendor/laravel/framework/src/Illuminate/Foundation/Testing/PendingCommand.php:220
/var/www/html/Laravel-engineer-Interview/vendor/laravel/framework/src/Illuminate/Foundation/Testing/Concerns/InteractsWithConsole.php:56
/var/www/html/Laravel-engineer-Interview/vendor/laravel/framework/src/Illuminate/Foundation/Testing/RefreshDatabase.php:55
/var/www/html/Laravel-engineer-Interview/vendor/laravel/framework/src/Illuminate/Foundation/Testing/RefreshDatabase.php:18
/var/www/html/Laravel-engineer-Interview/vendor/laravel/framework/src/Illuminate/Foundation/Testing/TestCase.php:114
/var/www/html/Laravel-engineer-Interview/vendor/laravel/framework/src/Illuminate/Foundation/Testing/TestCase.php:81
</error>
        </testcase>
      </testsuite>
    </testsuite>
    <testsuite name="Tests\Feature\BookTest" file="/var/www/html/Laravel-engineer-Interview/tests/Feature/BookTest.php" tests="1" assertions="0" errors="1" failures="0" skipped="0" time="0.410217">
      <testcase name="testExample" class="Tests\Feature\BookTest" classname="Tests.Feature.BookTest" file="/var/www/html/Laravel-engineer-Interview/tests/Feature/BookTest.php" line="16" assertions="0" time="0.410217">
        <error type="Illuminate\Database\QueryException">Tests\Feature\BookTest::testExample
Illuminate\Database\QueryException: SQLSTATE[HY000]: General error: 1215 Cannot add foreign key constraint (SQL: alter table `book_author` add constraint `book_author_book_id_foreign` foreign key (`book_id`) references `books` (`id`) on delete cascade)

/var/www/html/Laravel-engineer-Interview/vendor/laravel/framework/src/Illuminate/Database/Connection.php:664
/var/www/html/Laravel-engineer-Interview/vendor/laravel/framework/src/Illuminate/Database/Connection.php:624
/var/www/html/Laravel-engineer-Interview/vendor/laravel/framework/src/Illuminate/Database/Connection.php:459
/var/www/html/Laravel-engineer-Interview/vendor/laravel/framework/src/Illuminate/Database/Schema/Blueprint.php:97
/var/www/html/Laravel-engineer-Interview/vendor/laravel/framework/src/Illuminate/Database/Schema/Builder.php:278
/var/www/html/Laravel-engineer-Interview/vendor/laravel/framework/src/Illuminate/Database/Schema/Builder.php:167
/var/www/html/Laravel-engineer-Interview/vendor/laravel/framework/src/Illuminate/Support/Facades/Facade.php:239
/var/www/html/Laravel-engineer-Interview/database/migrations/2019_05_07_000000_create_books_table.php:35
/var/www/html/Laravel-engineer-Interview/vendor/laravel/framework/src/Illuminate/Database/Migrations/Migrator.php:387
/var/www/html/Laravel-engineer-Interview/vendor/laravel/framework/src/Illuminate/Database/Migrations/Migrator.php:396
/var/www/html/Laravel-engineer-Interview/vendor/laravel/framework/src/Illuminate/Database/Migrations/Migrator.php:197
/var/www/html/Laravel-engineer-Interview/vendor/laravel/framework/src/Illuminate/Database/Migrations/Migrator.php:162
/var/www/html/Laravel-engineer-Interview/vendor/laravel/framework/src/Illuminate/Database/Migrations/Migrator.php:109
/var/www/html/Laravel-engineer-Interview/vendor/laravel/framework/src/Illuminate/Database/Console/Migrations/MigrateCommand.php:71
/var/www/html/Laravel-engineer-Interview/vendor/laravel/framework/src/Illuminate/Container/BoundMethod.php:32
/var/www/html/Laravel-engineer-Interview/vendor/laravel/framework/src/Illuminate/Container/BoundMethod.php:90
/var/www/html/Laravel-engineer-Interview/vendor/laravel/framework/src/Illuminate/Container/BoundMethod.php:34
/var/www/html/Laravel-engineer-Interview/vendor/laravel/framework/src/Illuminate/Container/Container.php:576
/var/www/html/Laravel-engineer-Interview/vendor/laravel/framework/src/Illuminate/Console/Command.php:183
/var/www/html/Laravel-engineer-Interview/vendor/symfony/console/Command/Command.php:255
/var/www/html/Laravel-engineer-Interview/vendor/laravel/framework/src/Illuminate/Console/Command.php:170
/var/www/html/Laravel-engineer-Interview/vendor/laravel/framework/src/Illuminate/Console/Command.php:198
/var/www/html/Laravel-engineer-Interview/vendor/laravel/framework/src/Illuminate/Database/Console/Migrations/FreshCommand.php:61
/var/www/html/Laravel-engineer-Interview/vendor/laravel/framework/src/Illuminate/Container/BoundMethod.php:32
/var/www/html/Laravel-engineer-Interview/vendor/laravel/framework/src/Illuminate/Container/BoundMethod.php:90
/var/www/html/Laravel-engineer-Interview/vendor/laravel/framework/src/Illuminate/Container/BoundMethod.php:34
/var/www/html/Laravel-engineer-Interview/vendor/laravel/framework/src/Illuminate/Container/Container.php:576
/var/www/html/Laravel-engineer-Interview/vendor/laravel/framework/src/Illuminate/Console/Command.php:183
/var/www/html/Laravel-engineer-Interview/vendor/symfony/console/Command/Command.php:255
/var/www/html/Laravel-engineer-Interview/vendor/laravel/framework/src/Illuminate/Console/Command.php:170
/var/www/html/Laravel-engineer-Interview/vendor/symfony/console/Application.php:934
/var/www/html/Laravel-engineer-Interview/vendor/symfony/console/Application.php:273
/var/www/html/Laravel-engineer-Interview/vendor/symfony/console/Application.php:149
/var/www/html/Laravel-engineer-Interview/vendor/laravel/framework/src/Illuminate/Console/Application.php:90
/var/www/html/Laravel-engineer-Interview/vendor/laravel/framework/src/Illuminate/Console/Application.php:182
/var/www/html/Laravel-engineer-Interview/vendor/laravel/framework/src/Illuminate/Foundation/Console/Kernel.php:275
/var/www/html/Laravel-engineer-Interview/vendor/laravel/framework/src/Illuminate/Foundation/Testing/PendingCommand.php:136
/var/www/html/Laravel-engineer-Interview/vendor/laravel/framework/src/Illuminate/Foundation/Testing/PendingCommand.php:220
/var/www/html/Laravel-engineer-Interview/vendor/laravel/framework/src/Illuminate/Foundation/Testing/Concerns/InteractsWithConsole.php:56
/var/www/html/Laravel-engineer-Interview/vendor/laravel/framework/src/Illuminate/Foundation/Testing/RefreshDatabase.php:55
/var/www/html/Laravel-engineer-Interview/vendor/laravel/framework/src/Illuminate/Foundation/Testing/RefreshDatabase.php:18
/var/www/html/Laravel-engineer-Interview/vendor/laravel/framework/src/Illuminate/Foundation/Testing/TestCase.php:114
/var/www/html/Laravel-engineer-Interview/vendor/laravel/framework/src/Illuminate/Foundation/Testing/TestCase.php:81
</error>
      </testcase>
    </testsuite>
  </testsuite>
</testsuites>
